===初始化随机旋翼实例===
===第1代进化完成
===当代最小功率为3112.7868936520913;对应实例参数为Rotor(Ropara(0.06595755315162584, 0.06, 0.07), Ropara(0.9334747276709817, 0.6, 1.0), Ropara(0.473069517490303, 0.10500000000000001, 0.9450000000000001), Ropara(-0.1671851677019745, -0.3490658503988659, 0.08726646259971647), Ropara(-0.347328851265826, -0.3490658503988659, 0.08726646259971647), Ropara(0.7751560336709623, 0.10500000000000001, 0.8400000000000001), fitness)===
===当代平均功率为9188.724095352844===

===第2代进化完成
===当代最小功率为2806.84950931959;对应实例参数为Rotor(Ropara(0.09629459742264865, 0.05, 0.1), Ropara(0.9884791052843379, 0.6, 1.0), Ropara(0.32243746478176866, 0.10500000000000001, 0.9450000000000001), Ropara(-0.10150406520669158, -0.3490658503988659, 0.08726646259971647), Ropara(-0.03109345136596875, -0.3490658503988659, 0.08726646259971647), Ropara(0.33329321604333084, 0.10500000000000001, 0.8400000000000001), fitness)===
===当代平均功率为9092.231638178982===

===第3代进化完成
===当代最小功率为2589.3716252009294;对应实例参数为Rotor(Ropara(0.08079112553869938, 0.05, 0.1), Ropara(0.8960325962334308, 0.6, 1.0), Ropara(0.5532027991013323, 0.10500000000000001, 0.9450000000000001), Ropara(-0.2685175072256045, -0.3490658503988659, 0.08726646259971647), Ropara(0.015474908157258105, -0.3490658503988659, 0.08726646259971647), Ropara(0.21086812717115705, 0.10500000000000001, 0.8400000000000001), fitness)===
===当代平均功率为8250.93626545821===

===第4代进化完成
===当代最小功率为2589.3716252009294;对应实例参数为Rotor(Ropara(0.08079112553869938, 0.05, 0.1), Ropara(0.8960325962334308, 0.6, 1.0), Ropara(0.5532027991013323, 0.10500000000000001, 0.9450000000000001), Ropara(-0.2685175072256045, -0.3490658503988659, 0.08726646259971647), Ropara(0.015474908157258105, -0.3490658503988659, 0.08726646259971647), Ropara(0.21086812717115705, 0.10500000000000001, 0.8400000000000001), fitness)===
===当代平均功率为8404.944188255442===

===第5代进化完成
===当代最小功率为2589.3716252009294;对应实例参数为Rotor(Ropara(0.08079112553869938, 0.05, 0.1), Ropara(0.8960325962334308, 0.6, 1.0), Ropara(0.5532027991013323, 0.10500000000000001, 0.9450000000000001), Ropara(-0.2685175072256045, -0.3490658503988659, 0.08726646259971647), Ropara(0.015474908157258105, -0.3490658503988659, 0.08726646259971647), Ropara(0.21086812717115705, 0.10500000000000001, 0.8400000000000001), fitness)===
===当代平均功率为8827.158009937362===

===第6代进化完成
===当代最小功率为2589.3716252009294;对应实例参数为Rotor(Ropara(0.08079112553869938, 0.05, 0.1), Ropara(0.8960325962334308, 0.6, 1.0), Ropara(0.5532027991013323, 0.10500000000000001, 0.9450000000000001), Ropara(-0.2685175072256045, -0.3490658503988659, 0.08726646259971647), Ropara(0.015474908157258105, -0.3490658503988659, 0.08726646259971647), Ropara(0.21086812717115705, 0.10500000000000001, 0.8400000000000001), fitness)===
===当代平均功率为8887.203555917253===

===第7代进化完成
===当代最小功率为2589.3716252009294;对应实例参数为Rotor(Ropara(0.08079112553869938, 0.05, 0.1), Ropara(0.8960325962334308, 0.6, 1.0), Ropara(0.5532027991013323, 0.10500000000000001, 0.9450000000000001), Ropara(-0.2685175072256045, -0.3490658503988659, 0.08726646259971647), Ropara(0.015474908157258105, -0.3490658503988659, 0.08726646259971647), Ropara(0.21086812717115705, 0.10500000000000001, 0.8400000000000001), fitness)===
===当代平均功率为8567.927613671307===

===第8代进化完成
===当代最小功率为2589.3716252009294;对应实例参数为Rotor(Ropara(0.08079112553869938, 0.05, 0.1), Ropara(0.8960325962334308, 0.6, 1.0), Ropara(0.5532027991013323, 0.10500000000000001, 0.9450000000000001), Ropara(-0.2685175072256045, -0.3490658503988659, 0.08726646259971647), Ropara(0.015474908157258105, -0.3490658503988659, 0.08726646259971647), Ropara(0.21086812717115705, 0.10500000000000001, 0.8400000000000001), fitness)===
===当代平均功率为8384.04754894367===

===第9代进化完成
===当代最小功率为2589.3716252009294;对应实例参数为Rotor(Ropara(0.08079112553869938, 0.05, 0.1), Ropara(0.8960325962334308, 0.6, 1.0), Ropara(0.5532027991013323, 0.10500000000000001, 0.9450000000000001), Ropara(-0.2685175072256045, -0.3490658503988659, 0.08726646259971647), Ropara(0.015474908157258105, -0.3490658503988659, 0.08726646259971647), Ropara(0.21086812717115705, 0.10500000000000001, 0.8400000000000001), fitness)===
===当代平均功率为8215.791634779027===

===第10代进化完成
===当代最小功率为2589.3716252009294;对应实例参数为Rotor(Ropara(0.08079112553869938, 0.05, 0.1), Ropara(0.8960325962334308, 0.6, 1.0), Ropara(0.5532027991013323, 0.10500000000000001, 0.9450000000000001), Ropara(-0.2685175072256045, -0.3490658503988659, 0.08726646259971647), Ropara(0.015474908157258105, -0.3490658503988659, 0.08726646259971647), Ropara(0.21086812717115705, 0.10500000000000001, 0.8400000000000001), fitness)===
===当代平均功率为8334.859323461653===

===第11代进化完成
===当代最小功率为2589.3716252009294;对应实例参数为Rotor(Ropara(0.08079112553869938, 0.05, 0.1), Ropara(0.8960325962334308, 0.6, 1.0), Ropara(0.5532027991013323, 0.10500000000000001, 0.9450000000000001), Ropara(-0.2685175072256045, -0.3490658503988659, 0.08726646259971647), Ropara(0.015474908157258105, -0.3490658503988659, 0.08726646259971647), Ropara(0.21086812717115705, 0.10500000000000001, 0.8400000000000001), fitness)===
===当代平均功率为7748.663841562643===

===第12代进化完成
===当代最小功率为2589.3716252009294;对应实例参数为Rotor(Ropara(0.08079112553869938, 0.05, 0.1), Ropara(0.8960325962334308, 0.6, 1.0), Ropara(0.5532027991013323, 0.10500000000000001, 0.9450000000000001), Ropara(-0.2685175072256045, -0.3490658503988659, 0.08726646259971647), Ropara(0.015474908157258105, -0.3490658503988659, 0.08726646259971647), Ropara(0.21086812717115705, 0.10500000000000001, 0.8400000000000001), fitness)===
===当代平均功率为9038.739577984717===

===第13代进化完成
===当代最小功率为2549.93862140695;对应实例参数为Rotor(Ropara(0.07896349787064863, 0.05, 0.1), Ropara(0.8566342673997418, 0.6, 1.0), Ropara(0.5715970855351264, 0.10500000000000001, 0.9450000000000001), Ropara(-0.27174886594417436, -0.3490658503988659, -0.08726646259971647), Ropara(-0.03560077007660702, -0.3490658503988659, -0.08726646259971647), Ropara(0.27852503075765234, 0.10500000000000001, 0.8400000000000001), fitness)===
===当代平均功率为8326.889062000979===

===第14代进化完成
===当代最小功率为2549.93862140695;对应实例参数为Rotor(Ropara(0.07896349787064863, 0.05, 0.1), Ropara(0.8566342673997418, 0.6, 1.0), Ropara(0.5715970855351264, 0.10500000000000001, 0.9450000000000001), Ropara(-0.27174886594417436, -0.3490658503988659, -0.08726646259971647), Ropara(-0.03560077007660702, -0.3490658503988659, -0.08726646259971647), Ropara(0.27852503075765234, 0.10500000000000001, 0.8400000000000001), fitness)===
===当代平均功率为8510.515331148083===

===第15代进化完成
===当代最小功率为2549.93862140695;对应实例参数为Rotor(Ropara(0.07896349787064863, 0.05, 0.1), Ropara(0.8566342673997418, 0.6, 1.0), Ropara(0.5715970855351264, 0.10500000000000001, 0.9450000000000001), Ropara(-0.27174886594417436, -0.3490658503988659, -0.08726646259971647), Ropara(-0.03560077007660702, -0.3490658503988659, -0.08726646259971647), Ropara(0.27852503075765234, 0.10500000000000001, 0.8400000000000001), fitness)===
===当代平均功率为8622.869938025096===

===第16代进化完成
===当代最小功率为2549.93862140695;对应实例参数为Rotor(Ropara(0.07896349787064863, 0.05, 0.1), Ropara(0.8566342673997418, 0.6, 1.0), Ropara(0.5715970855351264, 0.10500000000000001, 0.9450000000000001), Ropara(-0.27174886594417436, -0.3490658503988659, -0.08726646259971647), Ropara(-0.03560077007660702, -0.3490658503988659, -0.08726646259971647), Ropara(0.27852503075765234, 0.10500000000000001, 0.8400000000000001), fitness)===
===当代平均功率为8238.563500091836===

===第17代进化完成
===当代最小功率为2472.296320143968;对应实例参数为Rotor(Ropara(0.08317628644337427, 0.05, 0.1), Ropara(0.8192169142557935, 0.6, 1.0), Ropara(0.6261564483670359, 0.10500000000000001, 0.9450000000000001), Ropara(-0.262449312968414, -0.3490658503988659, -0.08726646259971647), Ropara(0.018857649262304092, -0.3490658503988659, -0.08726646259971647), Ropara(0.234469486784778, 0.10500000000000001, 0.8400000000000001), fitness)===
===当代平均功率为7432.187987660559===

===第18代进化完成
===当代最小功率为2472.296320143968;对应实例参数为Rotor(Ropara(0.08317628644337427, 0.05, 0.1), Ropara(0.8192169142557935, 0.6, 1.0), Ropara(0.6261564483670359, 0.10500000000000001, 0.9450000000000001), Ropara(-0.262449312968414, -0.3490658503988659, -0.08726646259971647), Ropara(0.018857649262304092, -0.3490658503988659, -0.08726646259971647), Ropara(0.234469486784778, 0.10500000000000001, 0.8400000000000001), fitness)===
===当代平均功率为7589.442354904549===

===第19代进化完成
===当代最小功率为2472.296320143968;对应实例参数为Rotor(Ropara(0.08317628644337427, 0.05, 0.1), Ropara(0.8192169142557935, 0.6, 1.0), Ropara(0.6261564483670359, 0.10500000000000001, 0.9450000000000001), Ropara(-0.262449312968414, -0.3490658503988659, -0.08726646259971647), Ropara(0.018857649262304092, -0.3490658503988659, -0.08726646259971647), Ropara(0.234469486784778, 0.10500000000000001, 0.8400000000000001), fitness)===
===当代平均功率为8196.523909662075===

===第20代进化完成
===当代最小功率为2472.296320143968;对应实例参数为Rotor(Ropara(0.08317628644337427, 0.05, 0.1), Ropara(0.8192169142557935, 0.6, 1.0), Ropara(0.6261564483670359, 0.10500000000000001, 0.9450000000000001), Ropara(-0.262449312968414, -0.3490658503988659, -0.08726646259971647), Ropara(0.018857649262304092, -0.3490658503988659, -0.08726646259971647), Ropara(0.234469486784778, 0.10500000000000001, 0.8400000000000001), fitness)===
===当代平均功率为7203.296919522587===

===第21代进化完成
===当代最小功率为2472.296320143968;对应实例参数为Rotor(Ropara(0.08317628644337427, 0.05, 0.1), Ropara(0.8192169142557935, 0.6, 1.0), Ropara(0.6261564483670359, 0.10500000000000001, 0.9450000000000001), Ropara(-0.262449312968414, -0.3490658503988659, -0.08726646259971647), Ropara(0.018857649262304092, -0.3490658503988659, -0.08726646259971647), Ropara(0.234469486784778, 0.10500000000000001, 0.8400000000000001), fitness)===
===当代平均功率为8395.300245973764===

===第22代进化完成
===当代最小功率为2472.296320143968;对应实例参数为Rotor(Ropara(0.08317628644337427, 0.05, 0.1), Ropara(0.8192169142557935, 0.6, 1.0), Ropara(0.6261564483670359, 0.10500000000000001, 0.9450000000000001), Ropara(-0.262449312968414, -0.3490658503988659, -0.08726646259971647), Ropara(0.018857649262304092, -0.3490658503988659, -0.08726646259971647), Ropara(0.234469486784778, 0.10500000000000001, 0.8400000000000001), fitness)===
===当代平均功率为8068.293753581946===

===第23代进化完成
===当代最小功率为2472.296320143968;对应实例参数为Rotor(Ropara(0.08317628644337427, 0.05, 0.1), Ropara(0.8192169142557935, 0.6, 1.0), Ropara(0.6261564483670359, 0.10500000000000001, 0.9450000000000001), Ropara(-0.262449312968414, -0.3490658503988659, -0.08726646259971647), Ropara(0.018857649262304092, -0.3490658503988659, -0.08726646259971647), Ropara(0.234469486784778, 0.10500000000000001, 0.8400000000000001), fitness)===
===当代平均功率为7682.171795309863===

===第24代进化完成
===当代最小功率为2472.296320143968;对应实例参数为Rotor(Ropara(0.08317628644337427, 0.05, 0.1), Ropara(0.8192169142557935, 0.6, 1.0), Ropara(0.6261564483670359, 0.10500000000000001, 0.9450000000000001), Ropara(-0.262449312968414, -0.3490658503988659, -0.08726646259971647), Ropara(0.018857649262304092, -0.3490658503988659, -0.08726646259971647), Ropara(0.234469486784778, 0.10500000000000001, 0.8400000000000001), fitness)===
===当代平均功率为7576.172730763643===

===第25代进化完成
===当代最小功率为2472.296320143968;对应实例参数为Rotor(Ropara(0.08317628644337427, 0.05, 0.1), Ropara(0.8192169142557935, 0.6, 1.0), Ropara(0.6261564483670359, 0.10500000000000001, 0.9450000000000001), Ropara(-0.262449312968414, -0.3490658503988659, -0.08726646259971647), Ropara(0.018857649262304092, -0.3490658503988659, -0.08726646259971647), Ropara(0.234469486784778, 0.10500000000000001, 0.8400000000000001), fitness)===
===当代平均功率为8113.915298383163===

===第26代进化完成
===当代最小功率为2472.296320143968;对应实例参数为Rotor(Ropara(0.08317628644337427, 0.05, 0.1), Ropara(0.8192169142557935, 0.6, 1.0), Ropara(0.6261564483670359, 0.10500000000000001, 0.9450000000000001), Ropara(-0.262449312968414, -0.3490658503988659, -0.08726646259971647), Ropara(0.018857649262304092, -0.3490658503988659, -0.08726646259971647), Ropara(0.234469486784778, 0.10500000000000001, 0.8400000000000001), fitness)===
===当代平均功率为8374.120304157535===

===第27代进化完成
===当代最小功率为2472.296320143968;对应实例参数为Rotor(Ropara(0.08317628644337427, 0.05, 0.1), Ropara(0.8192169142557935, 0.6, 1.0), Ropara(0.6261564483670359, 0.10500000000000001, 0.9450000000000001), Ropara(-0.262449312968414, -0.3490658503988659, -0.08726646259971647), Ropara(0.018857649262304092, -0.3490658503988659, -0.08726646259971647), Ropara(0.234469486784778, 0.10500000000000001, 0.8400000000000001), fitness)===
===当代平均功率为8056.1100019265095===

===第28代进化完成
===当代最小功率为2472.296320143968;对应实例参数为Rotor(Ropara(0.08317628644337427, 0.05, 0.1), Ropara(0.8192169142557935, 0.6, 1.0), Ropara(0.6261564483670359, 0.10500000000000001, 0.9450000000000001), Ropara(-0.262449312968414, -0.3490658503988659, -0.08726646259971647), Ropara(0.018857649262304092, -0.3490658503988659, -0.08726646259971647), Ropara(0.234469486784778, 0.10500000000000001, 0.8400000000000001), fitness)===
===当代平均功率为7812.872370493252===

===第29代进化完成
===当代最小功率为2472.296320143968;对应实例参数为Rotor(Ropara(0.08317628644337427, 0.05, 0.1), Ropara(0.8192169142557935, 0.6, 1.0), Ropara(0.6261564483670359, 0.10500000000000001, 0.9450000000000001), Ropara(-0.262449312968414, -0.3490658503988659, -0.08726646259971647), Ropara(0.018857649262304092, -0.3490658503988659, -0.08726646259971647), Ropara(0.234469486784778, 0.10500000000000001, 0.8400000000000001), fitness)===
===当代平均功率为8501.524474467182===

===第30代进化完成
===当代最小功率为2472.296320143968;对应实例参数为Rotor(Ropara(0.08317628644337427, 0.05, 0.1), Ropara(0.8192169142557935, 0.6, 1.0), Ropara(0.6261564483670359, 0.10500000000000001, 0.9450000000000001), Ropara(-0.262449312968414, -0.3490658503988659, -0.08726646259971647), Ropara(0.018857649262304092, -0.3490658503988659, -0.08726646259971647), Ropara(0.234469486784778, 0.10500000000000001, 0.8400000000000001), fitness)===
===当代平均功率为9102.512284285971===

===第31代进化完成
===当代最小功率为2472.296320143968;对应实例参数为Rotor(Ropara(0.08317628644337427, 0.05, 0.1), Ropara(0.8192169142557935, 0.6, 1.0), Ropara(0.6261564483670359, 0.10500000000000001, 0.9450000000000001), Ropara(-0.262449312968414, -0.3490658503988659, -0.08726646259971647), Ropara(0.018857649262304092, -0.3490658503988659, -0.08726646259971647), Ropara(0.234469486784778, 0.10500000000000001, 0.8400000000000001), fitness)===
===当代平均功率为7878.155638928053===

===第32代进化完成
===当代最小功率为2472.296320143968;对应实例参数为Rotor(Ropara(0.08317628644337427, 0.05, 0.1), Ropara(0.8192169142557935, 0.6, 1.0), Ropara(0.6261564483670359, 0.10500000000000001, 0.9450000000000001), Ropara(-0.262449312968414, -0.3490658503988659, -0.08726646259971647), Ropara(0.018857649262304092, -0.3490658503988659, -0.08726646259971647), Ropara(0.234469486784778, 0.10500000000000001, 0.8400000000000001), fitness)===
===当代平均功率为6561.050148181731===

===第33代进化完成
===当代最小功率为2472.296320143968;对应实例参数为Rotor(Ropara(0.08317628644337427, 0.05, 0.1), Ropara(0.8192169142557935, 0.6, 1.0), Ropara(0.6261564483670359, 0.10500000000000001, 0.9450000000000001), Ropara(-0.262449312968414, -0.3490658503988659, -0.08726646259971647), Ropara(0.018857649262304092, -0.3490658503988659, -0.08726646259971647), Ropara(0.234469486784778, 0.10500000000000001, 0.8400000000000001), fitness)===
===当代平均功率为6169.144199792344===

===第34代进化完成
===当代最小功率为2472.296320143968;对应实例参数为Rotor(Ropara(0.08317628644337427, 0.05, 0.1), Ropara(0.8192169142557935, 0.6, 1.0), Ropara(0.6261564483670359, 0.10500000000000001, 0.9450000000000001), Ropara(-0.262449312968414, -0.3490658503988659, -0.08726646259971647), Ropara(0.018857649262304092, -0.3490658503988659, -0.08726646259971647), Ropara(0.234469486784778, 0.10500000000000001, 0.8400000000000001), fitness)===
===当代平均功率为6360.02888440332===

===第35代进化完成
===当代最小功率为2472.296320143968;对应实例参数为Rotor(Ropara(0.08317628644337427, 0.05, 0.1), Ropara(0.8192169142557935, 0.6, 1.0), Ropara(0.6261564483670359, 0.10500000000000001, 0.9450000000000001), Ropara(-0.262449312968414, -0.3490658503988659, -0.08726646259971647), Ropara(0.018857649262304092, -0.3490658503988659, -0.08726646259971647), Ropara(0.234469486784778, 0.10500000000000001, 0.8400000000000001), fitness)===
===当代平均功率为7106.730850148102===

===第36代进化完成
===当代最小功率为2472.296320143968;对应实例参数为Rotor(Ropara(0.08317628644337427, 0.05, 0.1), Ropara(0.8192169142557935, 0.6, 1.0), Ropara(0.6261564483670359, 0.10500000000000001, 0.9450000000000001), Ropara(-0.262449312968414, -0.3490658503988659, -0.08726646259971647), Ropara(0.018857649262304092, -0.3490658503988659, -0.08726646259971647), Ropara(0.234469486784778, 0.10500000000000001, 0.8400000000000001), fitness)===
===当代平均功率为7363.606626571565===

===第37代进化完成
===当代最小功率为2472.296320143968;对应实例参数为Rotor(Ropara(0.08317628644337427, 0.05, 0.1), Ropara(0.8192169142557935, 0.6, 1.0), Ropara(0.6261564483670359, 0.10500000000000001, 0.9450000000000001), Ropara(-0.262449312968414, -0.3490658503988659, -0.08726646259971647), Ropara(0.018857649262304092, -0.3490658503988659, -0.08726646259971647), Ropara(0.234469486784778, 0.10500000000000001, 0.8400000000000001), fitness)===
===当代平均功率为7499.636661771022===

===第38代进化完成
===当代最小功率为2472.296320143968;对应实例参数为Rotor(Ropara(0.08317628644337427, 0.05, 0.1), Ropara(0.8192169142557935, 0.6, 1.0), Ropara(0.6261564483670359, 0.10500000000000001, 0.9450000000000001), Ropara(-0.262449312968414, -0.3490658503988659, -0.08726646259971647), Ropara(0.018857649262304092, -0.3490658503988659, -0.08726646259971647), Ropara(0.234469486784778, 0.10500000000000001, 0.8400000000000001), fitness)===
===当代平均功率为8213.823281475186===

===第39代进化完成
===当代最小功率为2472.296320143968;对应实例参数为Rotor(Ropara(0.08317628644337427, 0.05, 0.1), Ropara(0.8192169142557935, 0.6, 1.0), Ropara(0.6261564483670359, 0.10500000000000001, 0.9450000000000001), Ropara(-0.262449312968414, -0.3490658503988659, -0.08726646259971647), Ropara(0.018857649262304092, -0.3490658503988659, -0.08726646259971647), Ropara(0.234469486784778, 0.10500000000000001, 0.8400000000000001), fitness)===
===当代平均功率为6910.468610955206===

===第40代进化完成
===当代最小功率为2472.296320143968;对应实例参数为Rotor(Ropara(0.08317628644337427, 0.05, 0.1), Ropara(0.8192169142557935, 0.6, 1.0), Ropara(0.6261564483670359, 0.10500000000000001, 0.9450000000000001), Ropara(-0.262449312968414, -0.3490658503988659, -0.08726646259971647), Ropara(0.018857649262304092, -0.3490658503988659, -0.08726646259971647), Ropara(0.234469486784778, 0.10500000000000001, 0.8400000000000001), fitness)===
===当代平均功率为7718.226760150077===

===第41代进化完成
===当代最小功率为2472.296320143968;对应实例参数为Rotor(Ropara(0.08317628644337427, 0.05, 0.1), Ropara(0.8192169142557935, 0.6, 1.0), Ropara(0.6261564483670359, 0.10500000000000001, 0.9450000000000001), Ropara(-0.262449312968414, -0.3490658503988659, -0.08726646259971647), Ropara(0.018857649262304092, -0.3490658503988659, -0.08726646259971647), Ropara(0.234469486784778, 0.10500000000000001, 0.8400000000000001), fitness)===
===当代平均功率为7580.822794835445===

===第42代进化完成
===当代最小功率为2472.296320143968;对应实例参数为Rotor(Ropara(0.08317628644337427, 0.05, 0.1), Ropara(0.8192169142557935, 0.6, 1.0), Ropara(0.6261564483670359, 0.10500000000000001, 0.9450000000000001), Ropara(-0.262449312968414, -0.3490658503988659, -0.08726646259971647), Ropara(0.018857649262304092, -0.3490658503988659, -0.08726646259971647), Ropara(0.234469486784778, 0.10500000000000001, 0.8400000000000001), fitness)===
===当代平均功率为6722.053888418007===

===第43代进化完成
===当代最小功率为2472.296320143968;对应实例参数为Rotor(Ropara(0.08317628644337427, 0.05, 0.1), Ropara(0.8192169142557935, 0.6, 1.0), Ropara(0.6261564483670359, 0.10500000000000001, 0.9450000000000001), Ropara(-0.262449312968414, -0.3490658503988659, -0.08726646259971647), Ropara(0.018857649262304092, -0.3490658503988659, -0.08726646259971647), Ropara(0.234469486784778, 0.10500000000000001, 0.8400000000000001), fitness)===
===当代平均功率为6496.643689044277===

===第44代进化完成
===当代最小功率为2472.296320143968;对应实例参数为Rotor(Ropara(0.08317628644337427, 0.05, 0.1), Ropara(0.8192169142557935, 0.6, 1.0), Ropara(0.6261564483670359, 0.10500000000000001, 0.9450000000000001), Ropara(-0.262449312968414, -0.3490658503988659, -0.08726646259971647), Ropara(0.018857649262304092, -0.3490658503988659, -0.08726646259971647), Ropara(0.234469486784778, 0.10500000000000001, 0.8400000000000001), fitness)===
===当代平均功率为4712.065438021724===

===第45代进化完成
===当代最小功率为2472.296320143968;对应实例参数为Rotor(Ropara(0.08317628644337427, 0.05, 0.1), Ropara(0.8192169142557935, 0.6, 1.0), Ropara(0.6261564483670359, 0.10500000000000001, 0.9450000000000001), Ropara(-0.262449312968414, -0.3490658503988659, -0.08726646259971647), Ropara(0.018857649262304092, -0.3490658503988659, -0.08726646259971647), Ropara(0.234469486784778, 0.10500000000000001, 0.8400000000000001), fitness)===
===当代平均功率为4964.2134384490055===

===第46代进化完成
===当代最小功率为2472.296320143968;对应实例参数为Rotor(Ropara(0.08317628644337427, 0.05, 0.1), Ropara(0.8192169142557935, 0.6, 1.0), Ropara(0.6261564483670359, 0.10500000000000001, 0.9450000000000001), Ropara(-0.262449312968414, -0.3490658503988659, -0.08726646259971647), Ropara(0.018857649262304092, -0.3490658503988659, -0.08726646259971647), Ropara(0.234469486784778, 0.10500000000000001, 0.8400000000000001), fitness)===
===当代平均功率为4871.369763224795===

===第47代进化完成
===当代最小功率为2472.296320143968;对应实例参数为Rotor(Ropara(0.08317628644337427, 0.05, 0.1), Ropara(0.8192169142557935, 0.6, 1.0), Ropara(0.6261564483670359, 0.10500000000000001, 0.9450000000000001), Ropara(-0.262449312968414, -0.3490658503988659, -0.08726646259971647), Ropara(0.018857649262304092, -0.3490658503988659, -0.08726646259971647), Ropara(0.234469486784778, 0.10500000000000001, 0.8400000000000001), fitness)===
===当代平均功率为4516.147583359252===

===第48代进化完成
===当代最小功率为2472.296320143968;对应实例参数为Rotor(Ropara(0.08317628644337427, 0.05, 0.1), Ropara(0.8192169142557935, 0.6, 1.0), Ropara(0.6261564483670359, 0.10500000000000001, 0.9450000000000001), Ropara(-0.262449312968414, -0.3490658503988659, -0.08726646259971647), Ropara(0.018857649262304092, -0.3490658503988659, -0.08726646259971647), Ropara(0.234469486784778, 0.10500000000000001, 0.8400000000000001), fitness)===
===当代平均功率为5325.657538057838===

===第49代进化完成
===当代最小功率为2472.296320143968;对应实例参数为Rotor(Ropara(0.08317628644337427, 0.05, 0.1), Ropara(0.8192169142557935, 0.6, 1.0), Ropara(0.6261564483670359, 0.10500000000000001, 0.9450000000000001), Ropara(-0.262449312968414, -0.3490658503988659, -0.08726646259971647), Ropara(0.018857649262304092, -0.3490658503988659, -0.08726646259971647), Ropara(0.234469486784778, 0.10500000000000001, 0.8400000000000001), fitness)===
===当代平均功率为4575.501958600159===

===第50代进化完成
===当代最小功率为2472.296320143968;对应实例参数为Rotor(Ropara(0.08317628644337427, 0.05, 0.1), Ropara(0.8192169142557935, 0.6, 1.0), Ropara(0.6261564483670359, 0.10500000000000001, 0.9450000000000001), Ropara(-0.262449312968414, -0.3490658503988659, -0.08726646259971647), Ropara(0.018857649262304092, -0.3490658503988659, -0.08726646259971647), Ropara(0.234469486784778, 0.10500000000000001, 0.8400000000000001), fitness)===
===当代平均功率为4577.370661567434===

===第51代进化完成
===当代最小功率为2472.296320143968;对应实例参数为Rotor(Ropara(0.08317628644337427, 0.05, 0.1), Ropara(0.8192169142557935, 0.6, 1.0), Ropara(0.6261564483670359, 0.10500000000000001, 0.9450000000000001), Ropara(-0.262449312968414, -0.3490658503988659, -0.08726646259971647), Ropara(0.018857649262304092, -0.3490658503988659, -0.08726646259971647), Ropara(0.234469486784778, 0.10500000000000001, 0.8400000000000001), fitness)===
===当代平均功率为4475.787796907603===

===第52代进化完成
===当代最小功率为2472.296320143968;对应实例参数为Rotor(Ropara(0.08317628644337427, 0.05, 0.1), Ropara(0.8192169142557935, 0.6, 1.0), Ropara(0.6261564483670359, 0.10500000000000001, 0.9450000000000001), Ropara(-0.262449312968414, -0.3490658503988659, -0.08726646259971647), Ropara(0.018857649262304092, -0.3490658503988659, -0.08726646259971647), Ropara(0.234469486784778, 0.10500000000000001, 0.8400000000000001), fitness)===
===当代平均功率为4503.448207419534===

===第53代进化完成
===当代最小功率为2472.296320143968;对应实例参数为Rotor(Ropara(0.08317628644337427, 0.05, 0.1), Ropara(0.8192169142557935, 0.6, 1.0), Ropara(0.6261564483670359, 0.10500000000000001, 0.9450000000000001), Ropara(-0.262449312968414, -0.3490658503988659, -0.08726646259971647), Ropara(0.018857649262304092, -0.3490658503988659, -0.08726646259971647), Ropara(0.234469486784778, 0.10500000000000001, 0.8400000000000001), fitness)===
===当代平均功率为4866.373057589617===

===第54代进化完成
===当代最小功率为2472.296320143968;对应实例参数为Rotor(Ropara(0.08317628644337427, 0.05, 0.1), Ropara(0.8192169142557935, 0.6, 1.0), Ropara(0.6261564483670359, 0.10500000000000001, 0.9450000000000001), Ropara(-0.262449312968414, -0.3490658503988659, -0.08726646259971647), Ropara(0.018857649262304092, -0.3490658503988659, -0.08726646259971647), Ropara(0.234469486784778, 0.10500000000000001, 0.8400000000000001), fitness)===
===当代平均功率为4996.939551323724===

===第55代进化完成
===当代最小功率为2472.296320143968;对应实例参数为Rotor(Ropara(0.08317628644337427, 0.05, 0.1), Ropara(0.8192169142557935, 0.6, 1.0), Ropara(0.6261564483670359, 0.10500000000000001, 0.9450000000000001), Ropara(-0.262449312968414, -0.3490658503988659, -0.08726646259971647), Ropara(0.018857649262304092, -0.3490658503988659, -0.08726646259971647), Ropara(0.234469486784778, 0.10500000000000001, 0.8400000000000001), fitness)===
===当代平均功率为5355.549585569006===

===第56代进化完成
===当代最小功率为2472.296320143968;对应实例参数为Rotor(Ropara(0.08317628644337427, 0.05, 0.1), Ropara(0.8192169142557935, 0.6, 1.0), Ropara(0.6261564483670359, 0.10500000000000001, 0.9450000000000001), Ropara(-0.262449312968414, -0.3490658503988659, -0.08726646259971647), Ropara(0.018857649262304092, -0.3490658503988659, -0.08726646259971647), Ropara(0.234469486784778, 0.10500000000000001, 0.8400000000000001), fitness)===
===当代平均功率为4969.374316267823===

===第57代进化完成
===当代最小功率为2472.296320143968;对应实例参数为Rotor(Ropara(0.08317628644337427, 0.05, 0.1), Ropara(0.8192169142557935, 0.6, 1.0), Ropara(0.6261564483670359, 0.10500000000000001, 0.9450000000000001), Ropara(-0.262449312968414, -0.3490658503988659, -0.08726646259971647), Ropara(0.018857649262304092, -0.3490658503988659, -0.08726646259971647), Ropara(0.234469486784778, 0.10500000000000001, 0.8400000000000001), fitness)===
===当代平均功率为5243.198314230516===

===第58代进化完成
===当代最小功率为2472.296320143968;对应实例参数为Rotor(Ropara(0.08317628644337427, 0.05, 0.1), Ropara(0.8192169142557935, 0.6, 1.0), Ropara(0.6261564483670359, 0.10500000000000001, 0.9450000000000001), Ropara(-0.262449312968414, -0.3490658503988659, -0.08726646259971647), Ropara(0.018857649262304092, -0.3490658503988659, -0.08726646259971647), Ropara(0.234469486784778, 0.10500000000000001, 0.8400000000000001), fitness)===
===当代平均功率为5279.986574084721===

===第59代进化完成
===当代最小功率为2472.296320143968;对应实例参数为Rotor(Ropara(0.08317628644337427, 0.05, 0.1), Ropara(0.8192169142557935, 0.6, 1.0), Ropara(0.6261564483670359, 0.10500000000000001, 0.9450000000000001), Ropara(-0.262449312968414, -0.3490658503988659, -0.08726646259971647), Ropara(0.018857649262304092, -0.3490658503988659, -0.08726646259971647), Ropara(0.234469486784778, 0.10500000000000001, 0.8400000000000001), fitness)===
===当代平均功率为5007.172852186432===

===第60代进化完成
===当代最小功率为2472.296320143968;对应实例参数为Rotor(Ropara(0.08317628644337427, 0.05, 0.1), Ropara(0.8192169142557935, 0.6, 1.0), Ropara(0.6261564483670359, 0.10500000000000001, 0.9450000000000001), Ropara(-0.262449312968414, -0.3490658503988659, -0.08726646259971647), Ropara(0.018857649262304092, -0.3490658503988659, -0.08726646259971647), Ropara(0.234469486784778, 0.10500000000000001, 0.8400000000000001), fitness)===
===当代平均功率为4099.534211950392===

===第61代进化完成
===当代最小功率为2472.296320143968;对应实例参数为Rotor(Ropara(0.08317628644337427, 0.05, 0.1), Ropara(0.8192169142557935, 0.6, 1.0), Ropara(0.6261564483670359, 0.10500000000000001, 0.9450000000000001), Ropara(-0.262449312968414, -0.3490658503988659, -0.08726646259971647), Ropara(0.018857649262304092, -0.3490658503988659, -0.08726646259971647), Ropara(0.234469486784778, 0.10500000000000001, 0.8400000000000001), fitness)===
===当代平均功率为4700.654102281187===

===第62代进化完成
===当代最小功率为2472.296320143968;对应实例参数为Rotor(Ropara(0.08317628644337427, 0.05, 0.1), Ropara(0.8192169142557935, 0.6, 1.0), Ropara(0.6261564483670359, 0.10500000000000001, 0.9450000000000001), Ropara(-0.262449312968414, -0.3490658503988659, -0.08726646259971647), Ropara(0.018857649262304092, -0.3490658503988659, -0.08726646259971647), Ropara(0.234469486784778, 0.10500000000000001, 0.8400000000000001), fitness)===
===当代平均功率为4951.0018072289195===

===第63代进化完成
===当代最小功率为2472.296320143968;对应实例参数为Rotor(Ropara(0.08317628644337427, 0.05, 0.1), Ropara(0.8192169142557935, 0.6, 1.0), Ropara(0.6261564483670359, 0.10500000000000001, 0.9450000000000001), Ropara(-0.262449312968414, -0.3490658503988659, -0.08726646259971647), Ropara(0.018857649262304092, -0.3490658503988659, -0.08726646259971647), Ropara(0.234469486784778, 0.10500000000000001, 0.8400000000000001), fitness)===
===当代平均功率为4706.203687083029===

===第64代进化完成
===当代最小功率为2472.296320143968;对应实例参数为Rotor(Ropara(0.08317628644337427, 0.05, 0.1), Ropara(0.8192169142557935, 0.6, 1.0), Ropara(0.6261564483670359, 0.10500000000000001, 0.9450000000000001), Ropara(-0.262449312968414, -0.3490658503988659, -0.08726646259971647), Ropara(0.018857649262304092, -0.3490658503988659, -0.08726646259971647), Ropara(0.234469486784778, 0.10500000000000001, 0.8400000000000001), fitness)===
===当代平均功率为4453.335072547548===

===第65代进化完成
===当代最小功率为2472.296320143968;对应实例参数为Rotor(Ropara(0.08317628644337427, 0.05, 0.1), Ropara(0.8192169142557935, 0.6, 1.0), Ropara(0.6261564483670359, 0.10500000000000001, 0.9450000000000001), Ropara(-0.262449312968414, -0.3490658503988659, -0.08726646259971647), Ropara(0.018857649262304092, -0.3490658503988659, -0.08726646259971647), Ropara(0.234469486784778, 0.10500000000000001, 0.8400000000000001), fitness)===
===当代平均功率为5456.685806788903===

===第66代进化完成
===当代最小功率为2472.296320143968;对应实例参数为Rotor(Ropara(0.08317628644337427, 0.05, 0.1), Ropara(0.8192169142557935, 0.6, 1.0), Ropara(0.6261564483670359, 0.10500000000000001, 0.9450000000000001), Ropara(-0.262449312968414, -0.3490658503988659, -0.08726646259971647), Ropara(0.018857649262304092, -0.3490658503988659, -0.08726646259971647), Ropara(0.234469486784778, 0.10500000000000001, 0.8400000000000001), fitness)===
===当代平均功率为5087.785484401018===

===第67代进化完成
===当代最小功率为2472.296320143968;对应实例参数为Rotor(Ropara(0.08317628644337427, 0.05, 0.1), Ropara(0.8192169142557935, 0.6, 1.0), Ropara(0.6261564483670359, 0.10500000000000001, 0.9450000000000001), Ropara(-0.262449312968414, -0.3490658503988659, -0.08726646259971647), Ropara(0.018857649262304092, -0.3490658503988659, -0.08726646259971647), Ropara(0.234469486784778, 0.10500000000000001, 0.8400000000000001), fitness)===
===当代平均功率为4471.379561464862===

===第68代进化完成
===当代最小功率为2472.296320143968;对应实例参数为Rotor(Ropara(0.08317628644337427, 0.05, 0.1), Ropara(0.8192169142557935, 0.6, 1.0), Ropara(0.6261564483670359, 0.10500000000000001, 0.9450000000000001), Ropara(-0.262449312968414, -0.3490658503988659, -0.08726646259971647), Ropara(0.018857649262304092, -0.3490658503988659, -0.08726646259971647), Ropara(0.234469486784778, 0.10500000000000001, 0.8400000000000001), fitness)===
===当代平均功率为5213.771967561851===

===第69代进化完成
===当代最小功率为2472.296320143968;对应实例参数为Rotor(Ropara(0.08317628644337427, 0.05, 0.1), Ropara(0.8192169142557935, 0.6, 1.0), Ropara(0.6261564483670359, 0.10500000000000001, 0.9450000000000001), Ropara(-0.262449312968414, -0.3490658503988659, -0.08726646259971647), Ropara(0.018857649262304092, -0.3490658503988659, -0.08726646259971647), Ropara(0.234469486784778, 0.10500000000000001, 0.8400000000000001), fitness)===
===当代平均功率为5179.281521298008===

===第70代进化完成
===当代最小功率为2472.296320143968;对应实例参数为Rotor(Ropara(0.08317628644337427, 0.05, 0.1), Ropara(0.8192169142557935, 0.6, 1.0), Ropara(0.6261564483670359, 0.10500000000000001, 0.9450000000000001), Ropara(-0.262449312968414, -0.3490658503988659, -0.08726646259971647), Ropara(0.018857649262304092, -0.3490658503988659, -0.08726646259971647), Ropara(0.234469486784778, 0.10500000000000001, 0.8400000000000001), fitness)===
===当代平均功率为5206.522909647612===

===第71代进化完成
===当代最小功率为2472.296320143968;对应实例参数为Rotor(Ropara(0.08317628644337427, 0.05, 0.1), Ropara(0.8192169142557935, 0.6, 1.0), Ropara(0.6261564483670359, 0.10500000000000001, 0.9450000000000001), Ropara(-0.262449312968414, -0.3490658503988659, -0.08726646259971647), Ropara(0.018857649262304092, -0.3490658503988659, -0.08726646259971647), Ropara(0.234469486784778, 0.10500000000000001, 0.8400000000000001), fitness)===
===当代平均功率为5857.7962785528925===

===第72代进化完成
===当代最小功率为2472.296320143968;对应实例参数为Rotor(Ropara(0.08317628644337427, 0.05, 0.1), Ropara(0.8192169142557935, 0.6, 1.0), Ropara(0.6261564483670359, 0.10500000000000001, 0.9450000000000001), Ropara(-0.262449312968414, -0.3490658503988659, -0.08726646259971647), Ropara(0.018857649262304092, -0.3490658503988659, -0.08726646259971647), Ropara(0.234469486784778, 0.10500000000000001, 0.8400000000000001), fitness)===
===当代平均功率为5096.091988411582===

===第73代进化完成
===当代最小功率为2472.296320143968;对应实例参数为Rotor(Ropara(0.08317628644337427, 0.05, 0.1), Ropara(0.8192169142557935, 0.6, 1.0), Ropara(0.6261564483670359, 0.10500000000000001, 0.9450000000000001), Ropara(-0.262449312968414, -0.3490658503988659, -0.08726646259971647), Ropara(0.018857649262304092, -0.3490658503988659, -0.08726646259971647), Ropara(0.234469486784778, 0.10500000000000001, 0.8400000000000001), fitness)===
===当代平均功率为4793.893803599991===

===第74代进化完成
===当代最小功率为2472.296320143968;对应实例参数为Rotor(Ropara(0.08317628644337427, 0.05, 0.1), Ropara(0.8192169142557935, 0.6, 1.0), Ropara(0.6261564483670359, 0.10500000000000001, 0.9450000000000001), Ropara(-0.262449312968414, -0.3490658503988659, -0.08726646259971647), Ropara(0.018857649262304092, -0.3490658503988659, -0.08726646259971647), Ropara(0.234469486784778, 0.10500000000000001, 0.8400000000000001), fitness)===
===当代平均功率为4960.9731429418025===

===第75代进化完成
===当代最小功率为2472.296320143968;对应实例参数为Rotor(Ropara(0.08317628644337427, 0.05, 0.1), Ropara(0.8192169142557935, 0.6, 1.0), Ropara(0.6261564483670359, 0.10500000000000001, 0.9450000000000001), Ropara(-0.262449312968414, -0.3490658503988659, -0.08726646259971647), Ropara(0.018857649262304092, -0.3490658503988659, -0.08726646259971647), Ropara(0.234469486784778, 0.10500000000000001, 0.8400000000000001), fitness)===
===当代平均功率为4284.589819556599===

===第76代进化完成
===当代最小功率为2472.296320143968;对应实例参数为Rotor(Ropara(0.08317628644337427, 0.05, 0.1), Ropara(0.8192169142557935, 0.6, 1.0), Ropara(0.6261564483670359, 0.10500000000000001, 0.9450000000000001), Ropara(-0.262449312968414, -0.3490658503988659, -0.08726646259971647), Ropara(0.018857649262304092, -0.3490658503988659, -0.08726646259971647), Ropara(0.234469486784778, 0.10500000000000001, 0.8400000000000001), fitness)===
===当代平均功率为4557.957969957641===

===第77代进化完成
===当代最小功率为2472.296320143968;对应实例参数为Rotor(Ropara(0.08317628644337427, 0.05, 0.1), Ropara(0.8192169142557935, 0.6, 1.0), Ropara(0.6261564483670359, 0.10500000000000001, 0.9450000000000001), Ropara(-0.262449312968414, -0.3490658503988659, -0.08726646259971647), Ropara(0.018857649262304092, -0.3490658503988659, -0.08726646259971647), Ropara(0.234469486784778, 0.10500000000000001, 0.8400000000000001), fitness)===
===当代平均功率为5446.598976992299===

===第78代进化完成
===当代最小功率为2472.296320143968;对应实例参数为Rotor(Ropara(0.08317628644337427, 0.05, 0.1), Ropara(0.8192169142557935, 0.6, 1.0), Ropara(0.6261564483670359, 0.10500000000000001, 0.9450000000000001), Ropara(-0.262449312968414, -0.3490658503988659, -0.08726646259971647), Ropara(0.018857649262304092, -0.3490658503988659, -0.08726646259971647), Ropara(0.234469486784778, 0.10500000000000001, 0.8400000000000001), fitness)===
===当代平均功率为4293.28317675168===

===第79代进化完成
===当代最小功率为2472.296320143968;对应实例参数为Rotor(Ropara(0.08317628644337427, 0.05, 0.1), Ropara(0.8192169142557935, 0.6, 1.0), Ropara(0.6261564483670359, 0.10500000000000001, 0.9450000000000001), Ropara(-0.262449312968414, -0.3490658503988659, -0.08726646259971647), Ropara(0.018857649262304092, -0.3490658503988659, -0.08726646259971647), Ropara(0.234469486784778, 0.10500000000000001, 0.8400000000000001), fitness)===
===当代平均功率为5059.0280371769===

===第80代进化完成
===当代最小功率为2472.296320143968;对应实例参数为Rotor(Ropara(0.08317628644337427, 0.05, 0.1), Ropara(0.8192169142557935, 0.6, 1.0), Ropara(0.6261564483670359, 0.10500000000000001, 0.9450000000000001), Ropara(-0.262449312968414, -0.3490658503988659, -0.08726646259971647), Ropara(0.018857649262304092, -0.3490658503988659, -0.08726646259971647), Ropara(0.234469486784778, 0.10500000000000001, 0.8400000000000001), fitness)===
===当代平均功率为5392.977915289173===

===第81代进化完成
===当代最小功率为2472.296320143968;对应实例参数为Rotor(Ropara(0.08317628644337427, 0.05, 0.1), Ropara(0.8192169142557935, 0.6, 1.0), Ropara(0.6261564483670359, 0.10500000000000001, 0.9450000000000001), Ropara(-0.262449312968414, -0.3490658503988659, -0.08726646259971647), Ropara(0.018857649262304092, -0.3490658503988659, -0.08726646259971647), Ropara(0.234469486784778, 0.10500000000000001, 0.8400000000000001), fitness)===
===当代平均功率为4594.6954230608635===

===第82代进化完成
===当代最小功率为2472.296320143968;对应实例参数为Rotor(Ropara(0.08317628644337427, 0.05, 0.1), Ropara(0.8192169142557935, 0.6, 1.0), Ropara(0.6261564483670359, 0.10500000000000001, 0.9450000000000001), Ropara(-0.262449312968414, -0.3490658503988659, -0.08726646259971647), Ropara(0.018857649262304092, -0.3490658503988659, -0.08726646259971647), Ropara(0.234469486784778, 0.10500000000000001, 0.8400000000000001), fitness)===
===当代平均功率为4626.01954233928===

===第83代进化完成
===当代最小功率为2472.296320143968;对应实例参数为Rotor(Ropara(0.08317628644337427, 0.05, 0.1), Ropara(0.8192169142557935, 0.6, 1.0), Ropara(0.6261564483670359, 0.10500000000000001, 0.9450000000000001), Ropara(-0.262449312968414, -0.3490658503988659, -0.08726646259971647), Ropara(0.018857649262304092, -0.3490658503988659, -0.08726646259971647), Ropara(0.234469486784778, 0.10500000000000001, 0.8400000000000001), fitness)===
===当代平均功率为4723.6681016388175===

===第84代进化完成
===当代最小功率为2472.296320143968;对应实例参数为Rotor(Ropara(0.08317628644337427, 0.05, 0.1), Ropara(0.8192169142557935, 0.6, 1.0), Ropara(0.6261564483670359, 0.10500000000000001, 0.9450000000000001), Ropara(-0.262449312968414, -0.3490658503988659, -0.08726646259971647), Ropara(0.018857649262304092, -0.3490658503988659, -0.08726646259971647), Ropara(0.234469486784778, 0.10500000000000001, 0.8400000000000001), fitness)===
===当代平均功率为4906.419023977665===

===第85代进化完成
===当代最小功率为2472.296320143968;对应实例参数为Rotor(Ropara(0.08317628644337427, 0.05, 0.1), Ropara(0.8192169142557935, 0.6, 1.0), Ropara(0.6261564483670359, 0.10500000000000001, 0.9450000000000001), Ropara(-0.262449312968414, -0.3490658503988659, -0.08726646259971647), Ropara(0.018857649262304092, -0.3490658503988659, -0.08726646259971647), Ropara(0.234469486784778, 0.10500000000000001, 0.8400000000000001), fitness)===
===当代平均功率为5090.89890696147===

===第86代进化完成
===当代最小功率为2472.296320143968;对应实例参数为Rotor(Ropara(0.08317628644337427, 0.05, 0.1), Ropara(0.8192169142557935, 0.6, 1.0), Ropara(0.6261564483670359, 0.10500000000000001, 0.9450000000000001), Ropara(-0.262449312968414, -0.3490658503988659, -0.08726646259971647), Ropara(0.018857649262304092, -0.3490658503988659, -0.08726646259971647), Ropara(0.234469486784778, 0.10500000000000001, 0.8400000000000001), fitness)===
===当代平均功率为4889.944693611397===

===第87代进化完成
===当代最小功率为2472.296320143968;对应实例参数为Rotor(Ropara(0.08317628644337427, 0.05, 0.1), Ropara(0.8192169142557935, 0.6, 1.0), Ropara(0.6261564483670359, 0.10500000000000001, 0.9450000000000001), Ropara(-0.262449312968414, -0.3490658503988659, -0.08726646259971647), Ropara(0.018857649262304092, -0.3490658503988659, -0.08726646259971647), Ropara(0.234469486784778, 0.10500000000000001, 0.8400000000000001), fitness)===
===当代平均功率为5232.799399770226===

===第88代进化完成
===当代最小功率为2472.296320143968;对应实例参数为Rotor(Ropara(0.08317628644337427, 0.05, 0.1), Ropara(0.8192169142557935, 0.6, 1.0), Ropara(0.6261564483670359, 0.10500000000000001, 0.9450000000000001), Ropara(-0.262449312968414, -0.3490658503988659, -0.08726646259971647), Ropara(0.018857649262304092, -0.3490658503988659, -0.08726646259971647), Ropara(0.234469486784778, 0.10500000000000001, 0.8400000000000001), fitness)===
===当代平均功率为4806.460874172219===

===第89代进化完成
===当代最小功率为2472.296320143968;对应实例参数为Rotor(Ropara(0.08317628644337427, 0.05, 0.1), Ropara(0.8192169142557935, 0.6, 1.0), Ropara(0.6261564483670359, 0.10500000000000001, 0.9450000000000001), Ropara(-0.262449312968414, -0.3490658503988659, -0.08726646259971647), Ropara(0.018857649262304092, -0.3490658503988659, -0.08726646259971647), Ropara(0.234469486784778, 0.10500000000000001, 0.8400000000000001), fitness)===
===当代平均功率为3902.9797038182887===

===第90代进化完成
===当代最小功率为2472.296320143968;对应实例参数为Rotor(Ropara(0.08317628644337427, 0.05, 0.1), Ropara(0.8192169142557935, 0.6, 1.0), Ropara(0.6261564483670359, 0.10500000000000001, 0.9450000000000001), Ropara(-0.262449312968414, -0.3490658503988659, -0.08726646259971647), Ropara(0.018857649262304092, -0.3490658503988659, -0.08726646259971647), Ropara(0.234469486784778, 0.10500000000000001, 0.8400000000000001), fitness)===
===当代平均功率为5353.271985850616===

===第91代进化完成
===当代最小功率为2472.296320143968;对应实例参数为Rotor(Ropara(0.08317628644337427, 0.05, 0.1), Ropara(0.8192169142557935, 0.6, 1.0), Ropara(0.6261564483670359, 0.10500000000000001, 0.9450000000000001), Ropara(-0.262449312968414, -0.3490658503988659, -0.08726646259971647), Ropara(0.018857649262304092, -0.3490658503988659, -0.08726646259971647), Ropara(0.234469486784778, 0.10500000000000001, 0.8400000000000001), fitness)===
===当代平均功率为3907.9662004954234===

===第92代进化完成
===当代最小功率为2472.296320143968;对应实例参数为Rotor(Ropara(0.08317628644337427, 0.05, 0.1), Ropara(0.8192169142557935, 0.6, 1.0), Ropara(0.6261564483670359, 0.10500000000000001, 0.9450000000000001), Ropara(-0.262449312968414, -0.3490658503988659, -0.08726646259971647), Ropara(0.018857649262304092, -0.3490658503988659, -0.08726646259971647), Ropara(0.234469486784778, 0.10500000000000001, 0.8400000000000001), fitness)===
===当代平均功率为4128.543058198126===

===第93代进化完成
===当代最小功率为2472.296320143968;对应实例参数为Rotor(Ropara(0.08317628644337427, 0.05, 0.1), Ropara(0.8192169142557935, 0.6, 1.0), Ropara(0.6261564483670359, 0.10500000000000001, 0.9450000000000001), Ropara(-0.262449312968414, -0.3490658503988659, -0.08726646259971647), Ropara(0.018857649262304092, -0.3490658503988659, -0.08726646259971647), Ropara(0.234469486784778, 0.10500000000000001, 0.8400000000000001), fitness)===
===当代平均功率为5227.636099422552===

===第94代进化完成
===当代最小功率为2472.296320143968;对应实例参数为Rotor(Ropara(0.08317628644337427, 0.05, 0.1), Ropara(0.8192169142557935, 0.6, 1.0), Ropara(0.6261564483670359, 0.10500000000000001, 0.9450000000000001), Ropara(-0.262449312968414, -0.3490658503988659, -0.08726646259971647), Ropara(0.018857649262304092, -0.3490658503988659, -0.08726646259971647), Ropara(0.234469486784778, 0.10500000000000001, 0.8400000000000001), fitness)===
===当代平均功率为4368.175060970739===

===第95代进化完成
===当代最小功率为2472.296320143968;对应实例参数为Rotor(Ropara(0.08317628644337427, 0.05, 0.1), Ropara(0.8192169142557935, 0.6, 1.0), Ropara(0.6261564483670359, 0.10500000000000001, 0.9450000000000001), Ropara(-0.262449312968414, -0.3490658503988659, -0.08726646259971647), Ropara(0.018857649262304092, -0.3490658503988659, -0.08726646259971647), Ropara(0.234469486784778, 0.10500000000000001, 0.8400000000000001), fitness)===
===当代平均功率为4541.834091270013===

===第96代进化完成
===当代最小功率为2472.296320143968;对应实例参数为Rotor(Ropara(0.08317628644337427, 0.05, 0.1), Ropara(0.8192169142557935, 0.6, 1.0), Ropara(0.6261564483670359, 0.10500000000000001, 0.9450000000000001), Ropara(-0.262449312968414, -0.3490658503988659, -0.08726646259971647), Ropara(0.018857649262304092, -0.3490658503988659, -0.08726646259971647), Ropara(0.234469486784778, 0.10500000000000001, 0.8400000000000001), fitness)===
===当代平均功率为4024.6339274680354===

===第97代进化完成
===当代最小功率为2472.296320143968;对应实例参数为Rotor(Ropara(0.08317628644337427, 0.05, 0.1), Ropara(0.8192169142557935, 0.6, 1.0), Ropara(0.6261564483670359, 0.10500000000000001, 0.9450000000000001), Ropara(-0.262449312968414, -0.3490658503988659, -0.08726646259971647), Ropara(0.018857649262304092, -0.3490658503988659, -0.08726646259971647), Ropara(0.234469486784778, 0.10500000000000001, 0.8400000000000001), fitness)===
===当代平均功率为5120.66165848037===

===第98代进化完成
===当代最小功率为2472.296320143968;对应实例参数为Rotor(Ropara(0.08317628644337427, 0.05, 0.1), Ropara(0.8192169142557935, 0.6, 1.0), Ropara(0.6261564483670359, 0.10500000000000001, 0.9450000000000001), Ropara(-0.262449312968414, -0.3490658503988659, -0.08726646259971647), Ropara(0.018857649262304092, -0.3490658503988659, -0.08726646259971647), Ropara(0.234469486784778, 0.10500000000000001, 0.8400000000000001), fitness)===
===当代平均功率为4220.913188092398===

===第99代进化完成
===当代最小功率为2472.296320143968;对应实例参数为Rotor(Ropara(0.08317628644337427, 0.05, 0.1), Ropara(0.8192169142557935, 0.6, 1.0), Ropara(0.6261564483670359, 0.10500000000000001, 0.9450000000000001), Ropara(-0.262449312968414, -0.3490658503988659, -0.08726646259971647), Ropara(0.018857649262304092, -0.3490658503988659, -0.08726646259971647), Ropara(0.234469486784778, 0.10500000000000001, 0.8400000000000001), fitness)===
===当代平均功率为5110.087059941339===

===第100代进化完成
===当代最小功率为2472.296320143968;对应实例参数为Rotor(Ropara(0.08317628644337427, 0.05, 0.1), Ropara(0.8192169142557935, 0.6, 1.0), Ropara(0.6261564483670359, 0.10500000000000001, 0.9450000000000001), Ropara(-0.262449312968414, -0.3490658503988659, -0.08726646259971647), Ropara(0.018857649262304092, -0.3490658503988659, -0.08726646259971647), Ropara(0.234469486784778, 0.10500000000000001, 0.8400000000000001), fitness)===
===当代平均功率为4419.280082987086===

===第101代进化完成
===当代最小功率为2472.296320143968;对应实例参数为Rotor(Ropara(0.08317628644337427, 0.05, 0.1), Ropara(0.8192169142557935, 0.6, 1.0), Ropara(0.6261564483670359, 0.10500000000000001, 0.9450000000000001), Ropara(-0.262449312968414, -0.3490658503988659, -0.08726646259971647), Ropara(0.018857649262304092, -0.3490658503988659, -0.08726646259971647), Ropara(0.234469486784778, 0.10500000000000001, 0.8400000000000001), fitness)===
===当代平均功率为4458.005506932201===

===第102代进化完成
===当代最小功率为2472.296320143968;对应实例参数为Rotor(Ropara(0.08317628644337427, 0.05, 0.1), Ropara(0.8192169142557935, 0.6, 1.0), Ropara(0.6261564483670359, 0.10500000000000001, 0.9450000000000001), Ropara(-0.262449312968414, -0.3490658503988659, -0.08726646259971647), Ropara(0.018857649262304092, -0.3490658503988659, -0.08726646259971647), Ropara(0.234469486784778, 0.10500000000000001, 0.8400000000000001), fitness)===
===当代平均功率为4663.021588348224===

===第103代进化完成
===当代最小功率为2472.296320143968;对应实例参数为Rotor(Ropara(0.08317628644337427, 0.05, 0.1), Ropara(0.8192169142557935, 0.6, 1.0), Ropara(0.6261564483670359, 0.10500000000000001, 0.9450000000000001), Ropara(-0.262449312968414, -0.3490658503988659, -0.08726646259971647), Ropara(0.018857649262304092, -0.3490658503988659, -0.08726646259971647), Ropara(0.234469486784778, 0.10500000000000001, 0.8400000000000001), fitness)===
===当代平均功率为4179.16072427422===

===第104代进化完成
===当代最小功率为2472.296320143968;对应实例参数为Rotor(Ropara(0.08317628644337427, 0.05, 0.1), Ropara(0.8192169142557935, 0.6, 1.0), Ropara(0.6261564483670359, 0.10500000000000001, 0.9450000000000001), Ropara(-0.262449312968414, -0.3490658503988659, -0.08726646259971647), Ropara(0.018857649262304092, -0.3490658503988659, -0.08726646259971647), Ropara(0.234469486784778, 0.10500000000000001, 0.8400000000000001), fitness)===
===当代平均功率为4519.974449562199===

===第105代进化完成
===当代最小功率为2472.296320143968;对应实例参数为Rotor(Ropara(0.08317628644337427, 0.05, 0.1), Ropara(0.8192169142557935, 0.6, 1.0), Ropara(0.6261564483670359, 0.10500000000000001, 0.9450000000000001), Ropara(-0.262449312968414, -0.3490658503988659, -0.08726646259971647), Ropara(0.018857649262304092, -0.3490658503988659, -0.08726646259971647), Ropara(0.234469486784778, 0.10500000000000001, 0.8400000000000001), fitness)===
===当代平均功率为4435.461076182679===

===第106代进化完成
===当代最小功率为2472.296320143968;对应实例参数为Rotor(Ropara(0.08317628644337427, 0.05, 0.1), Ropara(0.8192169142557935, 0.6, 1.0), Ropara(0.6261564483670359, 0.10500000000000001, 0.9450000000000001), Ropara(-0.262449312968414, -0.3490658503988659, -0.08726646259971647), Ropara(0.018857649262304092, -0.3490658503988659, -0.08726646259971647), Ropara(0.234469486784778, 0.10500000000000001, 0.8400000000000001), fitness)===
===当代平均功率为5032.603227566531===

===第107代进化完成
===当代最小功率为2472.296320143968;对应实例参数为Rotor(Ropara(0.08317628644337427, 0.05, 0.1), Ropara(0.8192169142557935, 0.6, 1.0), Ropara(0.6261564483670359, 0.10500000000000001, 0.9450000000000001), Ropara(-0.262449312968414, -0.3490658503988659, -0.08726646259971647), Ropara(0.018857649262304092, -0.3490658503988659, -0.08726646259971647), Ropara(0.234469486784778, 0.10500000000000001, 0.8400000000000001), fitness)===
===当代平均功率为4142.242300235577===

===第108代进化完成
===当代最小功率为2472.296320143968;对应实例参数为Rotor(Ropara(0.08317628644337427, 0.05, 0.1), Ropara(0.8192169142557935, 0.6, 1.0), Ropara(0.6261564483670359, 0.10500000000000001, 0.9450000000000001), Ropara(-0.262449312968414, -0.3490658503988659, -0.08726646259971647), Ropara(0.018857649262304092, -0.3490658503988659, -0.08726646259971647), Ropara(0.234469486784778, 0.10500000000000001, 0.8400000000000001), fitness)===
===当代平均功率为4757.788817385668===

===第109代进化完成
===当代最小功率为2472.296320143968;对应实例参数为Rotor(Ropara(0.08317628644337427, 0.05, 0.1), Ropara(0.8192169142557935, 0.6, 1.0), Ropara(0.6261564483670359, 0.10500000000000001, 0.9450000000000001), Ropara(-0.262449312968414, -0.3490658503988659, -0.08726646259971647), Ropara(0.018857649262304092, -0.3490658503988659, -0.08726646259971647), Ropara(0.234469486784778, 0.10500000000000001, 0.8400000000000001), fitness)===
===当代平均功率为4939.680911057433===

===第110代进化完成
===当代最小功率为2472.296320143968;对应实例参数为Rotor(Ropara(0.08317628644337427, 0.05, 0.1), Ropara(0.8192169142557935, 0.6, 1.0), Ropara(0.6261564483670359, 0.10500000000000001, 0.9450000000000001), Ropara(-0.262449312968414, -0.3490658503988659, -0.08726646259971647), Ropara(0.018857649262304092, -0.3490658503988659, -0.08726646259971647), Ropara(0.234469486784778, 0.10500000000000001, 0.8400000000000001), fitness)===
===当代平均功率为4774.826011236636===

===第111代进化完成
===当代最小功率为2472.296320143968;对应实例参数为Rotor(Ropara(0.08317628644337427, 0.05, 0.1), Ropara(0.8192169142557935, 0.6, 1.0), Ropara(0.6261564483670359, 0.10500000000000001, 0.9450000000000001), Ropara(-0.262449312968414, -0.3490658503988659, -0.08726646259971647), Ropara(0.018857649262304092, -0.3490658503988659, -0.08726646259971647), Ropara(0.234469486784778, 0.10500000000000001, 0.8400000000000001), fitness)===
===当代平均功率为5017.336688092432===

===第112代进化完成
===当代最小功率为2472.296320143968;对应实例参数为Rotor(Ropara(0.08317628644337427, 0.05, 0.1), Ropara(0.8192169142557935, 0.6, 1.0), Ropara(0.6261564483670359, 0.10500000000000001, 0.9450000000000001), Ropara(-0.262449312968414, -0.3490658503988659, -0.08726646259971647), Ropara(0.018857649262304092, -0.3490658503988659, -0.08726646259971647), Ropara(0.234469486784778, 0.10500000000000001, 0.8400000000000001), fitness)===
===当代平均功率为4019.5894104941435===

===第113代进化完成
===当代最小功率为2472.296320143968;对应实例参数为Rotor(Ropara(0.08317628644337427, 0.05, 0.1), Ropara(0.8192169142557935, 0.6, 1.0), Ropara(0.6261564483670359, 0.10500000000000001, 0.9450000000000001), Ropara(-0.262449312968414, -0.3490658503988659, -0.08726646259971647), Ropara(0.018857649262304092, -0.3490658503988659, -0.08726646259971647), Ropara(0.234469486784778, 0.10500000000000001, 0.8400000000000001), fitness)===
===当代平均功率为4163.302033343163===

===第114代进化完成
===当代最小功率为2472.296320143968;对应实例参数为Rotor(Ropara(0.08317628644337427, 0.05, 0.1), Ropara(0.8192169142557935, 0.6, 1.0), Ropara(0.6261564483670359, 0.10500000000000001, 0.9450000000000001), Ropara(-0.262449312968414, -0.3490658503988659, -0.08726646259971647), Ropara(0.018857649262304092, -0.3490658503988659, -0.08726646259971647), Ropara(0.234469486784778, 0.10500000000000001, 0.8400000000000001), fitness)===
===当代平均功率为4255.709400375968===

===第115代进化完成
===当代最小功率为2472.296320143968;对应实例参数为Rotor(Ropara(0.08317628644337427, 0.05, 0.1), Ropara(0.8192169142557935, 0.6, 1.0), Ropara(0.6261564483670359, 0.10500000000000001, 0.9450000000000001), Ropara(-0.262449312968414, -0.3490658503988659, -0.08726646259971647), Ropara(0.018857649262304092, -0.3490658503988659, -0.08726646259971647), Ropara(0.234469486784778, 0.10500000000000001, 0.8400000000000001), fitness)===
===当代平均功率为4592.592866009455===

===第116代进化完成
===当代最小功率为2472.296320143968;对应实例参数为Rotor(Ropara(0.08317628644337427, 0.05, 0.1), Ropara(0.8192169142557935, 0.6, 1.0), Ropara(0.6261564483670359, 0.10500000000000001, 0.9450000000000001), Ropara(-0.262449312968414, -0.3490658503988659, -0.08726646259971647), Ropara(0.018857649262304092, -0.3490658503988659, -0.08726646259971647), Ropara(0.234469486784778, 0.10500000000000001, 0.8400000000000001), fitness)===
===当代平均功率为4650.267121596168===

===第117代进化完成
===当代最小功率为2472.296320143968;对应实例参数为Rotor(Ropara(0.08317628644337427, 0.05, 0.1), Ropara(0.8192169142557935, 0.6, 1.0), Ropara(0.6261564483670359, 0.10500000000000001, 0.9450000000000001), Ropara(-0.262449312968414, -0.3490658503988659, -0.08726646259971647), Ropara(0.018857649262304092, -0.3490658503988659, -0.08726646259971647), Ropara(0.234469486784778, 0.10500000000000001, 0.8400000000000001), fitness)===
===当代平均功率为4319.538179628527===

===第118代进化完成
===当代最小功率为2472.296320143968;对应实例参数为Rotor(Ropara(0.08317628644337427, 0.05, 0.1), Ropara(0.8192169142557935, 0.6, 1.0), Ropara(0.6261564483670359, 0.10500000000000001, 0.9450000000000001), Ropara(-0.262449312968414, -0.3490658503988659, -0.08726646259971647), Ropara(0.018857649262304092, -0.3490658503988659, -0.08726646259971647), Ropara(0.234469486784778, 0.10500000000000001, 0.8400000000000001), fitness)===
===当代平均功率为4326.97643037642===

===第119代进化完成
===当代最小功率为2472.296320143968;对应实例参数为Rotor(Ropara(0.08317628644337427, 0.05, 0.1), Ropara(0.8192169142557935, 0.6, 1.0), Ropara(0.6261564483670359, 0.10500000000000001, 0.9450000000000001), Ropara(-0.262449312968414, -0.3490658503988659, -0.08726646259971647), Ropara(0.018857649262304092, -0.3490658503988659, -0.08726646259971647), Ropara(0.234469486784778, 0.10500000000000001, 0.8400000000000001), fitness)===
===当代平均功率为4555.3057018224445===

===第120代进化完成
===当代最小功率为2472.296320143968;对应实例参数为Rotor(Ropara(0.08317628644337427, 0.05, 0.1), Ropara(0.8192169142557935, 0.6, 1.0), Ropara(0.6261564483670359, 0.10500000000000001, 0.9450000000000001), Ropara(-0.262449312968414, -0.3490658503988659, -0.08726646259971647), Ropara(0.018857649262304092, -0.3490658503988659, -0.08726646259971647), Ropara(0.234469486784778, 0.10500000000000001, 0.8400000000000001), fitness)===
===当代平均功率为4654.781685330712===

===第121代进化完成
===当代最小功率为2472.296320143968;对应实例参数为Rotor(Ropara(0.08317628644337427, 0.05, 0.1), Ropara(0.8192169142557935, 0.6, 1.0), Ropara(0.6261564483670359, 0.10500000000000001, 0.9450000000000001), Ropara(-0.262449312968414, -0.3490658503988659, -0.08726646259971647), Ropara(0.018857649262304092, -0.3490658503988659, -0.08726646259971647), Ropara(0.234469486784778, 0.10500000000000001, 0.8400000000000001), fitness)===
===当代平均功率为4715.154263042676===

===第122代进化完成
===当代最小功率为2472.296320143968;对应实例参数为Rotor(Ropara(0.08317628644337427, 0.05, 0.1), Ropara(0.8192169142557935, 0.6, 1.0), Ropara(0.6261564483670359, 0.10500000000000001, 0.9450000000000001), Ropara(-0.262449312968414, -0.3490658503988659, -0.08726646259971647), Ropara(0.018857649262304092, -0.3490658503988659, -0.08726646259971647), Ropara(0.234469486784778, 0.10500000000000001, 0.8400000000000001), fitness)===
===当代平均功率为4543.83126172018===

===第123代进化完成
===当代最小功率为2472.296320143968;对应实例参数为Rotor(Ropara(0.08317628644337427, 0.05, 0.1), Ropara(0.8192169142557935, 0.6, 1.0), Ropara(0.6261564483670359, 0.10500000000000001, 0.9450000000000001), Ropara(-0.262449312968414, -0.3490658503988659, -0.08726646259971647), Ropara(0.018857649262304092, -0.3490658503988659, -0.08726646259971647), Ropara(0.234469486784778, 0.10500000000000001, 0.8400000000000001), fitness)===
===当代平均功率为4620.408219220357===

===第124代进化完成
===当代最小功率为2472.296320143968;对应实例参数为Rotor(Ropara(0.08317628644337427, 0.05, 0.1), Ropara(0.8192169142557935, 0.6, 1.0), Ropara(0.6261564483670359, 0.10500000000000001, 0.9450000000000001), Ropara(-0.262449312968414, -0.3490658503988659, -0.08726646259971647), Ropara(0.018857649262304092, -0.3490658503988659, -0.08726646259971647), Ropara(0.234469486784778, 0.10500000000000001, 0.8400000000000001), fitness)===
===当代平均功率为4975.011858997824===

===第125代进化完成
===当代最小功率为2472.296320143968;对应实例参数为Rotor(Ropara(0.08317628644337427, 0.05, 0.1), Ropara(0.8192169142557935, 0.6, 1.0), Ropara(0.6261564483670359, 0.10500000000000001, 0.9450000000000001), Ropara(-0.262449312968414, -0.3490658503988659, -0.08726646259971647), Ropara(0.018857649262304092, -0.3490658503988659, -0.08726646259971647), Ropara(0.234469486784778, 0.10500000000000001, 0.8400000000000001), fitness)===
===当代平均功率为4690.805932753039===

===第126代进化完成
===当代最小功率为2472.296320143968;对应实例参数为Rotor(Ropara(0.08317628644337427, 0.05, 0.1), Ropara(0.8192169142557935, 0.6, 1.0), Ropara(0.6261564483670359, 0.10500000000000001, 0.9450000000000001), Ropara(-0.262449312968414, -0.3490658503988659, -0.08726646259971647), Ropara(0.018857649262304092, -0.3490658503988659, -0.08726646259971647), Ropara(0.234469486784778, 0.10500000000000001, 0.8400000000000001), fitness)===
===当代平均功率为3920.327007688148===

===第127代进化完成
===当代最小功率为2472.296320143968;对应实例参数为Rotor(Ropara(0.08317628644337427, 0.05, 0.1), Ropara(0.8192169142557935, 0.6, 1.0), Ropara(0.6261564483670359, 0.10500000000000001, 0.9450000000000001), Ropara(-0.262449312968414, -0.3490658503988659, -0.08726646259971647), Ropara(0.018857649262304092, -0.3490658503988659, -0.08726646259971647), Ropara(0.234469486784778, 0.10500000000000001, 0.8400000000000001), fitness)===
===当代平均功率为4309.669793510304===

===第128代进化完成
===当代最小功率为2472.296320143968;对应实例参数为Rotor(Ropara(0.08317628644337427, 0.05, 0.1), Ropara(0.8192169142557935, 0.6, 1.0), Ropara(0.6261564483670359, 0.10500000000000001, 0.9450000000000001), Ropara(-0.262449312968414, -0.3490658503988659, -0.08726646259971647), Ropara(0.018857649262304092, -0.3490658503988659, -0.08726646259971647), Ropara(0.234469486784778, 0.10500000000000001, 0.8400000000000001), fitness)===
===当代平均功率为3945.3982464610763===

===第129代进化完成
===当代最小功率为2472.296320143968;对应实例参数为Rotor(Ropara(0.08317628644337427, 0.05, 0.1), Ropara(0.8192169142557935, 0.6, 1.0), Ropara(0.6261564483670359, 0.10500000000000001, 0.9450000000000001), Ropara(-0.262449312968414, -0.3490658503988659, -0.08726646259971647), Ropara(0.018857649262304092, -0.3490658503988659, -0.08726646259971647), Ropara(0.234469486784778, 0.10500000000000001, 0.8400000000000001), fitness)===
===当代平均功率为5796.796711304813===

===第130代进化完成
===当代最小功率为2472.296320143968;对应实例参数为Rotor(Ropara(0.08317628644337427, 0.05, 0.1), Ropara(0.8192169142557935, 0.6, 1.0), Ropara(0.6261564483670359, 0.10500000000000001, 0.9450000000000001), Ropara(-0.262449312968414, -0.3490658503988659, -0.08726646259971647), Ropara(0.018857649262304092, -0.3490658503988659, -0.08726646259971647), Ropara(0.234469486784778, 0.10500000000000001, 0.8400000000000001), fitness)===
===当代平均功率为4306.433339782662===

===第131代进化完成
===当代最小功率为2472.296320143968;对应实例参数为Rotor(Ropara(0.08317628644337427, 0.05, 0.1), Ropara(0.8192169142557935, 0.6, 1.0), Ropara(0.6261564483670359, 0.10500000000000001, 0.9450000000000001), Ropara(-0.262449312968414, -0.3490658503988659, -0.08726646259971647), Ropara(0.018857649262304092, -0.3490658503988659, -0.08726646259971647), Ropara(0.234469486784778, 0.10500000000000001, 0.8400000000000001), fitness)===
===当代平均功率为5125.957242931872===

===第132代进化完成
===当代最小功率为2472.296320143968;对应实例参数为Rotor(Ropara(0.08317628644337427, 0.05, 0.1), Ropara(0.8192169142557935, 0.6, 1.0), Ropara(0.6261564483670359, 0.10500000000000001, 0.9450000000000001), Ropara(-0.262449312968414, -0.3490658503988659, -0.08726646259971647), Ropara(0.018857649262304092, -0.3490658503988659, -0.08726646259971647), Ropara(0.234469486784778, 0.10500000000000001, 0.8400000000000001), fitness)===
===当代平均功率为4257.8055706476935===

===第133代进化完成
===当代最小功率为2472.296320143968;对应实例参数为Rotor(Ropara(0.08317628644337427, 0.05, 0.1), Ropara(0.8192169142557935, 0.6, 1.0), Ropara(0.6261564483670359, 0.10500000000000001, 0.9450000000000001), Ropara(-0.262449312968414, -0.3490658503988659, -0.08726646259971647), Ropara(0.018857649262304092, -0.3490658503988659, -0.08726646259971647), Ropara(0.234469486784778, 0.10500000000000001, 0.8400000000000001), fitness)===
===当代平均功率为4396.493527570446===

===第134代进化完成
===当代最小功率为2472.296320143968;对应实例参数为Rotor(Ropara(0.08317628644337427, 0.05, 0.1), Ropara(0.8192169142557935, 0.6, 1.0), Ropara(0.6261564483670359, 0.10500000000000001, 0.9450000000000001), Ropara(-0.262449312968414, -0.3490658503988659, -0.08726646259971647), Ropara(0.018857649262304092, -0.3490658503988659, -0.08726646259971647), Ropara(0.234469486784778, 0.10500000000000001, 0.8400000000000001), fitness)===
===当代平均功率为5142.624392436597===

===第135代进化完成
===当代最小功率为2472.296320143968;对应实例参数为Rotor(Ropara(0.08317628644337427, 0.05, 0.1), Ropara(0.8192169142557935, 0.6, 1.0), Ropara(0.6261564483670359, 0.10500000000000001, 0.9450000000000001), Ropara(-0.262449312968414, -0.3490658503988659, -0.08726646259971647), Ropara(0.018857649262304092, -0.3490658503988659, -0.08726646259971647), Ropara(0.234469486784778, 0.10500000000000001, 0.8400000000000001), fitness)===
===当代平均功率为4012.5632615256654===

===第136代进化完成
===当代最小功率为2472.296320143968;对应实例参数为Rotor(Ropara(0.08317628644337427, 0.05, 0.1), Ropara(0.8192169142557935, 0.6, 1.0), Ropara(0.6261564483670359, 0.10500000000000001, 0.9450000000000001), Ropara(-0.262449312968414, -0.3490658503988659, -0.08726646259971647), Ropara(0.018857649262304092, -0.3490658503988659, -0.08726646259971647), Ropara(0.234469486784778, 0.10500000000000001, 0.8400000000000001), fitness)===
===当代平均功率为4524.37789564793===

===第137代进化完成
===当代最小功率为2472.296320143968;对应实例参数为Rotor(Ropara(0.08317628644337427, 0.05, 0.1), Ropara(0.8192169142557935, 0.6, 1.0), Ropara(0.6261564483670359, 0.10500000000000001, 0.9450000000000001), Ropara(-0.262449312968414, -0.3490658503988659, -0.08726646259971647), Ropara(0.018857649262304092, -0.3490658503988659, -0.08726646259971647), Ropara(0.234469486784778, 0.10500000000000001, 0.8400000000000001), fitness)===
===当代平均功率为4515.801296381367===

===第138代进化完成
===当代最小功率为2472.296320143968;对应实例参数为Rotor(Ropara(0.08317628644337427, 0.05, 0.1), Ropara(0.8192169142557935, 0.6, 1.0), Ropara(0.6261564483670359, 0.10500000000000001, 0.9450000000000001), Ropara(-0.262449312968414, -0.3490658503988659, -0.08726646259971647), Ropara(0.018857649262304092, -0.3490658503988659, -0.08726646259971647), Ropara(0.234469486784778, 0.10500000000000001, 0.8400000000000001), fitness)===
===当代平均功率为4337.907663438186===

===第139代进化完成
===当代最小功率为2472.296320143968;对应实例参数为Rotor(Ropara(0.08317628644337427, 0.05, 0.1), Ropara(0.8192169142557935, 0.6, 1.0), Ropara(0.6261564483670359, 0.10500000000000001, 0.9450000000000001), Ropara(-0.262449312968414, -0.3490658503988659, -0.08726646259971647), Ropara(0.018857649262304092, -0.3490658503988659, -0.08726646259971647), Ropara(0.234469486784778, 0.10500000000000001, 0.8400000000000001), fitness)===
===当代平均功率为4235.323794102268===

===第140代进化完成
===当代最小功率为2472.296320143968;对应实例参数为Rotor(Ropara(0.08317628644337427, 0.05, 0.1), Ropara(0.8192169142557935, 0.6, 1.0), Ropara(0.6261564483670359, 0.10500000000000001, 0.9450000000000001), Ropara(-0.262449312968414, -0.3490658503988659, -0.08726646259971647), Ropara(0.018857649262304092, -0.3490658503988659, -0.08726646259971647), Ropara(0.234469486784778, 0.10500000000000001, 0.8400000000000001), fitness)===
===当代平均功率为4041.1900954373355===

===第141代进化完成
===当代最小功率为2472.296320143968;对应实例参数为Rotor(Ropara(0.08317628644337427, 0.05, 0.1), Ropara(0.8192169142557935, 0.6, 1.0), Ropara(0.6261564483670359, 0.10500000000000001, 0.9450000000000001), Ropara(-0.262449312968414, -0.3490658503988659, -0.08726646259971647), Ropara(0.018857649262304092, -0.3490658503988659, -0.08726646259971647), Ropara(0.234469486784778, 0.10500000000000001, 0.8400000000000001), fitness)===
===当代平均功率为4009.435790816141===

===第142代进化完成
===当代最小功率为2472.296320143968;对应实例参数为Rotor(Ropara(0.08317628644337427, 0.05, 0.1), Ropara(0.8192169142557935, 0.6, 1.0), Ropara(0.6261564483670359, 0.10500000000000001, 0.9450000000000001), Ropara(-0.262449312968414, -0.3490658503988659, -0.08726646259971647), Ropara(0.018857649262304092, -0.3490658503988659, -0.08726646259971647), Ropara(0.234469486784778, 0.10500000000000001, 0.8400000000000001), fitness)===
===当代平均功率为4973.370198742343===

===第143代进化完成
===当代最小功率为2472.296320143968;对应实例参数为Rotor(Ropara(0.08317628644337427, 0.05, 0.1), Ropara(0.8192169142557935, 0.6, 1.0), Ropara(0.6261564483670359, 0.10500000000000001, 0.9450000000000001), Ropara(-0.262449312968414, -0.3490658503988659, -0.08726646259971647), Ropara(0.018857649262304092, -0.3490658503988659, -0.08726646259971647), Ropara(0.234469486784778, 0.10500000000000001, 0.8400000000000001), fitness)===
===当代平均功率为4307.854131814333===

===第144代进化完成
===当代最小功率为2472.296320143968;对应实例参数为Rotor(Ropara(0.08317628644337427, 0.05, 0.1), Ropara(0.8192169142557935, 0.6, 1.0), Ropara(0.6261564483670359, 0.10500000000000001, 0.9450000000000001), Ropara(-0.262449312968414, -0.3490658503988659, -0.08726646259971647), Ropara(0.018857649262304092, -0.3490658503988659, -0.08726646259971647), Ropara(0.234469486784778, 0.10500000000000001, 0.8400000000000001), fitness)===
===当代平均功率为4603.329591375066===

===第145代进化完成
===当代最小功率为2472.296320143968;对应实例参数为Rotor(Ropara(0.08317628644337427, 0.05, 0.1), Ropara(0.8192169142557935, 0.6, 1.0), Ropara(0.6261564483670359, 0.10500000000000001, 0.9450000000000001), Ropara(-0.262449312968414, -0.3490658503988659, -0.08726646259971647), Ropara(0.018857649262304092, -0.3490658503988659, -0.08726646259971647), Ropara(0.234469486784778, 0.10500000000000001, 0.8400000000000001), fitness)===
===当代平均功率为4692.037872591026===

===第146代进化完成
===当代最小功率为2472.296320143968;对应实例参数为Rotor(Ropara(0.08317628644337427, 0.05, 0.1), Ropara(0.8192169142557935, 0.6, 1.0), Ropara(0.6261564483670359, 0.10500000000000001, 0.9450000000000001), Ropara(-0.262449312968414, -0.3490658503988659, -0.08726646259971647), Ropara(0.018857649262304092, -0.3490658503988659, -0.08726646259971647), Ropara(0.234469486784778, 0.10500000000000001, 0.8400000000000001), fitness)===
===当代平均功率为3705.7203461269664===

===第147代进化完成
===当代最小功率为2472.296320143968;对应实例参数为Rotor(Ropara(0.08317628644337427, 0.05, 0.1), Ropara(0.8192169142557935, 0.6, 1.0), Ropara(0.6261564483670359, 0.10500000000000001, 0.9450000000000001), Ropara(-0.262449312968414, -0.3490658503988659, -0.08726646259971647), Ropara(0.018857649262304092, -0.3490658503988659, -0.08726646259971647), Ropara(0.234469486784778, 0.10500000000000001, 0.8400000000000001), fitness)===
===当代平均功率为3967.1964803007463===

===第148代进化完成
===当代最小功率为2472.296320143968;对应实例参数为Rotor(Ropara(0.08317628644337427, 0.05, 0.1), Ropara(0.8192169142557935, 0.6, 1.0), Ropara(0.6261564483670359, 0.10500000000000001, 0.9450000000000001), Ropara(-0.262449312968414, -0.3490658503988659, -0.08726646259971647), Ropara(0.018857649262304092, -0.3490658503988659, -0.08726646259971647), Ropara(0.234469486784778, 0.10500000000000001, 0.8400000000000001), fitness)===
===当代平均功率为4508.472981489764===

===第149代进化完成
===当代最小功率为2472.296320143968;对应实例参数为Rotor(Ropara(0.08317628644337427, 0.05, 0.1), Ropara(0.8192169142557935, 0.6, 1.0), Ropara(0.6261564483670359, 0.10500000000000001, 0.9450000000000001), Ropara(-0.262449312968414, -0.3490658503988659, -0.08726646259971647), Ropara(0.018857649262304092, -0.3490658503988659, -0.08726646259971647), Ropara(0.234469486784778, 0.10500000000000001, 0.8400000000000001), fitness)===
===当代平均功率为4100.185753963143===

===第150代进化完成
===当代最小功率为2472.296320143968;对应实例参数为Rotor(Ropara(0.08317628644337427, 0.05, 0.1), Ropara(0.8192169142557935, 0.6, 1.0), Ropara(0.6261564483670359, 0.10500000000000001, 0.9450000000000001), Ropara(-0.262449312968414, -0.3490658503988659, -0.08726646259971647), Ropara(0.018857649262304092, -0.3490658503988659, -0.08726646259971647), Ropara(0.234469486784778, 0.10500000000000001, 0.8400000000000001), fitness)===
===当代平均功率为4444.677483772561===

===第151代进化完成
===当代最小功率为2472.296320143968;对应实例参数为Rotor(Ropara(0.08317628644337427, 0.05, 0.1), Ropara(0.8192169142557935, 0.6, 1.0), Ropara(0.6261564483670359, 0.10500000000000001, 0.9450000000000001), Ropara(-0.262449312968414, -0.3490658503988659, -0.08726646259971647), Ropara(0.018857649262304092, -0.3490658503988659, -0.08726646259971647), Ropara(0.234469486784778, 0.10500000000000001, 0.8400000000000001), fitness)===
===当代平均功率为4436.30255988858===

===第152代进化完成
===当代最小功率为2472.296320143968;对应实例参数为Rotor(Ropara(0.08317628644337427, 0.05, 0.1), Ropara(0.8192169142557935, 0.6, 1.0), Ropara(0.6261564483670359, 0.10500000000000001, 0.9450000000000001), Ropara(-0.262449312968414, -0.3490658503988659, -0.08726646259971647), Ropara(0.018857649262304092, -0.3490658503988659, -0.08726646259971647), Ropara(0.234469486784778, 0.10500000000000001, 0.8400000000000001), fitness)===
===当代平均功率为4739.074197814408===

===第153代进化完成
===当代最小功率为2472.296320143968;对应实例参数为Rotor(Ropara(0.08317628644337427, 0.05, 0.1), Ropara(0.8192169142557935, 0.6, 1.0), Ropara(0.6261564483670359, 0.10500000000000001, 0.9450000000000001), Ropara(-0.262449312968414, -0.3490658503988659, -0.08726646259971647), Ropara(0.018857649262304092, -0.3490658503988659, -0.08726646259971647), Ropara(0.234469486784778, 0.10500000000000001, 0.8400000000000001), fitness)===
===当代平均功率为5356.904355672011===

===第154代进化完成
===当代最小功率为2472.296320143968;对应实例参数为Rotor(Ropara(0.08317628644337427, 0.05, 0.1), Ropara(0.8192169142557935, 0.6, 1.0), Ropara(0.6261564483670359, 0.10500000000000001, 0.9450000000000001), Ropara(-0.262449312968414, -0.3490658503988659, -0.08726646259971647), Ropara(0.018857649262304092, -0.3490658503988659, -0.08726646259971647), Ropara(0.234469486784778, 0.10500000000000001, 0.8400000000000001), fitness)===
===当代平均功率为4733.25627873411===

===第155代进化完成
===当代最小功率为2472.296320143968;对应实例参数为Rotor(Ropara(0.08317628644337427, 0.05, 0.1), Ropara(0.8192169142557935, 0.6, 1.0), Ropara(0.6261564483670359, 0.10500000000000001, 0.9450000000000001), Ropara(-0.262449312968414, -0.3490658503988659, -0.08726646259971647), Ropara(0.018857649262304092, -0.3490658503988659, -0.08726646259971647), Ropara(0.234469486784778, 0.10500000000000001, 0.8400000000000001), fitness)===
===当代平均功率为4371.454199826276===

===第156代进化完成
===当代最小功率为2472.296320143968;对应实例参数为Rotor(Ropara(0.08317628644337427, 0.05, 0.1), Ropara(0.8192169142557935, 0.6, 1.0), Ropara(0.6261564483670359, 0.10500000000000001, 0.9450000000000001), Ropara(-0.262449312968414, -0.3490658503988659, -0.08726646259971647), Ropara(0.018857649262304092, -0.3490658503988659, -0.08726646259971647), Ropara(0.234469486784778, 0.10500000000000001, 0.8400000000000001), fitness)===
===当代平均功率为4438.407988563628===

===第157代进化完成
===当代最小功率为2472.296320143968;对应实例参数为Rotor(Ropara(0.08317628644337427, 0.05, 0.1), Ropara(0.8192169142557935, 0.6, 1.0), Ropara(0.6261564483670359, 0.10500000000000001, 0.9450000000000001), Ropara(-0.262449312968414, -0.3490658503988659, -0.08726646259971647), Ropara(0.018857649262304092, -0.3490658503988659, -0.08726646259971647), Ropara(0.234469486784778, 0.10500000000000001, 0.8400000000000001), fitness)===
===当代平均功率为4946.784227467298===

===第158代进化完成
===当代最小功率为2472.296320143968;对应实例参数为Rotor(Ropara(0.08317628644337427, 0.05, 0.1), Ropara(0.8192169142557935, 0.6, 1.0), Ropara(0.6261564483670359, 0.10500000000000001, 0.9450000000000001), Ropara(-0.262449312968414, -0.3490658503988659, -0.08726646259971647), Ropara(0.018857649262304092, -0.3490658503988659, -0.08726646259971647), Ropara(0.234469486784778, 0.10500000000000001, 0.8400000000000001), fitness)===
===当代平均功率为4141.372238176613===

===第159代进化完成
===当代最小功率为2472.296320143968;对应实例参数为Rotor(Ropara(0.08317628644337427, 0.05, 0.1), Ropara(0.8192169142557935, 0.6, 1.0), Ropara(0.6261564483670359, 0.10500000000000001, 0.9450000000000001), Ropara(-0.262449312968414, -0.3490658503988659, -0.08726646259971647), Ropara(0.018857649262304092, -0.3490658503988659, -0.08726646259971647), Ropara(0.234469486784778, 0.10500000000000001, 0.8400000000000001), fitness)===
===当代平均功率为3598.6025812853045===

===第160代进化完成
===当代最小功率为2472.296320143968;对应实例参数为Rotor(Ropara(0.08317628644337427, 0.05, 0.1), Ropara(0.8192169142557935, 0.6, 1.0), Ropara(0.6261564483670359, 0.10500000000000001, 0.9450000000000001), Ropara(-0.262449312968414, -0.3490658503988659, -0.08726646259971647), Ropara(0.018857649262304092, -0.3490658503988659, -0.08726646259971647), Ropara(0.234469486784778, 0.10500000000000001, 0.8400000000000001), fitness)===
===当代平均功率为3972.4931608278584===

===第161代进化完成
===当代最小功率为2472.296320143968;对应实例参数为Rotor(Ropara(0.08317628644337427, 0.05, 0.1), Ropara(0.8192169142557935, 0.6, 1.0), Ropara(0.6261564483670359, 0.10500000000000001, 0.9450000000000001), Ropara(-0.262449312968414, -0.3490658503988659, -0.08726646259971647), Ropara(0.018857649262304092, -0.3490658503988659, -0.08726646259971647), Ropara(0.234469486784778, 0.10500000000000001, 0.8400000000000001), fitness)===
===当代平均功率为4853.080731432481===

===第162代进化完成
===当代最小功率为2472.296320143968;对应实例参数为Rotor(Ropara(0.08317628644337427, 0.05, 0.1), Ropara(0.8192169142557935, 0.6, 1.0), Ropara(0.6261564483670359, 0.10500000000000001, 0.9450000000000001), Ropara(-0.262449312968414, -0.3490658503988659, -0.08726646259971647), Ropara(0.018857649262304092, -0.3490658503988659, -0.08726646259971647), Ropara(0.234469486784778, 0.10500000000000001, 0.8400000000000001), fitness)===
===当代平均功率为4388.723142980158===

===第163代进化完成
===当代最小功率为2472.296320143968;对应实例参数为Rotor(Ropara(0.08317628644337427, 0.05, 0.1), Ropara(0.8192169142557935, 0.6, 1.0), Ropara(0.6261564483670359, 0.10500000000000001, 0.9450000000000001), Ropara(-0.262449312968414, -0.3490658503988659, -0.08726646259971647), Ropara(0.018857649262304092, -0.3490658503988659, -0.08726646259971647), Ropara(0.234469486784778, 0.10500000000000001, 0.8400000000000001), fitness)===
===当代平均功率为4414.4264127179995===

===第164代进化完成
===当代最小功率为2472.296320143968;对应实例参数为Rotor(Ropara(0.08317628644337427, 0.05, 0.1), Ropara(0.8192169142557935, 0.6, 1.0), Ropara(0.6261564483670359, 0.10500000000000001, 0.9450000000000001), Ropara(-0.262449312968414, -0.3490658503988659, -0.08726646259971647), Ropara(0.018857649262304092, -0.3490658503988659, -0.08726646259971647), Ropara(0.234469486784778, 0.10500000000000001, 0.8400000000000001), fitness)===
===当代平均功率为4269.109690914457===

===第165代进化完成
===当代最小功率为2472.296320143968;对应实例参数为Rotor(Ropara(0.08317628644337427, 0.05, 0.1), Ropara(0.8192169142557935, 0.6, 1.0), Ropara(0.6261564483670359, 0.10500000000000001, 0.9450000000000001), Ropara(-0.262449312968414, -0.3490658503988659, -0.08726646259971647), Ropara(0.018857649262304092, -0.3490658503988659, -0.08726646259971647), Ropara(0.234469486784778, 0.10500000000000001, 0.8400000000000001), fitness)===
===当代平均功率为4305.418002791597===

===第166代进化完成
===当代最小功率为2472.296320143968;对应实例参数为Rotor(Ropara(0.08317628644337427, 0.05, 0.1), Ropara(0.8192169142557935, 0.6, 1.0), Ropara(0.6261564483670359, 0.10500000000000001, 0.9450000000000001), Ropara(-0.262449312968414, -0.3490658503988659, -0.08726646259971647), Ropara(0.018857649262304092, -0.3490658503988659, -0.08726646259971647), Ropara(0.234469486784778, 0.10500000000000001, 0.8400000000000001), fitness)===
===当代平均功率为4443.568857452039===

===第167代进化完成
===当代最小功率为2472.296320143968;对应实例参数为Rotor(Ropara(0.08317628644337427, 0.05, 0.1), Ropara(0.8192169142557935, 0.6, 1.0), Ropara(0.6261564483670359, 0.10500000000000001, 0.9450000000000001), Ropara(-0.262449312968414, -0.3490658503988659, -0.08726646259971647), Ropara(0.018857649262304092, -0.3490658503988659, -0.08726646259971647), Ropara(0.234469486784778, 0.10500000000000001, 0.8400000000000001), fitness)===
===当代平均功率为3561.0084220679255===

===第168代进化完成
===当代最小功率为2472.296320143968;对应实例参数为Rotor(Ropara(0.08317628644337427, 0.05, 0.1), Ropara(0.8192169142557935, 0.6, 1.0), Ropara(0.6261564483670359, 0.10500000000000001, 0.9450000000000001), Ropara(-0.262449312968414, -0.3490658503988659, -0.08726646259971647), Ropara(0.018857649262304092, -0.3490658503988659, -0.08726646259971647), Ropara(0.234469486784778, 0.10500000000000001, 0.8400000000000001), fitness)===
===当代平均功率为4192.488258480895===

===第169代进化完成
===当代最小功率为2472.296320143968;对应实例参数为Rotor(Ropara(0.08317628644337427, 0.05, 0.1), Ropara(0.8192169142557935, 0.6, 1.0), Ropara(0.6261564483670359, 0.10500000000000001, 0.9450000000000001), Ropara(-0.262449312968414, -0.3490658503988659, -0.08726646259971647), Ropara(0.018857649262304092, -0.3490658503988659, -0.08726646259971647), Ropara(0.234469486784778, 0.10500000000000001, 0.8400000000000001), fitness)===
===当代平均功率为3929.782361483122===

===第170代进化完成
===当代最小功率为2472.296320143968;对应实例参数为Rotor(Ropara(0.08317628644337427, 0.05, 0.1), Ropara(0.8192169142557935, 0.6, 1.0), Ropara(0.6261564483670359, 0.10500000000000001, 0.9450000000000001), Ropara(-0.262449312968414, -0.3490658503988659, -0.08726646259971647), Ropara(0.018857649262304092, -0.3490658503988659, -0.08726646259971647), Ropara(0.234469486784778, 0.10500000000000001, 0.8400000000000001), fitness)===
===当代平均功率为4920.127646022597===

===第171代进化完成
===当代最小功率为2472.296320143968;对应实例参数为Rotor(Ropara(0.08317628644337427, 0.05, 0.1), Ropara(0.8192169142557935, 0.6, 1.0), Ropara(0.6261564483670359, 0.10500000000000001, 0.9450000000000001), Ropara(-0.262449312968414, -0.3490658503988659, -0.08726646259971647), Ropara(0.018857649262304092, -0.3490658503988659, -0.08726646259971647), Ropara(0.234469486784778, 0.10500000000000001, 0.8400000000000001), fitness)===
===当代平均功率为3699.2673494725977===

===第172代进化完成
===当代最小功率为2472.296320143968;对应实例参数为Rotor(Ropara(0.08317628644337427, 0.05, 0.1), Ropara(0.8192169142557935, 0.6, 1.0), Ropara(0.6261564483670359, 0.10500000000000001, 0.9450000000000001), Ropara(-0.262449312968414, -0.3490658503988659, -0.08726646259971647), Ropara(0.018857649262304092, -0.3490658503988659, -0.08726646259971647), Ropara(0.234469486784778, 0.10500000000000001, 0.8400000000000001), fitness)===
===当代平均功率为3931.424113997412===

===第173代进化完成
===当代最小功率为2472.296320143968;对应实例参数为Rotor(Ropara(0.08317628644337427, 0.05, 0.1), Ropara(0.8192169142557935, 0.6, 1.0), Ropara(0.6261564483670359, 0.10500000000000001, 0.9450000000000001), Ropara(-0.262449312968414, -0.3490658503988659, -0.08726646259971647), Ropara(0.018857649262304092, -0.3490658503988659, -0.08726646259971647), Ropara(0.234469486784778, 0.10500000000000001, 0.8400000000000001), fitness)===
===当代平均功率为3738.521730149776===

===第174代进化完成
===当代最小功率为2472.296320143968;对应实例参数为Rotor(Ropara(0.08317628644337427, 0.05, 0.1), Ropara(0.8192169142557935, 0.6, 1.0), Ropara(0.6261564483670359, 0.10500000000000001, 0.9450000000000001), Ropara(-0.262449312968414, -0.3490658503988659, -0.08726646259971647), Ropara(0.018857649262304092, -0.3490658503988659, -0.08726646259971647), Ropara(0.234469486784778, 0.10500000000000001, 0.8400000000000001), fitness)===
===当代平均功率为4143.478102532182===

===第175代进化完成
===当代最小功率为2472.296320143968;对应实例参数为Rotor(Ropara(0.08317628644337427, 0.05, 0.1), Ropara(0.8192169142557935, 0.6, 1.0), Ropara(0.6261564483670359, 0.10500000000000001, 0.9450000000000001), Ropara(-0.262449312968414, -0.3490658503988659, -0.08726646259971647), Ropara(0.018857649262304092, -0.3490658503988659, -0.08726646259971647), Ropara(0.234469486784778, 0.10500000000000001, 0.8400000000000001), fitness)===
===当代平均功率为4147.4582863572405===

===第176代进化完成
===当代最小功率为2472.296320143968;对应实例参数为Rotor(Ropara(0.08317628644337427, 0.05, 0.1), Ropara(0.8192169142557935, 0.6, 1.0), Ropara(0.6261564483670359, 0.10500000000000001, 0.9450000000000001), Ropara(-0.262449312968414, -0.3490658503988659, -0.08726646259971647), Ropara(0.018857649262304092, -0.3490658503988659, -0.08726646259971647), Ropara(0.234469486784778, 0.10500000000000001, 0.8400000000000001), fitness)===
===当代平均功率为4225.291130983474===

===第177代进化完成
===当代最小功率为2472.296320143968;对应实例参数为Rotor(Ropara(0.08317628644337427, 0.05, 0.1), Ropara(0.8192169142557935, 0.6, 1.0), Ropara(0.6261564483670359, 0.10500000000000001, 0.9450000000000001), Ropara(-0.262449312968414, -0.3490658503988659, -0.08726646259971647), Ropara(0.018857649262304092, -0.3490658503988659, -0.08726646259971647), Ropara(0.234469486784778, 0.10500000000000001, 0.8400000000000001), fitness)===
===当代平均功率为3678.110180857646===

===第178代进化完成
===当代最小功率为2472.296320143968;对应实例参数为Rotor(Ropara(0.08317628644337427, 0.05, 0.1), Ropara(0.8192169142557935, 0.6, 1.0), Ropara(0.6261564483670359, 0.10500000000000001, 0.9450000000000001), Ropara(-0.262449312968414, -0.3490658503988659, -0.08726646259971647), Ropara(0.018857649262304092, -0.3490658503988659, -0.08726646259971647), Ropara(0.234469486784778, 0.10500000000000001, 0.8400000000000001), fitness)===
===当代平均功率为4300.889434656866===

===第179代进化完成
===当代最小功率为2472.296320143968;对应实例参数为Rotor(Ropara(0.08317628644337427, 0.05, 0.1), Ropara(0.8192169142557935, 0.6, 1.0), Ropara(0.6261564483670359, 0.10500000000000001, 0.9450000000000001), Ropara(-0.262449312968414, -0.3490658503988659, -0.08726646259971647), Ropara(0.018857649262304092, -0.3490658503988659, -0.08726646259971647), Ropara(0.234469486784778, 0.10500000000000001, 0.8400000000000001), fitness)===
===当代平均功率为3690.362903029463===

===第180代进化完成
===当代最小功率为2472.296320143968;对应实例参数为Rotor(Ropara(0.08317628644337427, 0.05, 0.1), Ropara(0.8192169142557935, 0.6, 1.0), Ropara(0.6261564483670359, 0.10500000000000001, 0.9450000000000001), Ropara(-0.262449312968414, -0.3490658503988659, -0.08726646259971647), Ropara(0.018857649262304092, -0.3490658503988659, -0.08726646259971647), Ropara(0.234469486784778, 0.10500000000000001, 0.8400000000000001), fitness)===
===当代平均功率为3900.9656335333634===

===第181代进化完成
===当代最小功率为2472.296320143968;对应实例参数为Rotor(Ropara(0.08317628644337427, 0.05, 0.1), Ropara(0.8192169142557935, 0.6, 1.0), Ropara(0.6261564483670359, 0.10500000000000001, 0.9450000000000001), Ropara(-0.262449312968414, -0.3490658503988659, -0.08726646259971647), Ropara(0.018857649262304092, -0.3490658503988659, -0.08726646259971647), Ropara(0.234469486784778, 0.10500000000000001, 0.8400000000000001), fitness)===
===当代平均功率为4017.1859004242533===

===第182代进化完成
===当代最小功率为2472.296320143968;对应实例参数为Rotor(Ropara(0.08317628644337427, 0.05, 0.1), Ropara(0.8192169142557935, 0.6, 1.0), Ropara(0.6261564483670359, 0.10500000000000001, 0.9450000000000001), Ropara(-0.262449312968414, -0.3490658503988659, -0.08726646259971647), Ropara(0.018857649262304092, -0.3490658503988659, -0.08726646259971647), Ropara(0.234469486784778, 0.10500000000000001, 0.8400000000000001), fitness)===
===当代平均功率为4225.733725652364===

===第183代进化完成
===当代最小功率为2472.296320143968;对应实例参数为Rotor(Ropara(0.08317628644337427, 0.05, 0.1), Ropara(0.8192169142557935, 0.6, 1.0), Ropara(0.6261564483670359, 0.10500000000000001, 0.9450000000000001), Ropara(-0.262449312968414, -0.3490658503988659, -0.08726646259971647), Ropara(0.018857649262304092, -0.3490658503988659, -0.08726646259971647), Ropara(0.234469486784778, 0.10500000000000001, 0.8400000000000001), fitness)===
===当代平均功率为3948.4880761193726===

===第184代进化完成
===当代最小功率为2472.296320143968;对应实例参数为Rotor(Ropara(0.08317628644337427, 0.05, 0.1), Ropara(0.8192169142557935, 0.6, 1.0), Ropara(0.6261564483670359, 0.10500000000000001, 0.9450000000000001), Ropara(-0.262449312968414, -0.3490658503988659, -0.08726646259971647), Ropara(0.018857649262304092, -0.3490658503988659, -0.08726646259971647), Ropara(0.234469486784778, 0.10500000000000001, 0.8400000000000001), fitness)===
===当代平均功率为3331.073010852294===

===本次进化的总时间为：10468.269999980927秒===