===初始化随机旋翼实例===
===第1代进化完成
===当代最小功率为3534.755385753951;对应实例参数为Rotor(Ropara(0.06649005058147163, 0.06, 0.07), Ropara(0.9938289064470687, 0.6, 1.0), Ropara(0.30300126217660445, 0.10500000000000001, 0.9450000000000001), Ropara(-0.1980121073000544, -0.3490658503988659, 0.08726646259971647), Ropara(-0.017079044362468765, -0.3490658503988659, 0.08726646259971647), Ropara(0.21312232488155158, 0.10500000000000001, 0.8400000000000001), fitness)===
===当代平均功率为9259.616710010578===

===第2代进化完成
===当代最小功率为3118.3655498599983;对应实例参数为Rotor(Ropara(0.09726854181369005, 0.05, 0.1), Ropara(0.9030755953338419, 0.6, 1.0), Ropara(0.14943576762037866, 0.10500000000000001, 0.9450000000000001), Ropara(-0.026494728219117525, -0.3490658503988659, 0.08726646259971647), Ropara(-0.030066498227479588, -0.3490658503988659, 0.08726646259971647), Ropara(0.7572910317125332, 0.10500000000000001, 0.8400000000000001), fitness)===
===当代平均功率为9096.860144037331===

===第3代进化完成
===当代最小功率为3118.3655498599983;对应实例参数为Rotor(Ropara(0.09726854181369005, 0.05, 0.1), Ropara(0.9030755953338419, 0.6, 1.0), Ropara(0.14943576762037866, 0.10500000000000001, 0.9450000000000001), Ropara(-0.026494728219117525, -0.3490658503988659, 0.08726646259971647), Ropara(-0.030066498227479588, -0.3490658503988659, 0.08726646259971647), Ropara(0.7572910317125332, 0.10500000000000001, 0.8400000000000001), fitness)===
===当代平均功率为7654.539736630843===

===第4代进化完成
===当代最小功率为3118.3655498599983;对应实例参数为Rotor(Ropara(0.09726854181369005, 0.05, 0.1), Ropara(0.9030755953338419, 0.6, 1.0), Ropara(0.14943576762037866, 0.10500000000000001, 0.9450000000000001), Ropara(-0.026494728219117525, -0.3490658503988659, 0.08726646259971647), Ropara(-0.030066498227479588, -0.3490658503988659, 0.08726646259971647), Ropara(0.7572910317125332, 0.10500000000000001, 0.8400000000000001), fitness)===
===当代平均功率为7278.276260274===

===第5代进化完成
===当代最小功率为3118.3655498599983;对应实例参数为Rotor(Ropara(0.09726854181369005, 0.05, 0.1), Ropara(0.9030755953338419, 0.6, 1.0), Ropara(0.14943576762037866, 0.10500000000000001, 0.9450000000000001), Ropara(-0.026494728219117525, -0.3490658503988659, 0.08726646259971647), Ropara(-0.030066498227479588, -0.3490658503988659, 0.08726646259971647), Ropara(0.7572910317125332, 0.10500000000000001, 0.8400000000000001), fitness)===
===当代平均功率为7261.064680867482===

===第6代进化完成
===当代最小功率为2871.393339578712;对应实例参数为Rotor(Ropara(0.09911071081019941, 0.05, 0.1), Ropara(0.9695126370439511, 0.6, 1.0), Ropara(0.6014216521018696, 0.10500000000000001, 0.9450000000000001), Ropara(-0.03977923219219215, -0.3490658503988659, 0.08726646259971647), Ropara(0.07285104899357009, -0.3490658503988659, 0.08726646259971647), Ropara(0.1774657618276399, 0.10500000000000001, 0.8400000000000001), fitness)===
===当代平均功率为7234.216996123772===

===第7代进化完成
===当代最小功率为2871.393339578712;对应实例参数为Rotor(Ropara(0.09911071081019941, 0.05, 0.1), Ropara(0.9695126370439511, 0.6, 1.0), Ropara(0.6014216521018696, 0.10500000000000001, 0.9450000000000001), Ropara(-0.03977923219219215, -0.3490658503988659, 0.08726646259971647), Ropara(0.07285104899357009, -0.3490658503988659, 0.08726646259971647), Ropara(0.1774657618276399, 0.10500000000000001, 0.8400000000000001), fitness)===
===当代平均功率为6943.577186784232===

===第8代进化完成
===当代最小功率为2871.393339578712;对应实例参数为Rotor(Ropara(0.09911071081019941, 0.05, 0.1), Ropara(0.9695126370439511, 0.6, 1.0), Ropara(0.6014216521018696, 0.10500000000000001, 0.9450000000000001), Ropara(-0.03977923219219215, -0.3490658503988659, 0.08726646259971647), Ropara(0.07285104899357009, -0.3490658503988659, 0.08726646259971647), Ropara(0.1774657618276399, 0.10500000000000001, 0.8400000000000001), fitness)===
===当代平均功率为6264.451054409431===

===第9代进化完成
===当代最小功率为2871.393339578712;对应实例参数为Rotor(Ropara(0.09911071081019941, 0.05, 0.1), Ropara(0.9695126370439511, 0.6, 1.0), Ropara(0.6014216521018696, 0.10500000000000001, 0.9450000000000001), Ropara(-0.03977923219219215, -0.3490658503988659, 0.08726646259971647), Ropara(0.07285104899357009, -0.3490658503988659, 0.08726646259971647), Ropara(0.1774657618276399, 0.10500000000000001, 0.8400000000000001), fitness)===
===当代平均功率为4742.316560626375===

===第10代进化完成
===当代最小功率为2871.393339578712;对应实例参数为Rotor(Ropara(0.09911071081019941, 0.05, 0.1), Ropara(0.9695126370439511, 0.6, 1.0), Ropara(0.6014216521018696, 0.10500000000000001, 0.9450000000000001), Ropara(-0.03977923219219215, -0.3490658503988659, 0.08726646259971647), Ropara(0.07285104899357009, -0.3490658503988659, 0.08726646259971647), Ropara(0.1774657618276399, 0.10500000000000001, 0.8400000000000001), fitness)===
===当代平均功率为5712.934671311554===

===第11代进化完成
===当代最小功率为2871.393339578712;对应实例参数为Rotor(Ropara(0.09911071081019941, 0.05, 0.1), Ropara(0.9695126370439511, 0.6, 1.0), Ropara(0.6014216521018696, 0.10500000000000001, 0.9450000000000001), Ropara(-0.03977923219219215, -0.3490658503988659, 0.08726646259971647), Ropara(0.07285104899357009, -0.3490658503988659, 0.08726646259971647), Ropara(0.1774657618276399, 0.10500000000000001, 0.8400000000000001), fitness)===
===当代平均功率为5638.282419960811===

===第12代进化完成
===当代最小功率为2871.393339578712;对应实例参数为Rotor(Ropara(0.09911071081019941, 0.05, 0.1), Ropara(0.9695126370439511, 0.6, 1.0), Ropara(0.6014216521018696, 0.10500000000000001, 0.9450000000000001), Ropara(-0.03977923219219215, -0.3490658503988659, 0.08726646259971647), Ropara(0.07285104899357009, -0.3490658503988659, 0.08726646259971647), Ropara(0.1774657618276399, 0.10500000000000001, 0.8400000000000001), fitness)===
===当代平均功率为5541.51011635473===

===第13代进化完成
===当代最小功率为2871.393339578712;对应实例参数为Rotor(Ropara(0.09911071081019941, 0.05, 0.1), Ropara(0.9695126370439511, 0.6, 1.0), Ropara(0.6014216521018696, 0.10500000000000001, 0.9450000000000001), Ropara(-0.03977923219219215, -0.3490658503988659, 0.08726646259971647), Ropara(0.07285104899357009, -0.3490658503988659, 0.08726646259971647), Ropara(0.1774657618276399, 0.10500000000000001, 0.8400000000000001), fitness)===
===当代平均功率为4893.905351758755===

===第14代进化完成
===当代最小功率为2871.393339578712;对应实例参数为Rotor(Ropara(0.09911071081019941, 0.05, 0.1), Ropara(0.9695126370439511, 0.6, 1.0), Ropara(0.6014216521018696, 0.10500000000000001, 0.9450000000000001), Ropara(-0.03977923219219215, -0.3490658503988659, 0.08726646259971647), Ropara(0.07285104899357009, -0.3490658503988659, 0.08726646259971647), Ropara(0.1774657618276399, 0.10500000000000001, 0.8400000000000001), fitness)===
===当代平均功率为5596.618805513748===

===第15代进化完成
===当代最小功率为2871.393339578712;对应实例参数为Rotor(Ropara(0.09911071081019941, 0.05, 0.1), Ropara(0.9695126370439511, 0.6, 1.0), Ropara(0.6014216521018696, 0.10500000000000001, 0.9450000000000001), Ropara(-0.03977923219219215, -0.3490658503988659, 0.08726646259971647), Ropara(0.07285104899357009, -0.3490658503988659, 0.08726646259971647), Ropara(0.1774657618276399, 0.10500000000000001, 0.8400000000000001), fitness)===
===当代平均功率为5577.141753398155===

===第16代进化完成
===当代最小功率为2871.393339578712;对应实例参数为Rotor(Ropara(0.09911071081019941, 0.05, 0.1), Ropara(0.9695126370439511, 0.6, 1.0), Ropara(0.6014216521018696, 0.10500000000000001, 0.9450000000000001), Ropara(-0.03977923219219215, -0.3490658503988659, 0.08726646259971647), Ropara(0.07285104899357009, -0.3490658503988659, 0.08726646259971647), Ropara(0.1774657618276399, 0.10500000000000001, 0.8400000000000001), fitness)===
===当代平均功率为5159.642001150803===

===第17代进化完成
===当代最小功率为2871.393339578712;对应实例参数为Rotor(Ropara(0.09911071081019941, 0.05, 0.1), Ropara(0.9695126370439511, 0.6, 1.0), Ropara(0.6014216521018696, 0.10500000000000001, 0.9450000000000001), Ropara(-0.03977923219219215, -0.3490658503988659, 0.08726646259971647), Ropara(0.07285104899357009, -0.3490658503988659, 0.08726646259971647), Ropara(0.1774657618276399, 0.10500000000000001, 0.8400000000000001), fitness)===
===当代平均功率为4840.511551897789===

===第18代进化完成
===当代最小功率为2871.393339578712;对应实例参数为Rotor(Ropara(0.09911071081019941, 0.05, 0.1), Ropara(0.9695126370439511, 0.6, 1.0), Ropara(0.6014216521018696, 0.10500000000000001, 0.9450000000000001), Ropara(-0.03977923219219215, -0.3490658503988659, 0.08726646259971647), Ropara(0.07285104899357009, -0.3490658503988659, 0.08726646259971647), Ropara(0.1774657618276399, 0.10500000000000001, 0.8400000000000001), fitness)===
===当代平均功率为5368.152699760528===

===第19代进化完成
===当代最小功率为2871.393339578712;对应实例参数为Rotor(Ropara(0.09911071081019941, 0.05, 0.1), Ropara(0.9695126370439511, 0.6, 1.0), Ropara(0.6014216521018696, 0.10500000000000001, 0.9450000000000001), Ropara(-0.03977923219219215, -0.3490658503988659, 0.08726646259971647), Ropara(0.07285104899357009, -0.3490658503988659, 0.08726646259971647), Ropara(0.1774657618276399, 0.10500000000000001, 0.8400000000000001), fitness)===
===当代平均功率为5303.584694495095===

===第20代进化完成
===当代最小功率为2871.393339578712;对应实例参数为Rotor(Ropara(0.09911071081019941, 0.05, 0.1), Ropara(0.9695126370439511, 0.6, 1.0), Ropara(0.6014216521018696, 0.10500000000000001, 0.9450000000000001), Ropara(-0.03977923219219215, -0.3490658503988659, 0.08726646259971647), Ropara(0.07285104899357009, -0.3490658503988659, 0.08726646259971647), Ropara(0.1774657618276399, 0.10500000000000001, 0.8400000000000001), fitness)===
===当代平均功率为4516.773678294068===

===第21代进化完成
===当代最小功率为2871.393339578712;对应实例参数为Rotor(Ropara(0.09911071081019941, 0.05, 0.1), Ropara(0.9695126370439511, 0.6, 1.0), Ropara(0.6014216521018696, 0.10500000000000001, 0.9450000000000001), Ropara(-0.03977923219219215, -0.3490658503988659, 0.08726646259971647), Ropara(0.07285104899357009, -0.3490658503988659, 0.08726646259971647), Ropara(0.1774657618276399, 0.10500000000000001, 0.8400000000000001), fitness)===
===当代平均功率为5800.874049344329===

===第22代进化完成
===当代最小功率为2871.393339578712;对应实例参数为Rotor(Ropara(0.09911071081019941, 0.05, 0.1), Ropara(0.9695126370439511, 0.6, 1.0), Ropara(0.6014216521018696, 0.10500000000000001, 0.9450000000000001), Ropara(-0.03977923219219215, -0.3490658503988659, 0.08726646259971647), Ropara(0.07285104899357009, -0.3490658503988659, 0.08726646259971647), Ropara(0.1774657618276399, 0.10500000000000001, 0.8400000000000001), fitness)===
===当代平均功率为5341.688920649188===

===第23代进化完成
===当代最小功率为2871.393339578712;对应实例参数为Rotor(Ropara(0.09911071081019941, 0.05, 0.1), Ropara(0.9695126370439511, 0.6, 1.0), Ropara(0.6014216521018696, 0.10500000000000001, 0.9450000000000001), Ropara(-0.03977923219219215, -0.3490658503988659, 0.08726646259971647), Ropara(0.07285104899357009, -0.3490658503988659, 0.08726646259971647), Ropara(0.1774657618276399, 0.10500000000000001, 0.8400000000000001), fitness)===
===当代平均功率为4660.722001359726===

===第24代进化完成
===当代最小功率为2871.393339578712;对应实例参数为Rotor(Ropara(0.09911071081019941, 0.05, 0.1), Ropara(0.9695126370439511, 0.6, 1.0), Ropara(0.6014216521018696, 0.10500000000000001, 0.9450000000000001), Ropara(-0.03977923219219215, -0.3490658503988659, 0.08726646259971647), Ropara(0.07285104899357009, -0.3490658503988659, 0.08726646259971647), Ropara(0.1774657618276399, 0.10500000000000001, 0.8400000000000001), fitness)===
===当代平均功率为5437.805446659659===

===第25代进化完成
===当代最小功率为2871.393339578712;对应实例参数为Rotor(Ropara(0.09911071081019941, 0.05, 0.1), Ropara(0.9695126370439511, 0.6, 1.0), Ropara(0.6014216521018696, 0.10500000000000001, 0.9450000000000001), Ropara(-0.03977923219219215, -0.3490658503988659, 0.08726646259971647), Ropara(0.07285104899357009, -0.3490658503988659, 0.08726646259971647), Ropara(0.1774657618276399, 0.10500000000000001, 0.8400000000000001), fitness)===
===当代平均功率为5010.7892208892545===

===第26代进化完成
===当代最小功率为2871.393339578712;对应实例参数为Rotor(Ropara(0.09911071081019941, 0.05, 0.1), Ropara(0.9695126370439511, 0.6, 1.0), Ropara(0.6014216521018696, 0.10500000000000001, 0.9450000000000001), Ropara(-0.03977923219219215, -0.3490658503988659, 0.08726646259971647), Ropara(0.07285104899357009, -0.3490658503988659, 0.08726646259971647), Ropara(0.1774657618276399, 0.10500000000000001, 0.8400000000000001), fitness)===
===当代平均功率为5341.789095796943===

===第27代进化完成
===当代最小功率为2871.393339578712;对应实例参数为Rotor(Ropara(0.09911071081019941, 0.05, 0.1), Ropara(0.9695126370439511, 0.6, 1.0), Ropara(0.6014216521018696, 0.10500000000000001, 0.9450000000000001), Ropara(-0.03977923219219215, -0.3490658503988659, 0.08726646259971647), Ropara(0.07285104899357009, -0.3490658503988659, 0.08726646259971647), Ropara(0.1774657618276399, 0.10500000000000001, 0.8400000000000001), fitness)===
===当代平均功率为6058.221837159999===

===第28代进化完成
===当代最小功率为2871.393339578712;对应实例参数为Rotor(Ropara(0.09911071081019941, 0.05, 0.1), Ropara(0.9695126370439511, 0.6, 1.0), Ropara(0.6014216521018696, 0.10500000000000001, 0.9450000000000001), Ropara(-0.03977923219219215, -0.3490658503988659, 0.08726646259971647), Ropara(0.07285104899357009, -0.3490658503988659, 0.08726646259971647), Ropara(0.1774657618276399, 0.10500000000000001, 0.8400000000000001), fitness)===
===当代平均功率为5283.985871204328===

===第29代进化完成
===当代最小功率为2871.393339578712;对应实例参数为Rotor(Ropara(0.09911071081019941, 0.05, 0.1), Ropara(0.9695126370439511, 0.6, 1.0), Ropara(0.6014216521018696, 0.10500000000000001, 0.9450000000000001), Ropara(-0.03977923219219215, -0.3490658503988659, 0.08726646259971647), Ropara(0.07285104899357009, -0.3490658503988659, 0.08726646259971647), Ropara(0.1774657618276399, 0.10500000000000001, 0.8400000000000001), fitness)===
===当代平均功率为5177.467582823161===

===第30代进化完成
===当代最小功率为2871.393339578712;对应实例参数为Rotor(Ropara(0.09911071081019941, 0.05, 0.1), Ropara(0.9695126370439511, 0.6, 1.0), Ropara(0.6014216521018696, 0.10500000000000001, 0.9450000000000001), Ropara(-0.03977923219219215, -0.3490658503988659, 0.08726646259971647), Ropara(0.07285104899357009, -0.3490658503988659, 0.08726646259971647), Ropara(0.1774657618276399, 0.10500000000000001, 0.8400000000000001), fitness)===
===当代平均功率为5887.237266815869===

===第31代进化完成
===当代最小功率为2871.393339578712;对应实例参数为Rotor(Ropara(0.09911071081019941, 0.05, 0.1), Ropara(0.9695126370439511, 0.6, 1.0), Ropara(0.6014216521018696, 0.10500000000000001, 0.9450000000000001), Ropara(-0.03977923219219215, -0.3490658503988659, 0.08726646259971647), Ropara(0.07285104899357009, -0.3490658503988659, 0.08726646259971647), Ropara(0.1774657618276399, 0.10500000000000001, 0.8400000000000001), fitness)===
===当代平均功率为5134.062531363554===

===第32代进化完成
===当代最小功率为2871.393339578712;对应实例参数为Rotor(Ropara(0.09911071081019941, 0.05, 0.1), Ropara(0.9695126370439511, 0.6, 1.0), Ropara(0.6014216521018696, 0.10500000000000001, 0.9450000000000001), Ropara(-0.03977923219219215, -0.3490658503988659, 0.08726646259971647), Ropara(0.07285104899357009, -0.3490658503988659, 0.08726646259971647), Ropara(0.1774657618276399, 0.10500000000000001, 0.8400000000000001), fitness)===
===当代平均功率为5074.446614351892===

===第33代进化完成
===当代最小功率为2871.393339578712;对应实例参数为Rotor(Ropara(0.09911071081019941, 0.05, 0.1), Ropara(0.9695126370439511, 0.6, 1.0), Ropara(0.6014216521018696, 0.10500000000000001, 0.9450000000000001), Ropara(-0.03977923219219215, -0.3490658503988659, 0.08726646259971647), Ropara(0.07285104899357009, -0.3490658503988659, 0.08726646259971647), Ropara(0.1774657618276399, 0.10500000000000001, 0.8400000000000001), fitness)===
===当代平均功率为4913.250466646152===

===第34代进化完成
===当代最小功率为2871.393339578712;对应实例参数为Rotor(Ropara(0.09911071081019941, 0.05, 0.1), Ropara(0.9695126370439511, 0.6, 1.0), Ropara(0.6014216521018696, 0.10500000000000001, 0.9450000000000001), Ropara(-0.03977923219219215, -0.3490658503988659, 0.08726646259971647), Ropara(0.07285104899357009, -0.3490658503988659, 0.08726646259971647), Ropara(0.1774657618276399, 0.10500000000000001, 0.8400000000000001), fitness)===
===当代平均功率为5306.139832728917===

===第35代进化完成
===当代最小功率为2871.393339578712;对应实例参数为Rotor(Ropara(0.09911071081019941, 0.05, 0.1), Ropara(0.9695126370439511, 0.6, 1.0), Ropara(0.6014216521018696, 0.10500000000000001, 0.9450000000000001), Ropara(-0.03977923219219215, -0.3490658503988659, 0.08726646259971647), Ropara(0.07285104899357009, -0.3490658503988659, 0.08726646259971647), Ropara(0.1774657618276399, 0.10500000000000001, 0.8400000000000001), fitness)===
===当代平均功率为4723.853081511102===

===第36代进化完成
===当代最小功率为2871.393339578712;对应实例参数为Rotor(Ropara(0.09911071081019941, 0.05, 0.1), Ropara(0.9695126370439511, 0.6, 1.0), Ropara(0.6014216521018696, 0.10500000000000001, 0.9450000000000001), Ropara(-0.03977923219219215, -0.3490658503988659, 0.08726646259971647), Ropara(0.07285104899357009, -0.3490658503988659, 0.08726646259971647), Ropara(0.1774657618276399, 0.10500000000000001, 0.8400000000000001), fitness)===
===当代平均功率为5276.919071549366===

===第37代进化完成
===当代最小功率为2871.393339578712;对应实例参数为Rotor(Ropara(0.09911071081019941, 0.05, 0.1), Ropara(0.9695126370439511, 0.6, 1.0), Ropara(0.6014216521018696, 0.10500000000000001, 0.9450000000000001), Ropara(-0.03977923219219215, -0.3490658503988659, 0.08726646259971647), Ropara(0.07285104899357009, -0.3490658503988659, 0.08726646259971647), Ropara(0.1774657618276399, 0.10500000000000001, 0.8400000000000001), fitness)===
===当代平均功率为5118.360864097791===

===第38代进化完成
===当代最小功率为2871.393339578712;对应实例参数为Rotor(Ropara(0.09911071081019941, 0.05, 0.1), Ropara(0.9695126370439511, 0.6, 1.0), Ropara(0.6014216521018696, 0.10500000000000001, 0.9450000000000001), Ropara(-0.03977923219219215, -0.3490658503988659, 0.08726646259971647), Ropara(0.07285104899357009, -0.3490658503988659, 0.08726646259971647), Ropara(0.1774657618276399, 0.10500000000000001, 0.8400000000000001), fitness)===
===当代平均功率为5153.97319901617===

===第39代进化完成
===当代最小功率为2871.393339578712;对应实例参数为Rotor(Ropara(0.09911071081019941, 0.05, 0.1), Ropara(0.9695126370439511, 0.6, 1.0), Ropara(0.6014216521018696, 0.10500000000000001, 0.9450000000000001), Ropara(-0.03977923219219215, -0.3490658503988659, 0.08726646259971647), Ropara(0.07285104899357009, -0.3490658503988659, 0.08726646259971647), Ropara(0.1774657618276399, 0.10500000000000001, 0.8400000000000001), fitness)===
===当代平均功率为5245.35605995491===

===第40代进化完成
===当代最小功率为2871.393339578712;对应实例参数为Rotor(Ropara(0.09911071081019941, 0.05, 0.1), Ropara(0.9695126370439511, 0.6, 1.0), Ropara(0.6014216521018696, 0.10500000000000001, 0.9450000000000001), Ropara(-0.03977923219219215, -0.3490658503988659, 0.08726646259971647), Ropara(0.07285104899357009, -0.3490658503988659, 0.08726646259971647), Ropara(0.1774657618276399, 0.10500000000000001, 0.8400000000000001), fitness)===
===当代平均功率为4990.185353370916===

===第41代进化完成
===当代最小功率为2871.393339578712;对应实例参数为Rotor(Ropara(0.09911071081019941, 0.05, 0.1), Ropara(0.9695126370439511, 0.6, 1.0), Ropara(0.6014216521018696, 0.10500000000000001, 0.9450000000000001), Ropara(-0.03977923219219215, -0.3490658503988659, 0.08726646259971647), Ropara(0.07285104899357009, -0.3490658503988659, 0.08726646259971647), Ropara(0.1774657618276399, 0.10500000000000001, 0.8400000000000001), fitness)===
===当代平均功率为5360.43022873062===

===第42代进化完成
===当代最小功率为2871.393339578712;对应实例参数为Rotor(Ropara(0.09911071081019941, 0.05, 0.1), Ropara(0.9695126370439511, 0.6, 1.0), Ropara(0.6014216521018696, 0.10500000000000001, 0.9450000000000001), Ropara(-0.03977923219219215, -0.3490658503988659, 0.08726646259971647), Ropara(0.07285104899357009, -0.3490658503988659, 0.08726646259971647), Ropara(0.1774657618276399, 0.10500000000000001, 0.8400000000000001), fitness)===
===当代平均功率为5060.201076926971===

===第43代进化完成
===当代最小功率为2871.393339578712;对应实例参数为Rotor(Ropara(0.09911071081019941, 0.05, 0.1), Ropara(0.9695126370439511, 0.6, 1.0), Ropara(0.6014216521018696, 0.10500000000000001, 0.9450000000000001), Ropara(-0.03977923219219215, -0.3490658503988659, 0.08726646259971647), Ropara(0.07285104899357009, -0.3490658503988659, 0.08726646259971647), Ropara(0.1774657618276399, 0.10500000000000001, 0.8400000000000001), fitness)===
===当代平均功率为5291.372561568516===

===第44代进化完成
===当代最小功率为2871.393339578712;对应实例参数为Rotor(Ropara(0.09911071081019941, 0.05, 0.1), Ropara(0.9695126370439511, 0.6, 1.0), Ropara(0.6014216521018696, 0.10500000000000001, 0.9450000000000001), Ropara(-0.03977923219219215, -0.3490658503988659, 0.08726646259971647), Ropara(0.07285104899357009, -0.3490658503988659, 0.08726646259971647), Ropara(0.1774657618276399, 0.10500000000000001, 0.8400000000000001), fitness)===
===当代平均功率为5135.628696402317===

===第45代进化完成
===当代最小功率为2871.393339578712;对应实例参数为Rotor(Ropara(0.09911071081019941, 0.05, 0.1), Ropara(0.9695126370439511, 0.6, 1.0), Ropara(0.6014216521018696, 0.10500000000000001, 0.9450000000000001), Ropara(-0.03977923219219215, -0.3490658503988659, 0.08726646259971647), Ropara(0.07285104899357009, -0.3490658503988659, 0.08726646259971647), Ropara(0.1774657618276399, 0.10500000000000001, 0.8400000000000001), fitness)===
===当代平均功率为5608.46496628305===

===第46代进化完成
===当代最小功率为2871.393339578712;对应实例参数为Rotor(Ropara(0.09911071081019941, 0.05, 0.1), Ropara(0.9695126370439511, 0.6, 1.0), Ropara(0.6014216521018696, 0.10500000000000001, 0.9450000000000001), Ropara(-0.03977923219219215, -0.3490658503988659, 0.08726646259971647), Ropara(0.07285104899357009, -0.3490658503988659, 0.08726646259971647), Ropara(0.1774657618276399, 0.10500000000000001, 0.8400000000000001), fitness)===
===当代平均功率为5120.515525932768===

===第47代进化完成
===当代最小功率为2871.393339578712;对应实例参数为Rotor(Ropara(0.09911071081019941, 0.05, 0.1), Ropara(0.9695126370439511, 0.6, 1.0), Ropara(0.6014216521018696, 0.10500000000000001, 0.9450000000000001), Ropara(-0.03977923219219215, -0.3490658503988659, 0.08726646259971647), Ropara(0.07285104899357009, -0.3490658503988659, 0.08726646259971647), Ropara(0.1774657618276399, 0.10500000000000001, 0.8400000000000001), fitness)===
===当代平均功率为5098.9659784532705===

===第48代进化完成
===当代最小功率为2871.393339578712;对应实例参数为Rotor(Ropara(0.09911071081019941, 0.05, 0.1), Ropara(0.9695126370439511, 0.6, 1.0), Ropara(0.6014216521018696, 0.10500000000000001, 0.9450000000000001), Ropara(-0.03977923219219215, -0.3490658503988659, 0.08726646259971647), Ropara(0.07285104899357009, -0.3490658503988659, 0.08726646259971647), Ropara(0.1774657618276399, 0.10500000000000001, 0.8400000000000001), fitness)===
===当代平均功率为4352.527715340055===

===第49代进化完成
===当代最小功率为2871.393339578712;对应实例参数为Rotor(Ropara(0.09911071081019941, 0.05, 0.1), Ropara(0.9695126370439511, 0.6, 1.0), Ropara(0.6014216521018696, 0.10500000000000001, 0.9450000000000001), Ropara(-0.03977923219219215, -0.3490658503988659, 0.08726646259971647), Ropara(0.07285104899357009, -0.3490658503988659, 0.08726646259971647), Ropara(0.1774657618276399, 0.10500000000000001, 0.8400000000000001), fitness)===
===当代平均功率为4988.917441141075===

===第50代进化完成
===当代最小功率为2871.393339578712;对应实例参数为Rotor(Ropara(0.09911071081019941, 0.05, 0.1), Ropara(0.9695126370439511, 0.6, 1.0), Ropara(0.6014216521018696, 0.10500000000000001, 0.9450000000000001), Ropara(-0.03977923219219215, -0.3490658503988659, 0.08726646259971647), Ropara(0.07285104899357009, -0.3490658503988659, 0.08726646259971647), Ropara(0.1774657618276399, 0.10500000000000001, 0.8400000000000001), fitness)===
===当代平均功率为5483.484714614555===

===第51代进化完成
===当代最小功率为2871.393339578712;对应实例参数为Rotor(Ropara(0.09911071081019941, 0.05, 0.1), Ropara(0.9695126370439511, 0.6, 1.0), Ropara(0.6014216521018696, 0.10500000000000001, 0.9450000000000001), Ropara(-0.03977923219219215, -0.3490658503988659, 0.08726646259971647), Ropara(0.07285104899357009, -0.3490658503988659, 0.08726646259971647), Ropara(0.1774657618276399, 0.10500000000000001, 0.8400000000000001), fitness)===
===当代平均功率为5106.312565033784===

===第52代进化完成
===当代最小功率为2871.393339578712;对应实例参数为Rotor(Ropara(0.09911071081019941, 0.05, 0.1), Ropara(0.9695126370439511, 0.6, 1.0), Ropara(0.6014216521018696, 0.10500000000000001, 0.9450000000000001), Ropara(-0.03977923219219215, -0.3490658503988659, 0.08726646259971647), Ropara(0.07285104899357009, -0.3490658503988659, 0.08726646259971647), Ropara(0.1774657618276399, 0.10500000000000001, 0.8400000000000001), fitness)===
===当代平均功率为5639.43867498309===

===第53代进化完成
===当代最小功率为2871.393339578712;对应实例参数为Rotor(Ropara(0.09911071081019941, 0.05, 0.1), Ropara(0.9695126370439511, 0.6, 1.0), Ropara(0.6014216521018696, 0.10500000000000001, 0.9450000000000001), Ropara(-0.03977923219219215, -0.3490658503988659, 0.08726646259971647), Ropara(0.07285104899357009, -0.3490658503988659, 0.08726646259971647), Ropara(0.1774657618276399, 0.10500000000000001, 0.8400000000000001), fitness)===
===当代平均功率为5131.742412308343===

===第54代进化完成
===当代最小功率为2871.393339578712;对应实例参数为Rotor(Ropara(0.09911071081019941, 0.05, 0.1), Ropara(0.9695126370439511, 0.6, 1.0), Ropara(0.6014216521018696, 0.10500000000000001, 0.9450000000000001), Ropara(-0.03977923219219215, -0.3490658503988659, 0.08726646259971647), Ropara(0.07285104899357009, -0.3490658503988659, 0.08726646259971647), Ropara(0.1774657618276399, 0.10500000000000001, 0.8400000000000001), fitness)===
===当代平均功率为5082.798664919538===

===第55代进化完成
===当代最小功率为2871.393339578712;对应实例参数为Rotor(Ropara(0.09911071081019941, 0.05, 0.1), Ropara(0.9695126370439511, 0.6, 1.0), Ropara(0.6014216521018696, 0.10500000000000001, 0.9450000000000001), Ropara(-0.03977923219219215, -0.3490658503988659, 0.08726646259971647), Ropara(0.07285104899357009, -0.3490658503988659, 0.08726646259971647), Ropara(0.1774657618276399, 0.10500000000000001, 0.8400000000000001), fitness)===
===当代平均功率为4873.263403012966===

===第56代进化完成
===当代最小功率为2871.393339578712;对应实例参数为Rotor(Ropara(0.09911071081019941, 0.05, 0.1), Ropara(0.9695126370439511, 0.6, 1.0), Ropara(0.6014216521018696, 0.10500000000000001, 0.9450000000000001), Ropara(-0.03977923219219215, -0.3490658503988659, 0.08726646259971647), Ropara(0.07285104899357009, -0.3490658503988659, 0.08726646259971647), Ropara(0.1774657618276399, 0.10500000000000001, 0.8400000000000001), fitness)===
===当代平均功率为4930.460847494689===

===第57代进化完成
===当代最小功率为2871.393339578712;对应实例参数为Rotor(Ropara(0.09911071081019941, 0.05, 0.1), Ropara(0.9695126370439511, 0.6, 1.0), Ropara(0.6014216521018696, 0.10500000000000001, 0.9450000000000001), Ropara(-0.03977923219219215, -0.3490658503988659, 0.08726646259971647), Ropara(0.07285104899357009, -0.3490658503988659, 0.08726646259971647), Ropara(0.1774657618276399, 0.10500000000000001, 0.8400000000000001), fitness)===
===当代平均功率为4769.549658269409===

===第58代进化完成
===当代最小功率为2871.393339578712;对应实例参数为Rotor(Ropara(0.09911071081019941, 0.05, 0.1), Ropara(0.9695126370439511, 0.6, 1.0), Ropara(0.6014216521018696, 0.10500000000000001, 0.9450000000000001), Ropara(-0.03977923219219215, -0.3490658503988659, 0.08726646259971647), Ropara(0.07285104899357009, -0.3490658503988659, 0.08726646259971647), Ropara(0.1774657618276399, 0.10500000000000001, 0.8400000000000001), fitness)===
===当代平均功率为5168.162662753802===

===第59代进化完成
===当代最小功率为2871.393339578712;对应实例参数为Rotor(Ropara(0.09911071081019941, 0.05, 0.1), Ropara(0.9695126370439511, 0.6, 1.0), Ropara(0.6014216521018696, 0.10500000000000001, 0.9450000000000001), Ropara(-0.03977923219219215, -0.3490658503988659, 0.08726646259971647), Ropara(0.07285104899357009, -0.3490658503988659, 0.08726646259971647), Ropara(0.1774657618276399, 0.10500000000000001, 0.8400000000000001), fitness)===
===当代平均功率为4702.881241466097===

===第60代进化完成
===当代最小功率为2871.393339578712;对应实例参数为Rotor(Ropara(0.09911071081019941, 0.05, 0.1), Ropara(0.9695126370439511, 0.6, 1.0), Ropara(0.6014216521018696, 0.10500000000000001, 0.9450000000000001), Ropara(-0.03977923219219215, -0.3490658503988659, 0.08726646259971647), Ropara(0.07285104899357009, -0.3490658503988659, 0.08726646259971647), Ropara(0.1774657618276399, 0.10500000000000001, 0.8400000000000001), fitness)===
===当代平均功率为5929.18116453797===

===第61代进化完成
===当代最小功率为2871.393339578712;对应实例参数为Rotor(Ropara(0.09911071081019941, 0.05, 0.1), Ropara(0.9695126370439511, 0.6, 1.0), Ropara(0.6014216521018696, 0.10500000000000001, 0.9450000000000001), Ropara(-0.03977923219219215, -0.3490658503988659, 0.08726646259971647), Ropara(0.07285104899357009, -0.3490658503988659, 0.08726646259971647), Ropara(0.1774657618276399, 0.10500000000000001, 0.8400000000000001), fitness)===
===当代平均功率为5068.689535967945===

===第62代进化完成
===当代最小功率为2871.393339578712;对应实例参数为Rotor(Ropara(0.09911071081019941, 0.05, 0.1), Ropara(0.9695126370439511, 0.6, 1.0), Ropara(0.6014216521018696, 0.10500000000000001, 0.9450000000000001), Ropara(-0.03977923219219215, -0.3490658503988659, 0.08726646259971647), Ropara(0.07285104899357009, -0.3490658503988659, 0.08726646259971647), Ropara(0.1774657618276399, 0.10500000000000001, 0.8400000000000001), fitness)===
===当代平均功率为4496.3871103277===

===第63代进化完成
===当代最小功率为2871.393339578712;对应实例参数为Rotor(Ropara(0.09911071081019941, 0.05, 0.1), Ropara(0.9695126370439511, 0.6, 1.0), Ropara(0.6014216521018696, 0.10500000000000001, 0.9450000000000001), Ropara(-0.03977923219219215, -0.3490658503988659, 0.08726646259971647), Ropara(0.07285104899357009, -0.3490658503988659, 0.08726646259971647), Ropara(0.1774657618276399, 0.10500000000000001, 0.8400000000000001), fitness)===
===当代平均功率为5593.382026944944===

===第64代进化完成
===当代最小功率为2871.393339578712;对应实例参数为Rotor(Ropara(0.09911071081019941, 0.05, 0.1), Ropara(0.9695126370439511, 0.6, 1.0), Ropara(0.6014216521018696, 0.10500000000000001, 0.9450000000000001), Ropara(-0.03977923219219215, -0.3490658503988659, 0.08726646259971647), Ropara(0.07285104899357009, -0.3490658503988659, 0.08726646259971647), Ropara(0.1774657618276399, 0.10500000000000001, 0.8400000000000001), fitness)===
===当代平均功率为5205.070340170852===

===第65代进化完成
===当代最小功率为2871.393339578712;对应实例参数为Rotor(Ropara(0.09911071081019941, 0.05, 0.1), Ropara(0.9695126370439511, 0.6, 1.0), Ropara(0.6014216521018696, 0.10500000000000001, 0.9450000000000001), Ropara(-0.03977923219219215, -0.3490658503988659, 0.08726646259971647), Ropara(0.07285104899357009, -0.3490658503988659, 0.08726646259971647), Ropara(0.1774657618276399, 0.10500000000000001, 0.8400000000000001), fitness)===
===当代平均功率为5062.789327385884===

===第66代进化完成
===当代最小功率为2871.393339578712;对应实例参数为Rotor(Ropara(0.09911071081019941, 0.05, 0.1), Ropara(0.9695126370439511, 0.6, 1.0), Ropara(0.6014216521018696, 0.10500000000000001, 0.9450000000000001), Ropara(-0.03977923219219215, -0.3490658503988659, 0.08726646259971647), Ropara(0.07285104899357009, -0.3490658503988659, 0.08726646259971647), Ropara(0.1774657618276399, 0.10500000000000001, 0.8400000000000001), fitness)===
===当代平均功率为5000.148808245274===

===第67代进化完成
===当代最小功率为2871.393339578712;对应实例参数为Rotor(Ropara(0.09911071081019941, 0.05, 0.1), Ropara(0.9695126370439511, 0.6, 1.0), Ropara(0.6014216521018696, 0.10500000000000001, 0.9450000000000001), Ropara(-0.03977923219219215, -0.3490658503988659, 0.08726646259971647), Ropara(0.07285104899357009, -0.3490658503988659, 0.08726646259971647), Ropara(0.1774657618276399, 0.10500000000000001, 0.8400000000000001), fitness)===
===当代平均功率为5289.540175178323===

===第68代进化完成
===当代最小功率为2871.393339578712;对应实例参数为Rotor(Ropara(0.09911071081019941, 0.05, 0.1), Ropara(0.9695126370439511, 0.6, 1.0), Ropara(0.6014216521018696, 0.10500000000000001, 0.9450000000000001), Ropara(-0.03977923219219215, -0.3490658503988659, 0.08726646259971647), Ropara(0.07285104899357009, -0.3490658503988659, 0.08726646259971647), Ropara(0.1774657618276399, 0.10500000000000001, 0.8400000000000001), fitness)===
===当代平均功率为5299.511014713948===

===第69代进化完成
===当代最小功率为2871.393339578712;对应实例参数为Rotor(Ropara(0.09911071081019941, 0.05, 0.1), Ropara(0.9695126370439511, 0.6, 1.0), Ropara(0.6014216521018696, 0.10500000000000001, 0.9450000000000001), Ropara(-0.03977923219219215, -0.3490658503988659, 0.08726646259971647), Ropara(0.07285104899357009, -0.3490658503988659, 0.08726646259971647), Ropara(0.1774657618276399, 0.10500000000000001, 0.8400000000000001), fitness)===
===当代平均功率为5643.604229937835===

===第70代进化完成
===当代最小功率为2871.393339578712;对应实例参数为Rotor(Ropara(0.09911071081019941, 0.05, 0.1), Ropara(0.9695126370439511, 0.6, 1.0), Ropara(0.6014216521018696, 0.10500000000000001, 0.9450000000000001), Ropara(-0.03977923219219215, -0.3490658503988659, 0.08726646259971647), Ropara(0.07285104899357009, -0.3490658503988659, 0.08726646259971647), Ropara(0.1774657618276399, 0.10500000000000001, 0.8400000000000001), fitness)===
===当代平均功率为4670.088337132929===

===第71代进化完成
===当代最小功率为2871.393339578712;对应实例参数为Rotor(Ropara(0.09911071081019941, 0.05, 0.1), Ropara(0.9695126370439511, 0.6, 1.0), Ropara(0.6014216521018696, 0.10500000000000001, 0.9450000000000001), Ropara(-0.03977923219219215, -0.3490658503988659, 0.08726646259971647), Ropara(0.07285104899357009, -0.3490658503988659, 0.08726646259971647), Ropara(0.1774657618276399, 0.10500000000000001, 0.8400000000000001), fitness)===
===当代平均功率为4223.1397707621345===

===第72代进化完成
===当代最小功率为2871.393339578712;对应实例参数为Rotor(Ropara(0.09911071081019941, 0.05, 0.1), Ropara(0.9695126370439511, 0.6, 1.0), Ropara(0.6014216521018696, 0.10500000000000001, 0.9450000000000001), Ropara(-0.03977923219219215, -0.3490658503988659, 0.08726646259971647), Ropara(0.07285104899357009, -0.3490658503988659, 0.08726646259971647), Ropara(0.1774657618276399, 0.10500000000000001, 0.8400000000000001), fitness)===
===当代平均功率为4996.220396221427===

===第73代进化完成
===当代最小功率为2871.393339578712;对应实例参数为Rotor(Ropara(0.09911071081019941, 0.05, 0.1), Ropara(0.9695126370439511, 0.6, 1.0), Ropara(0.6014216521018696, 0.10500000000000001, 0.9450000000000001), Ropara(-0.03977923219219215, -0.3490658503988659, 0.08726646259971647), Ropara(0.07285104899357009, -0.3490658503988659, 0.08726646259971647), Ropara(0.1774657618276399, 0.10500000000000001, 0.8400000000000001), fitness)===
===当代平均功率为5127.51310300015===

===第74代进化完成
===当代最小功率为2871.393339578712;对应实例参数为Rotor(Ropara(0.09911071081019941, 0.05, 0.1), Ropara(0.9695126370439511, 0.6, 1.0), Ropara(0.6014216521018696, 0.10500000000000001, 0.9450000000000001), Ropara(-0.03977923219219215, -0.3490658503988659, 0.08726646259971647), Ropara(0.07285104899357009, -0.3490658503988659, 0.08726646259971647), Ropara(0.1774657618276399, 0.10500000000000001, 0.8400000000000001), fitness)===
===当代平均功率为5223.259431927366===

===第75代进化完成
===当代最小功率为2871.393339578712;对应实例参数为Rotor(Ropara(0.09911071081019941, 0.05, 0.1), Ropara(0.9695126370439511, 0.6, 1.0), Ropara(0.6014216521018696, 0.10500000000000001, 0.9450000000000001), Ropara(-0.03977923219219215, -0.3490658503988659, 0.08726646259971647), Ropara(0.07285104899357009, -0.3490658503988659, 0.08726646259971647), Ropara(0.1774657618276399, 0.10500000000000001, 0.8400000000000001), fitness)===
===当代平均功率为6124.368112967196===

===第76代进化完成
===当代最小功率为2871.393339578712;对应实例参数为Rotor(Ropara(0.09911071081019941, 0.05, 0.1), Ropara(0.9695126370439511, 0.6, 1.0), Ropara(0.6014216521018696, 0.10500000000000001, 0.9450000000000001), Ropara(-0.03977923219219215, -0.3490658503988659, 0.08726646259971647), Ropara(0.07285104899357009, -0.3490658503988659, 0.08726646259971647), Ropara(0.1774657618276399, 0.10500000000000001, 0.8400000000000001), fitness)===
===当代平均功率为4865.920350891428===

===第77代进化完成
===当代最小功率为2871.393339578712;对应实例参数为Rotor(Ropara(0.09911071081019941, 0.05, 0.1), Ropara(0.9695126370439511, 0.6, 1.0), Ropara(0.6014216521018696, 0.10500000000000001, 0.9450000000000001), Ropara(-0.03977923219219215, -0.3490658503988659, 0.08726646259971647), Ropara(0.07285104899357009, -0.3490658503988659, 0.08726646259971647), Ropara(0.1774657618276399, 0.10500000000000001, 0.8400000000000001), fitness)===
===当代平均功率为4780.333379568599===

===第78代进化完成
===当代最小功率为2871.393339578712;对应实例参数为Rotor(Ropara(0.09911071081019941, 0.05, 0.1), Ropara(0.9695126370439511, 0.6, 1.0), Ropara(0.6014216521018696, 0.10500000000000001, 0.9450000000000001), Ropara(-0.03977923219219215, -0.3490658503988659, 0.08726646259971647), Ropara(0.07285104899357009, -0.3490658503988659, 0.08726646259971647), Ropara(0.1774657618276399, 0.10500000000000001, 0.8400000000000001), fitness)===
===当代平均功率为4179.692063414749===

===第79代进化完成
===当代最小功率为2871.393339578712;对应实例参数为Rotor(Ropara(0.09911071081019941, 0.05, 0.1), Ropara(0.9695126370439511, 0.6, 1.0), Ropara(0.6014216521018696, 0.10500000000000001, 0.9450000000000001), Ropara(-0.03977923219219215, -0.3490658503988659, 0.08726646259971647), Ropara(0.07285104899357009, -0.3490658503988659, 0.08726646259971647), Ropara(0.1774657618276399, 0.10500000000000001, 0.8400000000000001), fitness)===
===当代平均功率为4330.2015492579685===

===第80代进化完成
===当代最小功率为2871.393339578712;对应实例参数为Rotor(Ropara(0.09911071081019941, 0.05, 0.1), Ropara(0.9695126370439511, 0.6, 1.0), Ropara(0.6014216521018696, 0.10500000000000001, 0.9450000000000001), Ropara(-0.03977923219219215, -0.3490658503988659, 0.08726646259971647), Ropara(0.07285104899357009, -0.3490658503988659, 0.08726646259971647), Ropara(0.1774657618276399, 0.10500000000000001, 0.8400000000000001), fitness)===
===当代平均功率为4718.9722816312915===

===第81代进化完成
===当代最小功率为2871.393339578712;对应实例参数为Rotor(Ropara(0.09911071081019941, 0.05, 0.1), Ropara(0.9695126370439511, 0.6, 1.0), Ropara(0.6014216521018696, 0.10500000000000001, 0.9450000000000001), Ropara(-0.03977923219219215, -0.3490658503988659, 0.08726646259971647), Ropara(0.07285104899357009, -0.3490658503988659, 0.08726646259971647), Ropara(0.1774657618276399, 0.10500000000000001, 0.8400000000000001), fitness)===
===当代平均功率为5001.35853718458===

===第82代进化完成
===当代最小功率为2871.393339578712;对应实例参数为Rotor(Ropara(0.09911071081019941, 0.05, 0.1), Ropara(0.9695126370439511, 0.6, 1.0), Ropara(0.6014216521018696, 0.10500000000000001, 0.9450000000000001), Ropara(-0.03977923219219215, -0.3490658503988659, 0.08726646259971647), Ropara(0.07285104899357009, -0.3490658503988659, 0.08726646259971647), Ropara(0.1774657618276399, 0.10500000000000001, 0.8400000000000001), fitness)===
===当代平均功率为4562.62512555763===

===第83代进化完成
===当代最小功率为2871.393339578712;对应实例参数为Rotor(Ropara(0.09911071081019941, 0.05, 0.1), Ropara(0.9695126370439511, 0.6, 1.0), Ropara(0.6014216521018696, 0.10500000000000001, 0.9450000000000001), Ropara(-0.03977923219219215, -0.3490658503988659, 0.08726646259971647), Ropara(0.07285104899357009, -0.3490658503988659, 0.08726646259971647), Ropara(0.1774657618276399, 0.10500000000000001, 0.8400000000000001), fitness)===
===当代平均功率为5073.0435185924935===

===第84代进化完成
===当代最小功率为2871.393339578712;对应实例参数为Rotor(Ropara(0.09911071081019941, 0.05, 0.1), Ropara(0.9695126370439511, 0.6, 1.0), Ropara(0.6014216521018696, 0.10500000000000001, 0.9450000000000001), Ropara(-0.03977923219219215, -0.3490658503988659, 0.08726646259971647), Ropara(0.07285104899357009, -0.3490658503988659, 0.08726646259971647), Ropara(0.1774657618276399, 0.10500000000000001, 0.8400000000000001), fitness)===
===当代平均功率为4611.260825469316===

===第85代进化完成
===当代最小功率为2871.393339578712;对应实例参数为Rotor(Ropara(0.09911071081019941, 0.05, 0.1), Ropara(0.9695126370439511, 0.6, 1.0), Ropara(0.6014216521018696, 0.10500000000000001, 0.9450000000000001), Ropara(-0.03977923219219215, -0.3490658503988659, 0.08726646259971647), Ropara(0.07285104899357009, -0.3490658503988659, 0.08726646259971647), Ropara(0.1774657618276399, 0.10500000000000001, 0.8400000000000001), fitness)===
===当代平均功率为4681.895539341768===

===第86代进化完成
===当代最小功率为2871.393339578712;对应实例参数为Rotor(Ropara(0.09911071081019941, 0.05, 0.1), Ropara(0.9695126370439511, 0.6, 1.0), Ropara(0.6014216521018696, 0.10500000000000001, 0.9450000000000001), Ropara(-0.03977923219219215, -0.3490658503988659, 0.08726646259971647), Ropara(0.07285104899357009, -0.3490658503988659, 0.08726646259971647), Ropara(0.1774657618276399, 0.10500000000000001, 0.8400000000000001), fitness)===
===当代平均功率为4906.110584919247===

===第87代进化完成
===当代最小功率为2871.393339578712;对应实例参数为Rotor(Ropara(0.09911071081019941, 0.05, 0.1), Ropara(0.9695126370439511, 0.6, 1.0), Ropara(0.6014216521018696, 0.10500000000000001, 0.9450000000000001), Ropara(-0.03977923219219215, -0.3490658503988659, 0.08726646259971647), Ropara(0.07285104899357009, -0.3490658503988659, 0.08726646259971647), Ropara(0.1774657618276399, 0.10500000000000001, 0.8400000000000001), fitness)===
===当代平均功率为4715.32209312805===

===第88代进化完成
===当代最小功率为2871.393339578712;对应实例参数为Rotor(Ropara(0.09911071081019941, 0.05, 0.1), Ropara(0.9695126370439511, 0.6, 1.0), Ropara(0.6014216521018696, 0.10500000000000001, 0.9450000000000001), Ropara(-0.03977923219219215, -0.3490658503988659, 0.08726646259971647), Ropara(0.07285104899357009, -0.3490658503988659, 0.08726646259971647), Ropara(0.1774657618276399, 0.10500000000000001, 0.8400000000000001), fitness)===
===当代平均功率为5445.422468485414===

===第89代进化完成
===当代最小功率为2871.393339578712;对应实例参数为Rotor(Ropara(0.09911071081019941, 0.05, 0.1), Ropara(0.9695126370439511, 0.6, 1.0), Ropara(0.6014216521018696, 0.10500000000000001, 0.9450000000000001), Ropara(-0.03977923219219215, -0.3490658503988659, 0.08726646259971647), Ropara(0.07285104899357009, -0.3490658503988659, 0.08726646259971647), Ropara(0.1774657618276399, 0.10500000000000001, 0.8400000000000001), fitness)===
===当代平均功率为4094.2467539085233===

===本次进化的总时间为：4541.234999895096秒===