===初始化随机旋翼实例===
===第1代进化完成
===当代最小功率为6512.577168522415;对应实例参数为Rotor(Ropara(0.06855654926431498, 0.06, 0.07), Ropara(0.9092487425333219, 0.6, 1.0), Ropara(0.9341130096392333, 0.10500000000000001, 0.9450000000000001), Ropara(-0.2591237607784067, -0.3490658503988659, 0.08726646259971647), Ropara(0.0168043819109997, -0.3490658503988659, 0.08726646259971647), Ropara(0.45688607915581314, 0.10500000000000001, 0.8400000000000001), fitness)===
===当代平均功率为9706.605934345927===

===第2代进化完成
===当代最小功率为6512.577168522415;对应实例参数为Rotor(Ropara(0.06855654926431498, 0.06, 0.07), Ropara(0.9092487425333219, 0.6, 1.0), Ropara(0.9341130096392333, 0.10500000000000001, 0.9450000000000001), Ropara(-0.2591237607784067, -0.3490658503988659, 0.08726646259971647), Ropara(0.0168043819109997, -0.3490658503988659, 0.08726646259971647), Ropara(0.45688607915581314, 0.10500000000000001, 0.8400000000000001), fitness)===
===当代平均功率为10069.19611444703===

===第3代进化完成
===当代最小功率为2983.85568862035;对应实例参数为Rotor(Ropara(0.0839694878905261, 0.05, 0.1), Ropara(0.9800311099571686, 0.6, 1.0), Ropara(0.1951897500832217, 0.10500000000000001, 0.9450000000000001), Ropara(0.02956593614239511, -0.3490658503988659, 0.08726646259971647), Ropara(-0.10835033153669477, -0.3490658503988659, 0.08726646259971647), Ropara(0.7903624060907692, 0.10500000000000001, 0.8400000000000001), fitness)===
===当代平均功率为9578.924947640633===

===第4代进化完成
===当代最小功率为2680.6480710066166;对应实例参数为Rotor(Ropara(0.09249023003025113, 0.05, 0.1), Ropara(0.9133321767825693, 0.6, 1.0), Ropara(0.8955354099166037, 0.10500000000000001, 0.9450000000000001), Ropara(0.07687865761066937, -0.3490658503988659, 0.08726646259971647), Ropara(0.03644461075049177, -0.3490658503988659, 0.08726646259971647), Ropara(0.3439672730056791, 0.10500000000000001, 0.8400000000000001), fitness)===
===当代平均功率为9115.046155516304===

===第5代进化完成
===当代最小功率为2680.6480710066166;对应实例参数为Rotor(Ropara(0.09249023003025113, 0.05, 0.1), Ropara(0.9133321767825693, 0.6, 1.0), Ropara(0.8955354099166037, 0.10500000000000001, 0.9450000000000001), Ropara(0.07687865761066937, -0.3490658503988659, 0.08726646259971647), Ropara(0.03644461075049177, -0.3490658503988659, 0.08726646259971647), Ropara(0.3439672730056791, 0.10500000000000001, 0.8400000000000001), fitness)===
===当代平均功率为8261.97753281866===

===第6代进化完成
===当代最小功率为2680.6480710066166;对应实例参数为Rotor(Ropara(0.09249023003025113, 0.05, 0.1), Ropara(0.9133321767825693, 0.6, 1.0), Ropara(0.8955354099166037, 0.10500000000000001, 0.9450000000000001), Ropara(0.07687865761066937, -0.3490658503988659, 0.08726646259971647), Ropara(0.03644461075049177, -0.3490658503988659, 0.08726646259971647), Ropara(0.3439672730056791, 0.10500000000000001, 0.8400000000000001), fitness)===
===当代平均功率为9250.693237900196===

===第7代进化完成
===当代最小功率为2680.6480710066166;对应实例参数为Rotor(Ropara(0.09249023003025113, 0.05, 0.1), Ropara(0.9133321767825693, 0.6, 1.0), Ropara(0.8955354099166037, 0.10500000000000001, 0.9450000000000001), Ropara(0.07687865761066937, -0.3490658503988659, 0.08726646259971647), Ropara(0.03644461075049177, -0.3490658503988659, 0.08726646259971647), Ropara(0.3439672730056791, 0.10500000000000001, 0.8400000000000001), fitness)===
===当代平均功率为9244.210388297126===

===第8代进化完成
===当代最小功率为2680.6480710066166;对应实例参数为Rotor(Ropara(0.09249023003025113, 0.05, 0.1), Ropara(0.9133321767825693, 0.6, 1.0), Ropara(0.8955354099166037, 0.10500000000000001, 0.9450000000000001), Ropara(0.07687865761066937, -0.3490658503988659, 0.08726646259971647), Ropara(0.03644461075049177, -0.3490658503988659, 0.08726646259971647), Ropara(0.3439672730056791, 0.10500000000000001, 0.8400000000000001), fitness)===
===当代平均功率为9087.823754979618===

===第9代进化完成
===当代最小功率为2680.6480710066166;对应实例参数为Rotor(Ropara(0.09249023003025113, 0.05, 0.1), Ropara(0.9133321767825693, 0.6, 1.0), Ropara(0.8955354099166037, 0.10500000000000001, 0.9450000000000001), Ropara(0.07687865761066937, -0.3490658503988659, 0.08726646259971647), Ropara(0.03644461075049177, -0.3490658503988659, 0.08726646259971647), Ropara(0.3439672730056791, 0.10500000000000001, 0.8400000000000001), fitness)===
===当代平均功率为8517.523230926425===

===第10代进化完成
===当代最小功率为2680.6480710066166;对应实例参数为Rotor(Ropara(0.09249023003025113, 0.05, 0.1), Ropara(0.9133321767825693, 0.6, 1.0), Ropara(0.8955354099166037, 0.10500000000000001, 0.9450000000000001), Ropara(0.07687865761066937, -0.3490658503988659, 0.08726646259971647), Ropara(0.03644461075049177, -0.3490658503988659, 0.08726646259971647), Ropara(0.3439672730056791, 0.10500000000000001, 0.8400000000000001), fitness)===
===当代平均功率为8775.255745380306===

===第11代进化完成
===当代最小功率为2416.0620191853914;对应实例参数为Rotor(Ropara(0.09934685617163994, 0.05, 0.1), Ropara(0.9456162804365973, 0.6, 1.0), Ropara(0.72860901314915, 0.10500000000000001, 0.9450000000000001), Ropara(-0.09792442269461094, -0.3490658503988659, 0.08726646259971647), Ropara(0.03313828628663912, -0.3490658503988659, 0.08726646259971647), Ropara(0.1501811028628365, 0.10500000000000001, 0.8400000000000001), fitness)===
===当代平均功率为8498.46735926675===

===第12代进化完成
===当代最小功率为2416.0620191853914;对应实例参数为Rotor(Ropara(0.09934685617163994, 0.05, 0.1), Ropara(0.9456162804365973, 0.6, 1.0), Ropara(0.72860901314915, 0.10500000000000001, 0.9450000000000001), Ropara(-0.09792442269461094, -0.3490658503988659, 0.08726646259971647), Ropara(0.03313828628663912, -0.3490658503988659, 0.08726646259971647), Ropara(0.1501811028628365, 0.10500000000000001, 0.8400000000000001), fitness)===
===当代平均功率为8546.23191149799===

===第13代进化完成
===当代最小功率为2416.0620191853914;对应实例参数为Rotor(Ropara(0.09934685617163994, 0.05, 0.1), Ropara(0.9456162804365973, 0.6, 1.0), Ropara(0.72860901314915, 0.10500000000000001, 0.9450000000000001), Ropara(-0.09792442269461094, -0.3490658503988659, 0.08726646259971647), Ropara(0.03313828628663912, -0.3490658503988659, 0.08726646259971647), Ropara(0.1501811028628365, 0.10500000000000001, 0.8400000000000001), fitness)===
===当代平均功率为8903.182733361702===

===第14代进化完成
===当代最小功率为2416.0620191853914;对应实例参数为Rotor(Ropara(0.09934685617163994, 0.05, 0.1), Ropara(0.9456162804365973, 0.6, 1.0), Ropara(0.72860901314915, 0.10500000000000001, 0.9450000000000001), Ropara(-0.09792442269461094, -0.3490658503988659, 0.08726646259971647), Ropara(0.03313828628663912, -0.3490658503988659, 0.08726646259971647), Ropara(0.1501811028628365, 0.10500000000000001, 0.8400000000000001), fitness)===
===当代平均功率为9532.77351041784===

===第15代进化完成
===当代最小功率为2416.0620191853914;对应实例参数为Rotor(Ropara(0.09934685617163994, 0.05, 0.1), Ropara(0.9456162804365973, 0.6, 1.0), Ropara(0.72860901314915, 0.10500000000000001, 0.9450000000000001), Ropara(-0.09792442269461094, -0.3490658503988659, 0.08726646259971647), Ropara(0.03313828628663912, -0.3490658503988659, 0.08726646259971647), Ropara(0.1501811028628365, 0.10500000000000001, 0.8400000000000001), fitness)===
===当代平均功率为9219.619694584966===

===第16代进化完成
===当代最小功率为2416.0620191853914;对应实例参数为Rotor(Ropara(0.09934685617163994, 0.05, 0.1), Ropara(0.9456162804365973, 0.6, 1.0), Ropara(0.72860901314915, 0.10500000000000001, 0.9450000000000001), Ropara(-0.09792442269461094, -0.3490658503988659, 0.08726646259971647), Ropara(0.03313828628663912, -0.3490658503988659, 0.08726646259971647), Ropara(0.1501811028628365, 0.10500000000000001, 0.8400000000000001), fitness)===
===当代平均功率为9570.486761459008===

===第17代进化完成
===当代最小功率为2416.0620191853914;对应实例参数为Rotor(Ropara(0.09934685617163994, 0.05, 0.1), Ropara(0.9456162804365973, 0.6, 1.0), Ropara(0.72860901314915, 0.10500000000000001, 0.9450000000000001), Ropara(-0.09792442269461094, -0.3490658503988659, 0.08726646259971647), Ropara(0.03313828628663912, -0.3490658503988659, 0.08726646259971647), Ropara(0.1501811028628365, 0.10500000000000001, 0.8400000000000001), fitness)===
===当代平均功率为9340.960147799422===

===第18代进化完成
===当代最小功率为2416.0620191853914;对应实例参数为Rotor(Ropara(0.09934685617163994, 0.05, 0.1), Ropara(0.9456162804365973, 0.6, 1.0), Ropara(0.72860901314915, 0.10500000000000001, 0.9450000000000001), Ropara(-0.09792442269461094, -0.3490658503988659, 0.08726646259971647), Ropara(0.03313828628663912, -0.3490658503988659, 0.08726646259971647), Ropara(0.1501811028628365, 0.10500000000000001, 0.8400000000000001), fitness)===
===当代平均功率为9128.756482547633===

===第19代进化完成
===当代最小功率为2416.0620191853914;对应实例参数为Rotor(Ropara(0.09934685617163994, 0.05, 0.1), Ropara(0.9456162804365973, 0.6, 1.0), Ropara(0.72860901314915, 0.10500000000000001, 0.9450000000000001), Ropara(-0.09792442269461094, -0.3490658503988659, 0.08726646259971647), Ropara(0.03313828628663912, -0.3490658503988659, 0.08726646259971647), Ropara(0.1501811028628365, 0.10500000000000001, 0.8400000000000001), fitness)===
===当代平均功率为8994.230383562392===

===第20代进化完成
===当代最小功率为2416.0620191853914;对应实例参数为Rotor(Ropara(0.09934685617163994, 0.05, 0.1), Ropara(0.9456162804365973, 0.6, 1.0), Ropara(0.72860901314915, 0.10500000000000001, 0.9450000000000001), Ropara(-0.09792442269461094, -0.3490658503988659, 0.08726646259971647), Ropara(0.03313828628663912, -0.3490658503988659, 0.08726646259971647), Ropara(0.1501811028628365, 0.10500000000000001, 0.8400000000000001), fitness)===
===当代平均功率为9332.484442333765===

===第21代进化完成
===当代最小功率为2416.0620191853914;对应实例参数为Rotor(Ropara(0.09934685617163994, 0.05, 0.1), Ropara(0.9456162804365973, 0.6, 1.0), Ropara(0.72860901314915, 0.10500000000000001, 0.9450000000000001), Ropara(-0.09792442269461094, -0.3490658503988659, 0.08726646259971647), Ropara(0.03313828628663912, -0.3490658503988659, 0.08726646259971647), Ropara(0.1501811028628365, 0.10500000000000001, 0.8400000000000001), fitness)===
===当代平均功率为8943.732689511167===

===第22代进化完成
===当代最小功率为2416.0620191853914;对应实例参数为Rotor(Ropara(0.09934685617163994, 0.05, 0.1), Ropara(0.9456162804365973, 0.6, 1.0), Ropara(0.72860901314915, 0.10500000000000001, 0.9450000000000001), Ropara(-0.09792442269461094, -0.3490658503988659, 0.08726646259971647), Ropara(0.03313828628663912, -0.3490658503988659, 0.08726646259971647), Ropara(0.1501811028628365, 0.10500000000000001, 0.8400000000000001), fitness)===
===当代平均功率为9283.823715742621===

===第23代进化完成
===当代最小功率为2416.0620191853914;对应实例参数为Rotor(Ropara(0.09934685617163994, 0.05, 0.1), Ropara(0.9456162804365973, 0.6, 1.0), Ropara(0.72860901314915, 0.10500000000000001, 0.9450000000000001), Ropara(-0.09792442269461094, -0.3490658503988659, 0.08726646259971647), Ropara(0.03313828628663912, -0.3490658503988659, 0.08726646259971647), Ropara(0.1501811028628365, 0.10500000000000001, 0.8400000000000001), fitness)===
===当代平均功率为8872.389868008113===

===第24代进化完成
===当代最小功率为2416.0620191853914;对应实例参数为Rotor(Ropara(0.09934685617163994, 0.05, 0.1), Ropara(0.9456162804365973, 0.6, 1.0), Ropara(0.72860901314915, 0.10500000000000001, 0.9450000000000001), Ropara(-0.09792442269461094, -0.3490658503988659, 0.08726646259971647), Ropara(0.03313828628663912, -0.3490658503988659, 0.08726646259971647), Ropara(0.1501811028628365, 0.10500000000000001, 0.8400000000000001), fitness)===
===当代平均功率为9188.671922982196===

===第25代进化完成
===当代最小功率为2416.0620191853914;对应实例参数为Rotor(Ropara(0.09934685617163994, 0.05, 0.1), Ropara(0.9456162804365973, 0.6, 1.0), Ropara(0.72860901314915, 0.10500000000000001, 0.9450000000000001), Ropara(-0.09792442269461094, -0.3490658503988659, 0.08726646259971647), Ropara(0.03313828628663912, -0.3490658503988659, 0.08726646259971647), Ropara(0.1501811028628365, 0.10500000000000001, 0.8400000000000001), fitness)===
===当代平均功率为9178.605763913427===

===第26代进化完成
===当代最小功率为2416.0620191853914;对应实例参数为Rotor(Ropara(0.09934685617163994, 0.05, 0.1), Ropara(0.9456162804365973, 0.6, 1.0), Ropara(0.72860901314915, 0.10500000000000001, 0.9450000000000001), Ropara(-0.09792442269461094, -0.3490658503988659, 0.08726646259971647), Ropara(0.03313828628663912, -0.3490658503988659, 0.08726646259971647), Ropara(0.1501811028628365, 0.10500000000000001, 0.8400000000000001), fitness)===
===当代平均功率为9432.65896202671===

===第27代进化完成
===当代最小功率为2416.0620191853914;对应实例参数为Rotor(Ropara(0.09934685617163994, 0.05, 0.1), Ropara(0.9456162804365973, 0.6, 1.0), Ropara(0.72860901314915, 0.10500000000000001, 0.9450000000000001), Ropara(-0.09792442269461094, -0.3490658503988659, 0.08726646259971647), Ropara(0.03313828628663912, -0.3490658503988659, 0.08726646259971647), Ropara(0.1501811028628365, 0.10500000000000001, 0.8400000000000001), fitness)===
===当代平均功率为9401.785785637092===

===第28代进化完成
===当代最小功率为2416.0620191853914;对应实例参数为Rotor(Ropara(0.09934685617163994, 0.05, 0.1), Ropara(0.9456162804365973, 0.6, 1.0), Ropara(0.72860901314915, 0.10500000000000001, 0.9450000000000001), Ropara(-0.09792442269461094, -0.3490658503988659, 0.08726646259971647), Ropara(0.03313828628663912, -0.3490658503988659, 0.08726646259971647), Ropara(0.1501811028628365, 0.10500000000000001, 0.8400000000000001), fitness)===
===当代平均功率为8962.517989183756===

===第29代进化完成
===当代最小功率为2416.0620191853914;对应实例参数为Rotor(Ropara(0.09934685617163994, 0.05, 0.1), Ropara(0.9456162804365973, 0.6, 1.0), Ropara(0.72860901314915, 0.10500000000000001, 0.9450000000000001), Ropara(-0.09792442269461094, -0.3490658503988659, 0.08726646259971647), Ropara(0.03313828628663912, -0.3490658503988659, 0.08726646259971647), Ropara(0.1501811028628365, 0.10500000000000001, 0.8400000000000001), fitness)===
===当代平均功率为9404.059473295001===

===第30代进化完成
===当代最小功率为2416.0620191853914;对应实例参数为Rotor(Ropara(0.09934685617163994, 0.05, 0.1), Ropara(0.9456162804365973, 0.6, 1.0), Ropara(0.72860901314915, 0.10500000000000001, 0.9450000000000001), Ropara(-0.09792442269461094, -0.3490658503988659, 0.08726646259971647), Ropara(0.03313828628663912, -0.3490658503988659, 0.08726646259971647), Ropara(0.1501811028628365, 0.10500000000000001, 0.8400000000000001), fitness)===
===当代平均功率为9320.50123853858===

===第31代进化完成
===当代最小功率为2416.0620191853914;对应实例参数为Rotor(Ropara(0.09934685617163994, 0.05, 0.1), Ropara(0.9456162804365973, 0.6, 1.0), Ropara(0.72860901314915, 0.10500000000000001, 0.9450000000000001), Ropara(-0.09792442269461094, -0.3490658503988659, 0.08726646259971647), Ropara(0.03313828628663912, -0.3490658503988659, 0.08726646259971647), Ropara(0.1501811028628365, 0.10500000000000001, 0.8400000000000001), fitness)===
===当代平均功率为9397.340102512413===

===第32代进化完成
===当代最小功率为2416.0620191853914;对应实例参数为Rotor(Ropara(0.09934685617163994, 0.05, 0.1), Ropara(0.9456162804365973, 0.6, 1.0), Ropara(0.72860901314915, 0.10500000000000001, 0.9450000000000001), Ropara(-0.09792442269461094, -0.3490658503988659, 0.08726646259971647), Ropara(0.03313828628663912, -0.3490658503988659, 0.08726646259971647), Ropara(0.1501811028628365, 0.10500000000000001, 0.8400000000000001), fitness)===
===当代平均功率为9383.737525225648===

===第33代进化完成
===当代最小功率为2416.0620191853914;对应实例参数为Rotor(Ropara(0.09934685617163994, 0.05, 0.1), Ropara(0.9456162804365973, 0.6, 1.0), Ropara(0.72860901314915, 0.10500000000000001, 0.9450000000000001), Ropara(-0.09792442269461094, -0.3490658503988659, 0.08726646259971647), Ropara(0.03313828628663912, -0.3490658503988659, 0.08726646259971647), Ropara(0.1501811028628365, 0.10500000000000001, 0.8400000000000001), fitness)===
===当代平均功率为8992.763520459499===

===第34代进化完成
===当代最小功率为2416.0620191853914;对应实例参数为Rotor(Ropara(0.09934685617163994, 0.05, 0.1), Ropara(0.9456162804365973, 0.6, 1.0), Ropara(0.72860901314915, 0.10500000000000001, 0.9450000000000001), Ropara(-0.09792442269461094, -0.3490658503988659, 0.08726646259971647), Ropara(0.03313828628663912, -0.3490658503988659, 0.08726646259971647), Ropara(0.1501811028628365, 0.10500000000000001, 0.8400000000000001), fitness)===
===当代平均功率为9392.763901556309===

===第35代进化完成
===当代最小功率为2416.0620191853914;对应实例参数为Rotor(Ropara(0.09934685617163994, 0.05, 0.1), Ropara(0.9456162804365973, 0.6, 1.0), Ropara(0.72860901314915, 0.10500000000000001, 0.9450000000000001), Ropara(-0.09792442269461094, -0.3490658503988659, 0.08726646259971647), Ropara(0.03313828628663912, -0.3490658503988659, 0.08726646259971647), Ropara(0.1501811028628365, 0.10500000000000001, 0.8400000000000001), fitness)===
===当代平均功率为9556.09539793023===

===第36代进化完成
===当代最小功率为2416.0620191853914;对应实例参数为Rotor(Ropara(0.09934685617163994, 0.05, 0.1), Ropara(0.9456162804365973, 0.6, 1.0), Ropara(0.72860901314915, 0.10500000000000001, 0.9450000000000001), Ropara(-0.09792442269461094, -0.3490658503988659, 0.08726646259971647), Ropara(0.03313828628663912, -0.3490658503988659, 0.08726646259971647), Ropara(0.1501811028628365, 0.10500000000000001, 0.8400000000000001), fitness)===
===当代平均功率为9087.37467983899===

===第37代进化完成
===当代最小功率为2358.9701469133215;对应实例参数为Rotor(Ropara(0.09797585897467759, 0.05, 0.1), Ropara(0.9827968483370185, 0.6, 1.0), Ropara(0.3095296551596469, 0.10500000000000001, 0.9450000000000001), Ropara(-0.0907884211183339, -0.3490658503988659, 0.08726646259971647), Ropara(0.02765634217221291, -0.3490658503988659, 0.08726646259971647), Ropara(0.3025984951407399, 0.10500000000000001, 0.8400000000000001), fitness)===
===当代平均功率为8367.149396309625===

===第38代进化完成
===当代最小功率为2358.9701469133215;对应实例参数为Rotor(Ropara(0.09797585897467759, 0.05, 0.1), Ropara(0.9827968483370185, 0.6, 1.0), Ropara(0.3095296551596469, 0.10500000000000001, 0.9450000000000001), Ropara(-0.0907884211183339, -0.3490658503988659, 0.08726646259971647), Ropara(0.02765634217221291, -0.3490658503988659, 0.08726646259971647), Ropara(0.3025984951407399, 0.10500000000000001, 0.8400000000000001), fitness)===
===当代平均功率为8618.109244578025===

===第39代进化完成
===当代最小功率为2358.9701469133215;对应实例参数为Rotor(Ropara(0.09797585897467759, 0.05, 0.1), Ropara(0.9827968483370185, 0.6, 1.0), Ropara(0.3095296551596469, 0.10500000000000001, 0.9450000000000001), Ropara(-0.0907884211183339, -0.3490658503988659, 0.08726646259971647), Ropara(0.02765634217221291, -0.3490658503988659, 0.08726646259971647), Ropara(0.3025984951407399, 0.10500000000000001, 0.8400000000000001), fitness)===
===当代平均功率为9010.099318160695===

===第40代进化完成
===当代最小功率为2358.9701469133215;对应实例参数为Rotor(Ropara(0.09797585897467759, 0.05, 0.1), Ropara(0.9827968483370185, 0.6, 1.0), Ropara(0.3095296551596469, 0.10500000000000001, 0.9450000000000001), Ropara(-0.0907884211183339, -0.3490658503988659, 0.08726646259971647), Ropara(0.02765634217221291, -0.3490658503988659, 0.08726646259971647), Ropara(0.3025984951407399, 0.10500000000000001, 0.8400000000000001), fitness)===
===当代平均功率为8383.606392478307===

===第41代进化完成
===当代最小功率为2358.9701469133215;对应实例参数为Rotor(Ropara(0.09797585897467759, 0.05, 0.1), Ropara(0.9827968483370185, 0.6, 1.0), Ropara(0.3095296551596469, 0.10500000000000001, 0.9450000000000001), Ropara(-0.0907884211183339, -0.3490658503988659, 0.08726646259971647), Ropara(0.02765634217221291, -0.3490658503988659, 0.08726646259971647), Ropara(0.3025984951407399, 0.10500000000000001, 0.8400000000000001), fitness)===
===当代平均功率为7990.70333876939===

===第42代进化完成
===当代最小功率为2358.9701469133215;对应实例参数为Rotor(Ropara(0.09797585897467759, 0.05, 0.1), Ropara(0.9827968483370185, 0.6, 1.0), Ropara(0.3095296551596469, 0.10500000000000001, 0.9450000000000001), Ropara(-0.0907884211183339, -0.3490658503988659, 0.08726646259971647), Ropara(0.02765634217221291, -0.3490658503988659, 0.08726646259971647), Ropara(0.3025984951407399, 0.10500000000000001, 0.8400000000000001), fitness)===
===当代平均功率为7826.140693940494===

===第43代进化完成
===当代最小功率为2358.9701469133215;对应实例参数为Rotor(Ropara(0.09797585897467759, 0.05, 0.1), Ropara(0.9827968483370185, 0.6, 1.0), Ropara(0.3095296551596469, 0.10500000000000001, 0.9450000000000001), Ropara(-0.0907884211183339, -0.3490658503988659, 0.08726646259971647), Ropara(0.02765634217221291, -0.3490658503988659, 0.08726646259971647), Ropara(0.3025984951407399, 0.10500000000000001, 0.8400000000000001), fitness)===
===当代平均功率为8465.228450341698===

===第44代进化完成
===当代最小功率为2358.9701469133215;对应实例参数为Rotor(Ropara(0.09797585897467759, 0.05, 0.1), Ropara(0.9827968483370185, 0.6, 1.0), Ropara(0.3095296551596469, 0.10500000000000001, 0.9450000000000001), Ropara(-0.0907884211183339, -0.3490658503988659, 0.08726646259971647), Ropara(0.02765634217221291, -0.3490658503988659, 0.08726646259971647), Ropara(0.3025984951407399, 0.10500000000000001, 0.8400000000000001), fitness)===
===当代平均功率为7236.956496370479===

===第45代进化完成
===当代最小功率为2358.9701469133215;对应实例参数为Rotor(Ropara(0.09797585897467759, 0.05, 0.1), Ropara(0.9827968483370185, 0.6, 1.0), Ropara(0.3095296551596469, 0.10500000000000001, 0.9450000000000001), Ropara(-0.0907884211183339, -0.3490658503988659, 0.08726646259971647), Ropara(0.02765634217221291, -0.3490658503988659, 0.08726646259971647), Ropara(0.3025984951407399, 0.10500000000000001, 0.8400000000000001), fitness)===
===当代平均功率为6918.42865921428===

===第46代进化完成
===当代最小功率为2358.9701469133215;对应实例参数为Rotor(Ropara(0.09797585897467759, 0.05, 0.1), Ropara(0.9827968483370185, 0.6, 1.0), Ropara(0.3095296551596469, 0.10500000000000001, 0.9450000000000001), Ropara(-0.0907884211183339, -0.3490658503988659, 0.08726646259971647), Ropara(0.02765634217221291, -0.3490658503988659, 0.08726646259971647), Ropara(0.3025984951407399, 0.10500000000000001, 0.8400000000000001), fitness)===
===当代平均功率为7960.766637297583===

===第47代进化完成
===当代最小功率为2358.9701469133215;对应实例参数为Rotor(Ropara(0.09797585897467759, 0.05, 0.1), Ropara(0.9827968483370185, 0.6, 1.0), Ropara(0.3095296551596469, 0.10500000000000001, 0.9450000000000001), Ropara(-0.0907884211183339, -0.3490658503988659, 0.08726646259971647), Ropara(0.02765634217221291, -0.3490658503988659, 0.08726646259971647), Ropara(0.3025984951407399, 0.10500000000000001, 0.8400000000000001), fitness)===
===当代平均功率为8836.86992788411===

===第48代进化完成
===当代最小功率为2358.9701469133215;对应实例参数为Rotor(Ropara(0.09797585897467759, 0.05, 0.1), Ropara(0.9827968483370185, 0.6, 1.0), Ropara(0.3095296551596469, 0.10500000000000001, 0.9450000000000001), Ropara(-0.0907884211183339, -0.3490658503988659, 0.08726646259971647), Ropara(0.02765634217221291, -0.3490658503988659, 0.08726646259971647), Ropara(0.3025984951407399, 0.10500000000000001, 0.8400000000000001), fitness)===
===当代平均功率为9373.501374143694===

===第49代进化完成
===当代最小功率为2358.9701469133215;对应实例参数为Rotor(Ropara(0.09797585897467759, 0.05, 0.1), Ropara(0.9827968483370185, 0.6, 1.0), Ropara(0.3095296551596469, 0.10500000000000001, 0.9450000000000001), Ropara(-0.0907884211183339, -0.3490658503988659, 0.08726646259971647), Ropara(0.02765634217221291, -0.3490658503988659, 0.08726646259971647), Ropara(0.3025984951407399, 0.10500000000000001, 0.8400000000000001), fitness)===
===当代平均功率为8630.699388243545===

===第50代进化完成
===当代最小功率为2358.9701469133215;对应实例参数为Rotor(Ropara(0.09797585897467759, 0.05, 0.1), Ropara(0.9827968483370185, 0.6, 1.0), Ropara(0.3095296551596469, 0.10500000000000001, 0.9450000000000001), Ropara(-0.0907884211183339, -0.3490658503988659, 0.08726646259971647), Ropara(0.02765634217221291, -0.3490658503988659, 0.08726646259971647), Ropara(0.3025984951407399, 0.10500000000000001, 0.8400000000000001), fitness)===
===当代平均功率为8615.323158038025===

===第51代进化完成
===当代最小功率为2358.9701469133215;对应实例参数为Rotor(Ropara(0.09797585897467759, 0.05, 0.1), Ropara(0.9827968483370185, 0.6, 1.0), Ropara(0.3095296551596469, 0.10500000000000001, 0.9450000000000001), Ropara(-0.0907884211183339, -0.3490658503988659, 0.08726646259971647), Ropara(0.02765634217221291, -0.3490658503988659, 0.08726646259971647), Ropara(0.3025984951407399, 0.10500000000000001, 0.8400000000000001), fitness)===
===当代平均功率为8509.508426061973===

===第52代进化完成
===当代最小功率为2358.9701469133215;对应实例参数为Rotor(Ropara(0.09797585897467759, 0.05, 0.1), Ropara(0.9827968483370185, 0.6, 1.0), Ropara(0.3095296551596469, 0.10500000000000001, 0.9450000000000001), Ropara(-0.0907884211183339, -0.3490658503988659, 0.08726646259971647), Ropara(0.02765634217221291, -0.3490658503988659, 0.08726646259971647), Ropara(0.3025984951407399, 0.10500000000000001, 0.8400000000000001), fitness)===
===当代平均功率为8714.604421854265===

===第53代进化完成
===当代最小功率为2358.9701469133215;对应实例参数为Rotor(Ropara(0.09797585897467759, 0.05, 0.1), Ropara(0.9827968483370185, 0.6, 1.0), Ropara(0.3095296551596469, 0.10500000000000001, 0.9450000000000001), Ropara(-0.0907884211183339, -0.3490658503988659, 0.08726646259971647), Ropara(0.02765634217221291, -0.3490658503988659, 0.08726646259971647), Ropara(0.3025984951407399, 0.10500000000000001, 0.8400000000000001), fitness)===
===当代平均功率为8022.409816971607===

===第54代进化完成
===当代最小功率为2358.9701469133215;对应实例参数为Rotor(Ropara(0.09797585897467759, 0.05, 0.1), Ropara(0.9827968483370185, 0.6, 1.0), Ropara(0.3095296551596469, 0.10500000000000001, 0.9450000000000001), Ropara(-0.0907884211183339, -0.3490658503988659, 0.08726646259971647), Ropara(0.02765634217221291, -0.3490658503988659, 0.08726646259971647), Ropara(0.3025984951407399, 0.10500000000000001, 0.8400000000000001), fitness)===
===当代平均功率为8149.1409832249565===

===第55代进化完成
===当代最小功率为2358.9701469133215;对应实例参数为Rotor(Ropara(0.09797585897467759, 0.05, 0.1), Ropara(0.9827968483370185, 0.6, 1.0), Ropara(0.3095296551596469, 0.10500000000000001, 0.9450000000000001), Ropara(-0.0907884211183339, -0.3490658503988659, 0.08726646259971647), Ropara(0.02765634217221291, -0.3490658503988659, 0.08726646259971647), Ropara(0.3025984951407399, 0.10500000000000001, 0.8400000000000001), fitness)===
===当代平均功率为7907.717197344617===

===第56代进化完成
===当代最小功率为2358.9701469133215;对应实例参数为Rotor(Ropara(0.09797585897467759, 0.05, 0.1), Ropara(0.9827968483370185, 0.6, 1.0), Ropara(0.3095296551596469, 0.10500000000000001, 0.9450000000000001), Ropara(-0.0907884211183339, -0.3490658503988659, 0.08726646259971647), Ropara(0.02765634217221291, -0.3490658503988659, 0.08726646259971647), Ropara(0.3025984951407399, 0.10500000000000001, 0.8400000000000001), fitness)===
===当代平均功率为8656.828630236123===

===第57代进化完成
===当代最小功率为2358.9701469133215;对应实例参数为Rotor(Ropara(0.09797585897467759, 0.05, 0.1), Ropara(0.9827968483370185, 0.6, 1.0), Ropara(0.3095296551596469, 0.10500000000000001, 0.9450000000000001), Ropara(-0.0907884211183339, -0.3490658503988659, 0.08726646259971647), Ropara(0.02765634217221291, -0.3490658503988659, 0.08726646259971647), Ropara(0.3025984951407399, 0.10500000000000001, 0.8400000000000001), fitness)===
===当代平均功率为9247.315454417114===

===第58代进化完成
===当代最小功率为2358.9701469133215;对应实例参数为Rotor(Ropara(0.09797585897467759, 0.05, 0.1), Ropara(0.9827968483370185, 0.6, 1.0), Ropara(0.3095296551596469, 0.10500000000000001, 0.9450000000000001), Ropara(-0.0907884211183339, -0.3490658503988659, 0.08726646259971647), Ropara(0.02765634217221291, -0.3490658503988659, 0.08726646259971647), Ropara(0.3025984951407399, 0.10500000000000001, 0.8400000000000001), fitness)===
===当代平均功率为9007.068040536009===

===第59代进化完成
===当代最小功率为2358.9701469133215;对应实例参数为Rotor(Ropara(0.09797585897467759, 0.05, 0.1), Ropara(0.9827968483370185, 0.6, 1.0), Ropara(0.3095296551596469, 0.10500000000000001, 0.9450000000000001), Ropara(-0.0907884211183339, -0.3490658503988659, 0.08726646259971647), Ropara(0.02765634217221291, -0.3490658503988659, 0.08726646259971647), Ropara(0.3025984951407399, 0.10500000000000001, 0.8400000000000001), fitness)===
===当代平均功率为8343.124505215614===

===第60代进化完成
===当代最小功率为2358.9701469133215;对应实例参数为Rotor(Ropara(0.09797585897467759, 0.05, 0.1), Ropara(0.9827968483370185, 0.6, 1.0), Ropara(0.3095296551596469, 0.10500000000000001, 0.9450000000000001), Ropara(-0.0907884211183339, -0.3490658503988659, 0.08726646259971647), Ropara(0.02765634217221291, -0.3490658503988659, 0.08726646259971647), Ropara(0.3025984951407399, 0.10500000000000001, 0.8400000000000001), fitness)===
===当代平均功率为9075.120344783883===

===第61代进化完成
===当代最小功率为2358.9701469133215;对应实例参数为Rotor(Ropara(0.09797585897467759, 0.05, 0.1), Ropara(0.9827968483370185, 0.6, 1.0), Ropara(0.3095296551596469, 0.10500000000000001, 0.9450000000000001), Ropara(-0.0907884211183339, -0.3490658503988659, 0.08726646259971647), Ropara(0.02765634217221291, -0.3490658503988659, 0.08726646259971647), Ropara(0.3025984951407399, 0.10500000000000001, 0.8400000000000001), fitness)===
===当代平均功率为8668.996738076963===

===第62代进化完成
===当代最小功率为2358.9701469133215;对应实例参数为Rotor(Ropara(0.09797585897467759, 0.05, 0.1), Ropara(0.9827968483370185, 0.6, 1.0), Ropara(0.3095296551596469, 0.10500000000000001, 0.9450000000000001), Ropara(-0.0907884211183339, -0.3490658503988659, 0.08726646259971647), Ropara(0.02765634217221291, -0.3490658503988659, 0.08726646259971647), Ropara(0.3025984951407399, 0.10500000000000001, 0.8400000000000001), fitness)===
===当代平均功率为9219.897159680655===

===第63代进化完成
===当代最小功率为2358.9701469133215;对应实例参数为Rotor(Ropara(0.09797585897467759, 0.05, 0.1), Ropara(0.9827968483370185, 0.6, 1.0), Ropara(0.3095296551596469, 0.10500000000000001, 0.9450000000000001), Ropara(-0.0907884211183339, -0.3490658503988659, 0.08726646259971647), Ropara(0.02765634217221291, -0.3490658503988659, 0.08726646259971647), Ropara(0.3025984951407399, 0.10500000000000001, 0.8400000000000001), fitness)===
===当代平均功率为8896.884384015391===

===第64代进化完成
===当代最小功率为2358.9701469133215;对应实例参数为Rotor(Ropara(0.09797585897467759, 0.05, 0.1), Ropara(0.9827968483370185, 0.6, 1.0), Ropara(0.3095296551596469, 0.10500000000000001, 0.9450000000000001), Ropara(-0.0907884211183339, -0.3490658503988659, 0.08726646259971647), Ropara(0.02765634217221291, -0.3490658503988659, 0.08726646259971647), Ropara(0.3025984951407399, 0.10500000000000001, 0.8400000000000001), fitness)===
===当代平均功率为8232.452291317813===

===第65代进化完成
===当代最小功率为2358.9701469133215;对应实例参数为Rotor(Ropara(0.09797585897467759, 0.05, 0.1), Ropara(0.9827968483370185, 0.6, 1.0), Ropara(0.3095296551596469, 0.10500000000000001, 0.9450000000000001), Ropara(-0.0907884211183339, -0.3490658503988659, 0.08726646259971647), Ropara(0.02765634217221291, -0.3490658503988659, 0.08726646259971647), Ropara(0.3025984951407399, 0.10500000000000001, 0.8400000000000001), fitness)===
===当代平均功率为8714.83854386428===

===第66代进化完成
===当代最小功率为2358.9701469133215;对应实例参数为Rotor(Ropara(0.09797585897467759, 0.05, 0.1), Ropara(0.9827968483370185, 0.6, 1.0), Ropara(0.3095296551596469, 0.10500000000000001, 0.9450000000000001), Ropara(-0.0907884211183339, -0.3490658503988659, 0.08726646259971647), Ropara(0.02765634217221291, -0.3490658503988659, 0.08726646259971647), Ropara(0.3025984951407399, 0.10500000000000001, 0.8400000000000001), fitness)===
===当代平均功率为8988.81008418809===

===第67代进化完成
===当代最小功率为2358.9701469133215;对应实例参数为Rotor(Ropara(0.09797585897467759, 0.05, 0.1), Ropara(0.9827968483370185, 0.6, 1.0), Ropara(0.3095296551596469, 0.10500000000000001, 0.9450000000000001), Ropara(-0.0907884211183339, -0.3490658503988659, 0.08726646259971647), Ropara(0.02765634217221291, -0.3490658503988659, 0.08726646259971647), Ropara(0.3025984951407399, 0.10500000000000001, 0.8400000000000001), fitness)===
===当代平均功率为9081.364797606706===

===第68代进化完成
===当代最小功率为2358.9701469133215;对应实例参数为Rotor(Ropara(0.09797585897467759, 0.05, 0.1), Ropara(0.9827968483370185, 0.6, 1.0), Ropara(0.3095296551596469, 0.10500000000000001, 0.9450000000000001), Ropara(-0.0907884211183339, -0.3490658503988659, 0.08726646259971647), Ropara(0.02765634217221291, -0.3490658503988659, 0.08726646259971647), Ropara(0.3025984951407399, 0.10500000000000001, 0.8400000000000001), fitness)===
===当代平均功率为8259.115337485617===

===第69代进化完成
===当代最小功率为2358.9701469133215;对应实例参数为Rotor(Ropara(0.09797585897467759, 0.05, 0.1), Ropara(0.9827968483370185, 0.6, 1.0), Ropara(0.3095296551596469, 0.10500000000000001, 0.9450000000000001), Ropara(-0.0907884211183339, -0.3490658503988659, 0.08726646259971647), Ropara(0.02765634217221291, -0.3490658503988659, 0.08726646259971647), Ropara(0.3025984951407399, 0.10500000000000001, 0.8400000000000001), fitness)===
===当代平均功率为8327.88025377965===

===第70代进化完成
===当代最小功率为2358.9701469133215;对应实例参数为Rotor(Ropara(0.09797585897467759, 0.05, 0.1), Ropara(0.9827968483370185, 0.6, 1.0), Ropara(0.3095296551596469, 0.10500000000000001, 0.9450000000000001), Ropara(-0.0907884211183339, -0.3490658503988659, 0.08726646259971647), Ropara(0.02765634217221291, -0.3490658503988659, 0.08726646259971647), Ropara(0.3025984951407399, 0.10500000000000001, 0.8400000000000001), fitness)===
===当代平均功率为8844.7866991857===

===第71代进化完成
===当代最小功率为2358.9701469133215;对应实例参数为Rotor(Ropara(0.09797585897467759, 0.05, 0.1), Ropara(0.9827968483370185, 0.6, 1.0), Ropara(0.3095296551596469, 0.10500000000000001, 0.9450000000000001), Ropara(-0.0907884211183339, -0.3490658503988659, 0.08726646259971647), Ropara(0.02765634217221291, -0.3490658503988659, 0.08726646259971647), Ropara(0.3025984951407399, 0.10500000000000001, 0.8400000000000001), fitness)===
===当代平均功率为9120.287505212194===

===第72代进化完成
===当代最小功率为2358.9701469133215;对应实例参数为Rotor(Ropara(0.09797585897467759, 0.05, 0.1), Ropara(0.9827968483370185, 0.6, 1.0), Ropara(0.3095296551596469, 0.10500000000000001, 0.9450000000000001), Ropara(-0.0907884211183339, -0.3490658503988659, 0.08726646259971647), Ropara(0.02765634217221291, -0.3490658503988659, 0.08726646259971647), Ropara(0.3025984951407399, 0.10500000000000001, 0.8400000000000001), fitness)===
===当代平均功率为8962.261395776246===

===第73代进化完成
===当代最小功率为2358.9701469133215;对应实例参数为Rotor(Ropara(0.09797585897467759, 0.05, 0.1), Ropara(0.9827968483370185, 0.6, 1.0), Ropara(0.3095296551596469, 0.10500000000000001, 0.9450000000000001), Ropara(-0.0907884211183339, -0.3490658503988659, 0.08726646259971647), Ropara(0.02765634217221291, -0.3490658503988659, 0.08726646259971647), Ropara(0.3025984951407399, 0.10500000000000001, 0.8400000000000001), fitness)===
===当代平均功率为8919.593261138709===

===第74代进化完成
===当代最小功率为2358.9701469133215;对应实例参数为Rotor(Ropara(0.09797585897467759, 0.05, 0.1), Ropara(0.9827968483370185, 0.6, 1.0), Ropara(0.3095296551596469, 0.10500000000000001, 0.9450000000000001), Ropara(-0.0907884211183339, -0.3490658503988659, 0.08726646259971647), Ropara(0.02765634217221291, -0.3490658503988659, 0.08726646259971647), Ropara(0.3025984951407399, 0.10500000000000001, 0.8400000000000001), fitness)===
===当代平均功率为9011.76388263691===

===第75代进化完成
===当代最小功率为2358.9701469133215;对应实例参数为Rotor(Ropara(0.09797585897467759, 0.05, 0.1), Ropara(0.9827968483370185, 0.6, 1.0), Ropara(0.3095296551596469, 0.10500000000000001, 0.9450000000000001), Ropara(-0.0907884211183339, -0.3490658503988659, 0.08726646259971647), Ropara(0.02765634217221291, -0.3490658503988659, 0.08726646259971647), Ropara(0.3025984951407399, 0.10500000000000001, 0.8400000000000001), fitness)===
===当代平均功率为9145.667972640691===

===第76代进化完成
===当代最小功率为2358.9701469133215;对应实例参数为Rotor(Ropara(0.09797585897467759, 0.05, 0.1), Ropara(0.9827968483370185, 0.6, 1.0), Ropara(0.3095296551596469, 0.10500000000000001, 0.9450000000000001), Ropara(-0.0907884211183339, -0.3490658503988659, 0.08726646259971647), Ropara(0.02765634217221291, -0.3490658503988659, 0.08726646259971647), Ropara(0.3025984951407399, 0.10500000000000001, 0.8400000000000001), fitness)===
===当代平均功率为9200.296987097678===

===第77代进化完成
===当代最小功率为2358.9701469133215;对应实例参数为Rotor(Ropara(0.09797585897467759, 0.05, 0.1), Ropara(0.9827968483370185, 0.6, 1.0), Ropara(0.3095296551596469, 0.10500000000000001, 0.9450000000000001), Ropara(-0.0907884211183339, -0.3490658503988659, 0.08726646259971647), Ropara(0.02765634217221291, -0.3490658503988659, 0.08726646259971647), Ropara(0.3025984951407399, 0.10500000000000001, 0.8400000000000001), fitness)===
===当代平均功率为8995.881599481494===

===第78代进化完成
===当代最小功率为2358.9701469133215;对应实例参数为Rotor(Ropara(0.09797585897467759, 0.05, 0.1), Ropara(0.9827968483370185, 0.6, 1.0), Ropara(0.3095296551596469, 0.10500000000000001, 0.9450000000000001), Ropara(-0.0907884211183339, -0.3490658503988659, 0.08726646259971647), Ropara(0.02765634217221291, -0.3490658503988659, 0.08726646259971647), Ropara(0.3025984951407399, 0.10500000000000001, 0.8400000000000001), fitness)===
===当代平均功率为8136.770570456927===

===第79代进化完成
===当代最小功率为2358.9701469133215;对应实例参数为Rotor(Ropara(0.09797585897467759, 0.05, 0.1), Ropara(0.9827968483370185, 0.6, 1.0), Ropara(0.3095296551596469, 0.10500000000000001, 0.9450000000000001), Ropara(-0.0907884211183339, -0.3490658503988659, 0.08726646259971647), Ropara(0.02765634217221291, -0.3490658503988659, 0.08726646259971647), Ropara(0.3025984951407399, 0.10500000000000001, 0.8400000000000001), fitness)===
===当代平均功率为7873.102836996411===

===第80代进化完成
===当代最小功率为2358.9701469133215;对应实例参数为Rotor(Ropara(0.09797585897467759, 0.05, 0.1), Ropara(0.9827968483370185, 0.6, 1.0), Ropara(0.3095296551596469, 0.10500000000000001, 0.9450000000000001), Ropara(-0.0907884211183339, -0.3490658503988659, 0.08726646259971647), Ropara(0.02765634217221291, -0.3490658503988659, 0.08726646259971647), Ropara(0.3025984951407399, 0.10500000000000001, 0.8400000000000001), fitness)===
===当代平均功率为7905.876663859346===

===第81代进化完成
===当代最小功率为2358.9701469133215;对应实例参数为Rotor(Ropara(0.09797585897467759, 0.05, 0.1), Ropara(0.9827968483370185, 0.6, 1.0), Ropara(0.3095296551596469, 0.10500000000000001, 0.9450000000000001), Ropara(-0.0907884211183339, -0.3490658503988659, 0.08726646259971647), Ropara(0.02765634217221291, -0.3490658503988659, 0.08726646259971647), Ropara(0.3025984951407399, 0.10500000000000001, 0.8400000000000001), fitness)===
===当代平均功率为8829.248463986229===

===第82代进化完成
===当代最小功率为2358.9701469133215;对应实例参数为Rotor(Ropara(0.09797585897467759, 0.05, 0.1), Ropara(0.9827968483370185, 0.6, 1.0), Ropara(0.3095296551596469, 0.10500000000000001, 0.9450000000000001), Ropara(-0.0907884211183339, -0.3490658503988659, 0.08726646259971647), Ropara(0.02765634217221291, -0.3490658503988659, 0.08726646259971647), Ropara(0.3025984951407399, 0.10500000000000001, 0.8400000000000001), fitness)===
===当代平均功率为8469.357443427247===

===第83代进化完成
===当代最小功率为2358.9701469133215;对应实例参数为Rotor(Ropara(0.09797585897467759, 0.05, 0.1), Ropara(0.9827968483370185, 0.6, 1.0), Ropara(0.3095296551596469, 0.10500000000000001, 0.9450000000000001), Ropara(-0.0907884211183339, -0.3490658503988659, 0.08726646259971647), Ropara(0.02765634217221291, -0.3490658503988659, 0.08726646259971647), Ropara(0.3025984951407399, 0.10500000000000001, 0.8400000000000001), fitness)===
===当代平均功率为5071.0178980383325===

===第84代进化完成
===当代最小功率为2358.9701469133215;对应实例参数为Rotor(Ropara(0.09797585897467759, 0.05, 0.1), Ropara(0.9827968483370185, 0.6, 1.0), Ropara(0.3095296551596469, 0.10500000000000001, 0.9450000000000001), Ropara(-0.0907884211183339, -0.3490658503988659, 0.08726646259971647), Ropara(0.02765634217221291, -0.3490658503988659, 0.08726646259971647), Ropara(0.3025984951407399, 0.10500000000000001, 0.8400000000000001), fitness)===
===当代平均功率为5591.677998308706===

===第85代进化完成
===当代最小功率为2358.9701469133215;对应实例参数为Rotor(Ropara(0.09797585897467759, 0.05, 0.1), Ropara(0.9827968483370185, 0.6, 1.0), Ropara(0.3095296551596469, 0.10500000000000001, 0.9450000000000001), Ropara(-0.0907884211183339, -0.3490658503988659, 0.08726646259971647), Ropara(0.02765634217221291, -0.3490658503988659, 0.08726646259971647), Ropara(0.3025984951407399, 0.10500000000000001, 0.8400000000000001), fitness)===
===当代平均功率为6628.429256571682===

===第86代进化完成
===当代最小功率为2358.9701469133215;对应实例参数为Rotor(Ropara(0.09797585897467759, 0.05, 0.1), Ropara(0.9827968483370185, 0.6, 1.0), Ropara(0.3095296551596469, 0.10500000000000001, 0.9450000000000001), Ropara(-0.0907884211183339, -0.3490658503988659, 0.08726646259971647), Ropara(0.02765634217221291, -0.3490658503988659, 0.08726646259971647), Ropara(0.3025984951407399, 0.10500000000000001, 0.8400000000000001), fitness)===
===当代平均功率为6053.859841235521===

===第87代进化完成
===当代最小功率为2358.9701469133215;对应实例参数为Rotor(Ropara(0.09797585897467759, 0.05, 0.1), Ropara(0.9827968483370185, 0.6, 1.0), Ropara(0.3095296551596469, 0.10500000000000001, 0.9450000000000001), Ropara(-0.0907884211183339, -0.3490658503988659, 0.08726646259971647), Ropara(0.02765634217221291, -0.3490658503988659, 0.08726646259971647), Ropara(0.3025984951407399, 0.10500000000000001, 0.8400000000000001), fitness)===
===当代平均功率为5084.459467196712===

===第88代进化完成
===当代最小功率为2358.9701469133215;对应实例参数为Rotor(Ropara(0.09797585897467759, 0.05, 0.1), Ropara(0.9827968483370185, 0.6, 1.0), Ropara(0.3095296551596469, 0.10500000000000001, 0.9450000000000001), Ropara(-0.0907884211183339, -0.3490658503988659, 0.08726646259971647), Ropara(0.02765634217221291, -0.3490658503988659, 0.08726646259971647), Ropara(0.3025984951407399, 0.10500000000000001, 0.8400000000000001), fitness)===
===当代平均功率为6051.406151817601===

===第89代进化完成
===当代最小功率为2358.9701469133215;对应实例参数为Rotor(Ropara(0.09797585897467759, 0.05, 0.1), Ropara(0.9827968483370185, 0.6, 1.0), Ropara(0.3095296551596469, 0.10500000000000001, 0.9450000000000001), Ropara(-0.0907884211183339, -0.3490658503988659, 0.08726646259971647), Ropara(0.02765634217221291, -0.3490658503988659, 0.08726646259971647), Ropara(0.3025984951407399, 0.10500000000000001, 0.8400000000000001), fitness)===
===当代平均功率为5123.792260187744===

===第90代进化完成
===当代最小功率为2358.9701469133215;对应实例参数为Rotor(Ropara(0.09797585897467759, 0.05, 0.1), Ropara(0.9827968483370185, 0.6, 1.0), Ropara(0.3095296551596469, 0.10500000000000001, 0.9450000000000001), Ropara(-0.0907884211183339, -0.3490658503988659, 0.08726646259971647), Ropara(0.02765634217221291, -0.3490658503988659, 0.08726646259971647), Ropara(0.3025984951407399, 0.10500000000000001, 0.8400000000000001), fitness)===
===当代平均功率为5278.309828278519===

===第91代进化完成
===当代最小功率为2358.9701469133215;对应实例参数为Rotor(Ropara(0.09797585897467759, 0.05, 0.1), Ropara(0.9827968483370185, 0.6, 1.0), Ropara(0.3095296551596469, 0.10500000000000001, 0.9450000000000001), Ropara(-0.0907884211183339, -0.3490658503988659, 0.08726646259971647), Ropara(0.02765634217221291, -0.3490658503988659, 0.08726646259971647), Ropara(0.3025984951407399, 0.10500000000000001, 0.8400000000000001), fitness)===
===当代平均功率为5840.920087215358===

===第92代进化完成
===当代最小功率为2358.9701469133215;对应实例参数为Rotor(Ropara(0.09797585897467759, 0.05, 0.1), Ropara(0.9827968483370185, 0.6, 1.0), Ropara(0.3095296551596469, 0.10500000000000001, 0.9450000000000001), Ropara(-0.0907884211183339, -0.3490658503988659, 0.08726646259971647), Ropara(0.02765634217221291, -0.3490658503988659, 0.08726646259971647), Ropara(0.3025984951407399, 0.10500000000000001, 0.8400000000000001), fitness)===
===当代平均功率为4702.893530829313===

===第93代进化完成
===当代最小功率为2358.9701469133215;对应实例参数为Rotor(Ropara(0.09797585897467759, 0.05, 0.1), Ropara(0.9827968483370185, 0.6, 1.0), Ropara(0.3095296551596469, 0.10500000000000001, 0.9450000000000001), Ropara(-0.0907884211183339, -0.3490658503988659, 0.08726646259971647), Ropara(0.02765634217221291, -0.3490658503988659, 0.08726646259971647), Ropara(0.3025984951407399, 0.10500000000000001, 0.8400000000000001), fitness)===
===当代平均功率为5114.251880564603===

===第94代进化完成
===当代最小功率为2358.9701469133215;对应实例参数为Rotor(Ropara(0.09797585897467759, 0.05, 0.1), Ropara(0.9827968483370185, 0.6, 1.0), Ropara(0.3095296551596469, 0.10500000000000001, 0.9450000000000001), Ropara(-0.0907884211183339, -0.3490658503988659, 0.08726646259971647), Ropara(0.02765634217221291, -0.3490658503988659, 0.08726646259971647), Ropara(0.3025984951407399, 0.10500000000000001, 0.8400000000000001), fitness)===
===当代平均功率为5047.239264183806===

===第95代进化完成
===当代最小功率为2358.9701469133215;对应实例参数为Rotor(Ropara(0.09797585897467759, 0.05, 0.1), Ropara(0.9827968483370185, 0.6, 1.0), Ropara(0.3095296551596469, 0.10500000000000001, 0.9450000000000001), Ropara(-0.0907884211183339, -0.3490658503988659, 0.08726646259971647), Ropara(0.02765634217221291, -0.3490658503988659, 0.08726646259971647), Ropara(0.3025984951407399, 0.10500000000000001, 0.8400000000000001), fitness)===
===当代平均功率为4204.215040792722===

===第96代进化完成
===当代最小功率为2358.9701469133215;对应实例参数为Rotor(Ropara(0.09797585897467759, 0.05, 0.1), Ropara(0.9827968483370185, 0.6, 1.0), Ropara(0.3095296551596469, 0.10500000000000001, 0.9450000000000001), Ropara(-0.0907884211183339, -0.3490658503988659, 0.08726646259971647), Ropara(0.02765634217221291, -0.3490658503988659, 0.08726646259971647), Ropara(0.3025984951407399, 0.10500000000000001, 0.8400000000000001), fitness)===
===当代平均功率为5279.00176415665===

===第97代进化完成
===当代最小功率为2358.9701469133215;对应实例参数为Rotor(Ropara(0.09797585897467759, 0.05, 0.1), Ropara(0.9827968483370185, 0.6, 1.0), Ropara(0.3095296551596469, 0.10500000000000001, 0.9450000000000001), Ropara(-0.0907884211183339, -0.3490658503988659, 0.08726646259971647), Ropara(0.02765634217221291, -0.3490658503988659, 0.08726646259971647), Ropara(0.3025984951407399, 0.10500000000000001, 0.8400000000000001), fitness)===
===当代平均功率为5326.387434164131===

===第98代进化完成
===当代最小功率为2358.9701469133215;对应实例参数为Rotor(Ropara(0.09797585897467759, 0.05, 0.1), Ropara(0.9827968483370185, 0.6, 1.0), Ropara(0.3095296551596469, 0.10500000000000001, 0.9450000000000001), Ropara(-0.0907884211183339, -0.3490658503988659, 0.08726646259971647), Ropara(0.02765634217221291, -0.3490658503988659, 0.08726646259971647), Ropara(0.3025984951407399, 0.10500000000000001, 0.8400000000000001), fitness)===
===当代平均功率为5640.331324480529===

===第99代进化完成
===当代最小功率为2358.9701469133215;对应实例参数为Rotor(Ropara(0.09797585897467759, 0.05, 0.1), Ropara(0.9827968483370185, 0.6, 1.0), Ropara(0.3095296551596469, 0.10500000000000001, 0.9450000000000001), Ropara(-0.0907884211183339, -0.3490658503988659, 0.08726646259971647), Ropara(0.02765634217221291, -0.3490658503988659, 0.08726646259971647), Ropara(0.3025984951407399, 0.10500000000000001, 0.8400000000000001), fitness)===
===当代平均功率为5512.323227030422===

===第100代进化完成
===当代最小功率为2358.9701469133215;对应实例参数为Rotor(Ropara(0.09797585897467759, 0.05, 0.1), Ropara(0.9827968483370185, 0.6, 1.0), Ropara(0.3095296551596469, 0.10500000000000001, 0.9450000000000001), Ropara(-0.0907884211183339, -0.3490658503988659, 0.08726646259971647), Ropara(0.02765634217221291, -0.3490658503988659, 0.08726646259971647), Ropara(0.3025984951407399, 0.10500000000000001, 0.8400000000000001), fitness)===
===当代平均功率为5193.709679043044===

===第101代进化完成
===当代最小功率为2358.9701469133215;对应实例参数为Rotor(Ropara(0.09797585897467759, 0.05, 0.1), Ropara(0.9827968483370185, 0.6, 1.0), Ropara(0.3095296551596469, 0.10500000000000001, 0.9450000000000001), Ropara(-0.0907884211183339, -0.3490658503988659, 0.08726646259971647), Ropara(0.02765634217221291, -0.3490658503988659, 0.08726646259971647), Ropara(0.3025984951407399, 0.10500000000000001, 0.8400000000000001), fitness)===
===当代平均功率为4874.077183331193===

===第102代进化完成
===当代最小功率为2358.9701469133215;对应实例参数为Rotor(Ropara(0.09797585897467759, 0.05, 0.1), Ropara(0.9827968483370185, 0.6, 1.0), Ropara(0.3095296551596469, 0.10500000000000001, 0.9450000000000001), Ropara(-0.0907884211183339, -0.3490658503988659, 0.08726646259971647), Ropara(0.02765634217221291, -0.3490658503988659, 0.08726646259971647), Ropara(0.3025984951407399, 0.10500000000000001, 0.8400000000000001), fitness)===
===当代平均功率为4629.629608083331===

===第103代进化完成
===当代最小功率为2358.9701469133215;对应实例参数为Rotor(Ropara(0.09797585897467759, 0.05, 0.1), Ropara(0.9827968483370185, 0.6, 1.0), Ropara(0.3095296551596469, 0.10500000000000001, 0.9450000000000001), Ropara(-0.0907884211183339, -0.3490658503988659, 0.08726646259971647), Ropara(0.02765634217221291, -0.3490658503988659, 0.08726646259971647), Ropara(0.3025984951407399, 0.10500000000000001, 0.8400000000000001), fitness)===
===当代平均功率为5152.919513575345===

===第104代进化完成
===当代最小功率为2358.9701469133215;对应实例参数为Rotor(Ropara(0.09797585897467759, 0.05, 0.1), Ropara(0.9827968483370185, 0.6, 1.0), Ropara(0.3095296551596469, 0.10500000000000001, 0.9450000000000001), Ropara(-0.0907884211183339, -0.3490658503988659, 0.08726646259971647), Ropara(0.02765634217221291, -0.3490658503988659, 0.08726646259971647), Ropara(0.3025984951407399, 0.10500000000000001, 0.8400000000000001), fitness)===
===当代平均功率为4913.515130948632===

===第105代进化完成
===当代最小功率为2358.9701469133215;对应实例参数为Rotor(Ropara(0.09797585897467759, 0.05, 0.1), Ropara(0.9827968483370185, 0.6, 1.0), Ropara(0.3095296551596469, 0.10500000000000001, 0.9450000000000001), Ropara(-0.0907884211183339, -0.3490658503988659, 0.08726646259971647), Ropara(0.02765634217221291, -0.3490658503988659, 0.08726646259971647), Ropara(0.3025984951407399, 0.10500000000000001, 0.8400000000000001), fitness)===
===当代平均功率为4798.306578293672===

===第106代进化完成
===当代最小功率为2358.9701469133215;对应实例参数为Rotor(Ropara(0.09797585897467759, 0.05, 0.1), Ropara(0.9827968483370185, 0.6, 1.0), Ropara(0.3095296551596469, 0.10500000000000001, 0.9450000000000001), Ropara(-0.0907884211183339, -0.3490658503988659, 0.08726646259971647), Ropara(0.02765634217221291, -0.3490658503988659, 0.08726646259971647), Ropara(0.3025984951407399, 0.10500000000000001, 0.8400000000000001), fitness)===
===当代平均功率为4640.120992119914===

===第107代进化完成
===当代最小功率为2358.9701469133215;对应实例参数为Rotor(Ropara(0.09797585897467759, 0.05, 0.1), Ropara(0.9827968483370185, 0.6, 1.0), Ropara(0.3095296551596469, 0.10500000000000001, 0.9450000000000001), Ropara(-0.0907884211183339, -0.3490658503988659, 0.08726646259971647), Ropara(0.02765634217221291, -0.3490658503988659, 0.08726646259971647), Ropara(0.3025984951407399, 0.10500000000000001, 0.8400000000000001), fitness)===
===当代平均功率为4970.283704938701===

===第108代进化完成
===当代最小功率为2358.9701469133215;对应实例参数为Rotor(Ropara(0.09797585897467759, 0.05, 0.1), Ropara(0.9827968483370185, 0.6, 1.0), Ropara(0.3095296551596469, 0.10500000000000001, 0.9450000000000001), Ropara(-0.0907884211183339, -0.3490658503988659, 0.08726646259971647), Ropara(0.02765634217221291, -0.3490658503988659, 0.08726646259971647), Ropara(0.3025984951407399, 0.10500000000000001, 0.8400000000000001), fitness)===
===当代平均功率为5868.497775073166===

===第109代进化完成
===当代最小功率为2358.9701469133215;对应实例参数为Rotor(Ropara(0.09797585897467759, 0.05, 0.1), Ropara(0.9827968483370185, 0.6, 1.0), Ropara(0.3095296551596469, 0.10500000000000001, 0.9450000000000001), Ropara(-0.0907884211183339, -0.3490658503988659, 0.08726646259971647), Ropara(0.02765634217221291, -0.3490658503988659, 0.08726646259971647), Ropara(0.3025984951407399, 0.10500000000000001, 0.8400000000000001), fitness)===
===当代平均功率为4922.302031255538===

===第110代进化完成
===当代最小功率为2358.9701469133215;对应实例参数为Rotor(Ropara(0.09797585897467759, 0.05, 0.1), Ropara(0.9827968483370185, 0.6, 1.0), Ropara(0.3095296551596469, 0.10500000000000001, 0.9450000000000001), Ropara(-0.0907884211183339, -0.3490658503988659, 0.08726646259971647), Ropara(0.02765634217221291, -0.3490658503988659, 0.08726646259971647), Ropara(0.3025984951407399, 0.10500000000000001, 0.8400000000000001), fitness)===
===当代平均功率为3865.97022324759===

===第111代进化完成
===当代最小功率为2358.9701469133215;对应实例参数为Rotor(Ropara(0.09797585897467759, 0.05, 0.1), Ropara(0.9827968483370185, 0.6, 1.0), Ropara(0.3095296551596469, 0.10500000000000001, 0.9450000000000001), Ropara(-0.0907884211183339, -0.3490658503988659, 0.08726646259971647), Ropara(0.02765634217221291, -0.3490658503988659, 0.08726646259971647), Ropara(0.3025984951407399, 0.10500000000000001, 0.8400000000000001), fitness)===
===当代平均功率为4492.610116265831===

===第112代进化完成
===当代最小功率为2358.9701469133215;对应实例参数为Rotor(Ropara(0.09797585897467759, 0.05, 0.1), Ropara(0.9827968483370185, 0.6, 1.0), Ropara(0.3095296551596469, 0.10500000000000001, 0.9450000000000001), Ropara(-0.0907884211183339, -0.3490658503988659, 0.08726646259971647), Ropara(0.02765634217221291, -0.3490658503988659, 0.08726646259971647), Ropara(0.3025984951407399, 0.10500000000000001, 0.8400000000000001), fitness)===
===当代平均功率为4838.65219611471===

===第113代进化完成
===当代最小功率为2358.9701469133215;对应实例参数为Rotor(Ropara(0.09797585897467759, 0.05, 0.1), Ropara(0.9827968483370185, 0.6, 1.0), Ropara(0.3095296551596469, 0.10500000000000001, 0.9450000000000001), Ropara(-0.0907884211183339, -0.3490658503988659, 0.08726646259971647), Ropara(0.02765634217221291, -0.3490658503988659, 0.08726646259971647), Ropara(0.3025984951407399, 0.10500000000000001, 0.8400000000000001), fitness)===
===当代平均功率为4849.263577222998===

===第114代进化完成
===当代最小功率为2358.9701469133215;对应实例参数为Rotor(Ropara(0.09797585897467759, 0.05, 0.1), Ropara(0.9827968483370185, 0.6, 1.0), Ropara(0.3095296551596469, 0.10500000000000001, 0.9450000000000001), Ropara(-0.0907884211183339, -0.3490658503988659, 0.08726646259971647), Ropara(0.02765634217221291, -0.3490658503988659, 0.08726646259971647), Ropara(0.3025984951407399, 0.10500000000000001, 0.8400000000000001), fitness)===
===当代平均功率为4955.644272078319===

===第115代进化完成
===当代最小功率为2358.9701469133215;对应实例参数为Rotor(Ropara(0.09797585897467759, 0.05, 0.1), Ropara(0.9827968483370185, 0.6, 1.0), Ropara(0.3095296551596469, 0.10500000000000001, 0.9450000000000001), Ropara(-0.0907884211183339, -0.3490658503988659, 0.08726646259971647), Ropara(0.02765634217221291, -0.3490658503988659, 0.08726646259971647), Ropara(0.3025984951407399, 0.10500000000000001, 0.8400000000000001), fitness)===
===当代平均功率为4703.84061130587===

===第116代进化完成
===当代最小功率为2358.9701469133215;对应实例参数为Rotor(Ropara(0.09797585897467759, 0.05, 0.1), Ropara(0.9827968483370185, 0.6, 1.0), Ropara(0.3095296551596469, 0.10500000000000001, 0.9450000000000001), Ropara(-0.0907884211183339, -0.3490658503988659, 0.08726646259971647), Ropara(0.02765634217221291, -0.3490658503988659, 0.08726646259971647), Ropara(0.3025984951407399, 0.10500000000000001, 0.8400000000000001), fitness)===
===当代平均功率为4365.879763025836===

===第117代进化完成
===当代最小功率为2358.9701469133215;对应实例参数为Rotor(Ropara(0.09797585897467759, 0.05, 0.1), Ropara(0.9827968483370185, 0.6, 1.0), Ropara(0.3095296551596469, 0.10500000000000001, 0.9450000000000001), Ropara(-0.0907884211183339, -0.3490658503988659, 0.08726646259971647), Ropara(0.02765634217221291, -0.3490658503988659, 0.08726646259971647), Ropara(0.3025984951407399, 0.10500000000000001, 0.8400000000000001), fitness)===
===当代平均功率为4991.8223826819485===

===第118代进化完成
===当代最小功率为2358.9701469133215;对应实例参数为Rotor(Ropara(0.09797585897467759, 0.05, 0.1), Ropara(0.9827968483370185, 0.6, 1.0), Ropara(0.3095296551596469, 0.10500000000000001, 0.9450000000000001), Ropara(-0.0907884211183339, -0.3490658503988659, 0.08726646259971647), Ropara(0.02765634217221291, -0.3490658503988659, 0.08726646259971647), Ropara(0.3025984951407399, 0.10500000000000001, 0.8400000000000001), fitness)===
===当代平均功率为4295.8523060218395===

===第119代进化完成
===当代最小功率为2358.9701469133215;对应实例参数为Rotor(Ropara(0.09797585897467759, 0.05, 0.1), Ropara(0.9827968483370185, 0.6, 1.0), Ropara(0.3095296551596469, 0.10500000000000001, 0.9450000000000001), Ropara(-0.0907884211183339, -0.3490658503988659, 0.08726646259971647), Ropara(0.02765634217221291, -0.3490658503988659, 0.08726646259971647), Ropara(0.3025984951407399, 0.10500000000000001, 0.8400000000000001), fitness)===
===当代平均功率为3881.8451618040745===

===第120代进化完成
===当代最小功率为2358.9701469133215;对应实例参数为Rotor(Ropara(0.09797585897467759, 0.05, 0.1), Ropara(0.9827968483370185, 0.6, 1.0), Ropara(0.3095296551596469, 0.10500000000000001, 0.9450000000000001), Ropara(-0.0907884211183339, -0.3490658503988659, 0.08726646259971647), Ropara(0.02765634217221291, -0.3490658503988659, 0.08726646259971647), Ropara(0.3025984951407399, 0.10500000000000001, 0.8400000000000001), fitness)===
===当代平均功率为4699.917468977674===

===第121代进化完成
===当代最小功率为2358.9701469133215;对应实例参数为Rotor(Ropara(0.09797585897467759, 0.05, 0.1), Ropara(0.9827968483370185, 0.6, 1.0), Ropara(0.3095296551596469, 0.10500000000000001, 0.9450000000000001), Ropara(-0.0907884211183339, -0.3490658503988659, 0.08726646259971647), Ropara(0.02765634217221291, -0.3490658503988659, 0.08726646259971647), Ropara(0.3025984951407399, 0.10500000000000001, 0.8400000000000001), fitness)===
===当代平均功率为4342.415358669592===

===第122代进化完成
===当代最小功率为2358.9701469133215;对应实例参数为Rotor(Ropara(0.09797585897467759, 0.05, 0.1), Ropara(0.9827968483370185, 0.6, 1.0), Ropara(0.3095296551596469, 0.10500000000000001, 0.9450000000000001), Ropara(-0.0907884211183339, -0.3490658503988659, 0.08726646259971647), Ropara(0.02765634217221291, -0.3490658503988659, 0.08726646259971647), Ropara(0.3025984951407399, 0.10500000000000001, 0.8400000000000001), fitness)===
===当代平均功率为4844.322935045472===

===第123代进化完成
===当代最小功率为2358.9701469133215;对应实例参数为Rotor(Ropara(0.09797585897467759, 0.05, 0.1), Ropara(0.9827968483370185, 0.6, 1.0), Ropara(0.3095296551596469, 0.10500000000000001, 0.9450000000000001), Ropara(-0.0907884211183339, -0.3490658503988659, 0.08726646259971647), Ropara(0.02765634217221291, -0.3490658503988659, 0.08726646259971647), Ropara(0.3025984951407399, 0.10500000000000001, 0.8400000000000001), fitness)===
===当代平均功率为4641.385566968388===

===第124代进化完成
===当代最小功率为2358.9701469133215;对应实例参数为Rotor(Ropara(0.09797585897467759, 0.05, 0.1), Ropara(0.9827968483370185, 0.6, 1.0), Ropara(0.3095296551596469, 0.10500000000000001, 0.9450000000000001), Ropara(-0.0907884211183339, -0.3490658503988659, 0.08726646259971647), Ropara(0.02765634217221291, -0.3490658503988659, 0.08726646259971647), Ropara(0.3025984951407399, 0.10500000000000001, 0.8400000000000001), fitness)===
===当代平均功率为4564.383324663655===

===第125代进化完成
===当代最小功率为2358.9701469133215;对应实例参数为Rotor(Ropara(0.09797585897467759, 0.05, 0.1), Ropara(0.9827968483370185, 0.6, 1.0), Ropara(0.3095296551596469, 0.10500000000000001, 0.9450000000000001), Ropara(-0.0907884211183339, -0.3490658503988659, 0.08726646259971647), Ropara(0.02765634217221291, -0.3490658503988659, 0.08726646259971647), Ropara(0.3025984951407399, 0.10500000000000001, 0.8400000000000001), fitness)===
===当代平均功率为5424.680891800849===

===第126代进化完成
===当代最小功率为2358.9701469133215;对应实例参数为Rotor(Ropara(0.09797585897467759, 0.05, 0.1), Ropara(0.9827968483370185, 0.6, 1.0), Ropara(0.3095296551596469, 0.10500000000000001, 0.9450000000000001), Ropara(-0.0907884211183339, -0.3490658503988659, 0.08726646259971647), Ropara(0.02765634217221291, -0.3490658503988659, 0.08726646259971647), Ropara(0.3025984951407399, 0.10500000000000001, 0.8400000000000001), fitness)===
===当代平均功率为4407.187411582981===

===第127代进化完成
===当代最小功率为2358.9701469133215;对应实例参数为Rotor(Ropara(0.09797585897467759, 0.05, 0.1), Ropara(0.9827968483370185, 0.6, 1.0), Ropara(0.3095296551596469, 0.10500000000000001, 0.9450000000000001), Ropara(-0.0907884211183339, -0.3490658503988659, 0.08726646259971647), Ropara(0.02765634217221291, -0.3490658503988659, 0.08726646259971647), Ropara(0.3025984951407399, 0.10500000000000001, 0.8400000000000001), fitness)===
===当代平均功率为4837.405945692592===

===第128代进化完成
===当代最小功率为2358.9701469133215;对应实例参数为Rotor(Ropara(0.09797585897467759, 0.05, 0.1), Ropara(0.9827968483370185, 0.6, 1.0), Ropara(0.3095296551596469, 0.10500000000000001, 0.9450000000000001), Ropara(-0.0907884211183339, -0.3490658503988659, 0.08726646259971647), Ropara(0.02765634217221291, -0.3490658503988659, 0.08726646259971647), Ropara(0.3025984951407399, 0.10500000000000001, 0.8400000000000001), fitness)===
===当代平均功率为5643.649273344216===

===第129代进化完成
===当代最小功率为2358.9701469133215;对应实例参数为Rotor(Ropara(0.09797585897467759, 0.05, 0.1), Ropara(0.9827968483370185, 0.6, 1.0), Ropara(0.3095296551596469, 0.10500000000000001, 0.9450000000000001), Ropara(-0.0907884211183339, -0.3490658503988659, 0.08726646259971647), Ropara(0.02765634217221291, -0.3490658503988659, 0.08726646259971647), Ropara(0.3025984951407399, 0.10500000000000001, 0.8400000000000001), fitness)===
===当代平均功率为4026.2222076407324===

===第130代进化完成
===当代最小功率为2358.9701469133215;对应实例参数为Rotor(Ropara(0.09797585897467759, 0.05, 0.1), Ropara(0.9827968483370185, 0.6, 1.0), Ropara(0.3095296551596469, 0.10500000000000001, 0.9450000000000001), Ropara(-0.0907884211183339, -0.3490658503988659, 0.08726646259971647), Ropara(0.02765634217221291, -0.3490658503988659, 0.08726646259971647), Ropara(0.3025984951407399, 0.10500000000000001, 0.8400000000000001), fitness)===
===当代平均功率为4558.464701410287===

===第131代进化完成
===当代最小功率为2358.9701469133215;对应实例参数为Rotor(Ropara(0.09797585897467759, 0.05, 0.1), Ropara(0.9827968483370185, 0.6, 1.0), Ropara(0.3095296551596469, 0.10500000000000001, 0.9450000000000001), Ropara(-0.0907884211183339, -0.3490658503988659, 0.08726646259971647), Ropara(0.02765634217221291, -0.3490658503988659, 0.08726646259971647), Ropara(0.3025984951407399, 0.10500000000000001, 0.8400000000000001), fitness)===
===当代平均功率为5032.731535845341===

===第132代进化完成
===当代最小功率为2358.9701469133215;对应实例参数为Rotor(Ropara(0.09797585897467759, 0.05, 0.1), Ropara(0.9827968483370185, 0.6, 1.0), Ropara(0.3095296551596469, 0.10500000000000001, 0.9450000000000001), Ropara(-0.0907884211183339, -0.3490658503988659, 0.08726646259971647), Ropara(0.02765634217221291, -0.3490658503988659, 0.08726646259971647), Ropara(0.3025984951407399, 0.10500000000000001, 0.8400000000000001), fitness)===
===当代平均功率为4724.701287642176===

===第133代进化完成
===当代最小功率为2358.9701469133215;对应实例参数为Rotor(Ropara(0.09797585897467759, 0.05, 0.1), Ropara(0.9827968483370185, 0.6, 1.0), Ropara(0.3095296551596469, 0.10500000000000001, 0.9450000000000001), Ropara(-0.0907884211183339, -0.3490658503988659, 0.08726646259971647), Ropara(0.02765634217221291, -0.3490658503988659, 0.08726646259971647), Ropara(0.3025984951407399, 0.10500000000000001, 0.8400000000000001), fitness)===
===当代平均功率为4125.973677996995===

===第134代进化完成
===当代最小功率为2358.9701469133215;对应实例参数为Rotor(Ropara(0.09797585897467759, 0.05, 0.1), Ropara(0.9827968483370185, 0.6, 1.0), Ropara(0.3095296551596469, 0.10500000000000001, 0.9450000000000001), Ropara(-0.0907884211183339, -0.3490658503988659, 0.08726646259971647), Ropara(0.02765634217221291, -0.3490658503988659, 0.08726646259971647), Ropara(0.3025984951407399, 0.10500000000000001, 0.8400000000000001), fitness)===
===当代平均功率为5180.471510282309===

===第135代进化完成
===当代最小功率为2358.9701469133215;对应实例参数为Rotor(Ropara(0.09797585897467759, 0.05, 0.1), Ropara(0.9827968483370185, 0.6, 1.0), Ropara(0.3095296551596469, 0.10500000000000001, 0.9450000000000001), Ropara(-0.0907884211183339, -0.3490658503988659, 0.08726646259971647), Ropara(0.02765634217221291, -0.3490658503988659, 0.08726646259971647), Ropara(0.3025984951407399, 0.10500000000000001, 0.8400000000000001), fitness)===
===当代平均功率为4652.774638161053===

===第136代进化完成
===当代最小功率为2358.9701469133215;对应实例参数为Rotor(Ropara(0.09797585897467759, 0.05, 0.1), Ropara(0.9827968483370185, 0.6, 1.0), Ropara(0.3095296551596469, 0.10500000000000001, 0.9450000000000001), Ropara(-0.0907884211183339, -0.3490658503988659, 0.08726646259971647), Ropara(0.02765634217221291, -0.3490658503988659, 0.08726646259971647), Ropara(0.3025984951407399, 0.10500000000000001, 0.8400000000000001), fitness)===
===当代平均功率为4507.184306887684===

===第137代进化完成
===当代最小功率为2358.9701469133215;对应实例参数为Rotor(Ropara(0.09797585897467759, 0.05, 0.1), Ropara(0.9827968483370185, 0.6, 1.0), Ropara(0.3095296551596469, 0.10500000000000001, 0.9450000000000001), Ropara(-0.0907884211183339, -0.3490658503988659, 0.08726646259971647), Ropara(0.02765634217221291, -0.3490658503988659, 0.08726646259971647), Ropara(0.3025984951407399, 0.10500000000000001, 0.8400000000000001), fitness)===
===当代平均功率为4234.22593566836===

===第138代进化完成
===当代最小功率为2358.9701469133215;对应实例参数为Rotor(Ropara(0.09797585897467759, 0.05, 0.1), Ropara(0.9827968483370185, 0.6, 1.0), Ropara(0.3095296551596469, 0.10500000000000001, 0.9450000000000001), Ropara(-0.0907884211183339, -0.3490658503988659, 0.08726646259971647), Ropara(0.02765634217221291, -0.3490658503988659, 0.08726646259971647), Ropara(0.3025984951407399, 0.10500000000000001, 0.8400000000000001), fitness)===
===当代平均功率为4321.36122840816===

===第139代进化完成
===当代最小功率为2358.9701469133215;对应实例参数为Rotor(Ropara(0.09797585897467759, 0.05, 0.1), Ropara(0.9827968483370185, 0.6, 1.0), Ropara(0.3095296551596469, 0.10500000000000001, 0.9450000000000001), Ropara(-0.0907884211183339, -0.3490658503988659, 0.08726646259971647), Ropara(0.02765634217221291, -0.3490658503988659, 0.08726646259971647), Ropara(0.3025984951407399, 0.10500000000000001, 0.8400000000000001), fitness)===
===当代平均功率为4083.49343593154===

===第140代进化完成
===当代最小功率为2358.9701469133215;对应实例参数为Rotor(Ropara(0.09797585897467759, 0.05, 0.1), Ropara(0.9827968483370185, 0.6, 1.0), Ropara(0.3095296551596469, 0.10500000000000001, 0.9450000000000001), Ropara(-0.0907884211183339, -0.3490658503988659, 0.08726646259971647), Ropara(0.02765634217221291, -0.3490658503988659, 0.08726646259971647), Ropara(0.3025984951407399, 0.10500000000000001, 0.8400000000000001), fitness)===
===当代平均功率为4474.121778134377===

===第141代进化完成
===当代最小功率为2358.9701469133215;对应实例参数为Rotor(Ropara(0.09797585897467759, 0.05, 0.1), Ropara(0.9827968483370185, 0.6, 1.0), Ropara(0.3095296551596469, 0.10500000000000001, 0.9450000000000001), Ropara(-0.0907884211183339, -0.3490658503988659, 0.08726646259971647), Ropara(0.02765634217221291, -0.3490658503988659, 0.08726646259971647), Ropara(0.3025984951407399, 0.10500000000000001, 0.8400000000000001), fitness)===
===当代平均功率为5605.291477089071===

===第142代进化完成
===当代最小功率为2358.9701469133215;对应实例参数为Rotor(Ropara(0.09797585897467759, 0.05, 0.1), Ropara(0.9827968483370185, 0.6, 1.0), Ropara(0.3095296551596469, 0.10500000000000001, 0.9450000000000001), Ropara(-0.0907884211183339, -0.3490658503988659, 0.08726646259971647), Ropara(0.02765634217221291, -0.3490658503988659, 0.08726646259971647), Ropara(0.3025984951407399, 0.10500000000000001, 0.8400000000000001), fitness)===
===当代平均功率为4489.931749084458===

===第143代进化完成
===当代最小功率为2358.9701469133215;对应实例参数为Rotor(Ropara(0.09797585897467759, 0.05, 0.1), Ropara(0.9827968483370185, 0.6, 1.0), Ropara(0.3095296551596469, 0.10500000000000001, 0.9450000000000001), Ropara(-0.0907884211183339, -0.3490658503988659, 0.08726646259971647), Ropara(0.02765634217221291, -0.3490658503988659, 0.08726646259971647), Ropara(0.3025984951407399, 0.10500000000000001, 0.8400000000000001), fitness)===
===当代平均功率为4279.795865524964===

===第144代进化完成
===当代最小功率为2358.9701469133215;对应实例参数为Rotor(Ropara(0.09797585897467759, 0.05, 0.1), Ropara(0.9827968483370185, 0.6, 1.0), Ropara(0.3095296551596469, 0.10500000000000001, 0.9450000000000001), Ropara(-0.0907884211183339, -0.3490658503988659, 0.08726646259971647), Ropara(0.02765634217221291, -0.3490658503988659, 0.08726646259971647), Ropara(0.3025984951407399, 0.10500000000000001, 0.8400000000000001), fitness)===
===当代平均功率为3824.4096587031663===

===第145代进化完成
===当代最小功率为2358.9701469133215;对应实例参数为Rotor(Ropara(0.09797585897467759, 0.05, 0.1), Ropara(0.9827968483370185, 0.6, 1.0), Ropara(0.3095296551596469, 0.10500000000000001, 0.9450000000000001), Ropara(-0.0907884211183339, -0.3490658503988659, 0.08726646259971647), Ropara(0.02765634217221291, -0.3490658503988659, 0.08726646259971647), Ropara(0.3025984951407399, 0.10500000000000001, 0.8400000000000001), fitness)===
===当代平均功率为4288.860289651195===

===第146代进化完成
===当代最小功率为2358.9701469133215;对应实例参数为Rotor(Ropara(0.09797585897467759, 0.05, 0.1), Ropara(0.9827968483370185, 0.6, 1.0), Ropara(0.3095296551596469, 0.10500000000000001, 0.9450000000000001), Ropara(-0.0907884211183339, -0.3490658503988659, 0.08726646259971647), Ropara(0.02765634217221291, -0.3490658503988659, 0.08726646259971647), Ropara(0.3025984951407399, 0.10500000000000001, 0.8400000000000001), fitness)===
===当代平均功率为3909.3024572971203===

===第147代进化完成
===当代最小功率为2358.9701469133215;对应实例参数为Rotor(Ropara(0.09797585897467759, 0.05, 0.1), Ropara(0.9827968483370185, 0.6, 1.0), Ropara(0.3095296551596469, 0.10500000000000001, 0.9450000000000001), Ropara(-0.0907884211183339, -0.3490658503988659, 0.08726646259971647), Ropara(0.02765634217221291, -0.3490658503988659, 0.08726646259971647), Ropara(0.3025984951407399, 0.10500000000000001, 0.8400000000000001), fitness)===
===当代平均功率为4221.572866134392===

===第148代进化完成
===当代最小功率为2358.9701469133215;对应实例参数为Rotor(Ropara(0.09797585897467759, 0.05, 0.1), Ropara(0.9827968483370185, 0.6, 1.0), Ropara(0.3095296551596469, 0.10500000000000001, 0.9450000000000001), Ropara(-0.0907884211183339, -0.3490658503988659, 0.08726646259971647), Ropara(0.02765634217221291, -0.3490658503988659, 0.08726646259971647), Ropara(0.3025984951407399, 0.10500000000000001, 0.8400000000000001), fitness)===
===当代平均功率为3809.7276778087457===

===第149代进化完成
===当代最小功率为2358.9701469133215;对应实例参数为Rotor(Ropara(0.09797585897467759, 0.05, 0.1), Ropara(0.9827968483370185, 0.6, 1.0), Ropara(0.3095296551596469, 0.10500000000000001, 0.9450000000000001), Ropara(-0.0907884211183339, -0.3490658503988659, 0.08726646259971647), Ropara(0.02765634217221291, -0.3490658503988659, 0.08726646259971647), Ropara(0.3025984951407399, 0.10500000000000001, 0.8400000000000001), fitness)===
===当代平均功率为4302.609992601358===

===第150代进化完成
===当代最小功率为2358.9701469133215;对应实例参数为Rotor(Ropara(0.09797585897467759, 0.05, 0.1), Ropara(0.9827968483370185, 0.6, 1.0), Ropara(0.3095296551596469, 0.10500000000000001, 0.9450000000000001), Ropara(-0.0907884211183339, -0.3490658503988659, 0.08726646259971647), Ropara(0.02765634217221291, -0.3490658503988659, 0.08726646259971647), Ropara(0.3025984951407399, 0.10500000000000001, 0.8400000000000001), fitness)===
===当代平均功率为4629.979566200518===

===第151代进化完成
===当代最小功率为2358.9701469133215;对应实例参数为Rotor(Ropara(0.09797585897467759, 0.05, 0.1), Ropara(0.9827968483370185, 0.6, 1.0), Ropara(0.3095296551596469, 0.10500000000000001, 0.9450000000000001), Ropara(-0.0907884211183339, -0.3490658503988659, 0.08726646259971647), Ropara(0.02765634217221291, -0.3490658503988659, 0.08726646259971647), Ropara(0.3025984951407399, 0.10500000000000001, 0.8400000000000001), fitness)===
===当代平均功率为4931.247665085643===

===第152代进化完成
===当代最小功率为2358.9701469133215;对应实例参数为Rotor(Ropara(0.09797585897467759, 0.05, 0.1), Ropara(0.9827968483370185, 0.6, 1.0), Ropara(0.3095296551596469, 0.10500000000000001, 0.9450000000000001), Ropara(-0.0907884211183339, -0.3490658503988659, 0.08726646259971647), Ropara(0.02765634217221291, -0.3490658503988659, 0.08726646259971647), Ropara(0.3025984951407399, 0.10500000000000001, 0.8400000000000001), fitness)===
===当代平均功率为5206.070266879016===

===第153代进化完成
===当代最小功率为2358.9701469133215;对应实例参数为Rotor(Ropara(0.09797585897467759, 0.05, 0.1), Ropara(0.9827968483370185, 0.6, 1.0), Ropara(0.3095296551596469, 0.10500000000000001, 0.9450000000000001), Ropara(-0.0907884211183339, -0.3490658503988659, 0.08726646259971647), Ropara(0.02765634217221291, -0.3490658503988659, 0.08726646259971647), Ropara(0.3025984951407399, 0.10500000000000001, 0.8400000000000001), fitness)===
===当代平均功率为4887.072277403667===

===第154代进化完成
===当代最小功率为2358.9701469133215;对应实例参数为Rotor(Ropara(0.09797585897467759, 0.05, 0.1), Ropara(0.9827968483370185, 0.6, 1.0), Ropara(0.3095296551596469, 0.10500000000000001, 0.9450000000000001), Ropara(-0.0907884211183339, -0.3490658503988659, 0.08726646259971647), Ropara(0.02765634217221291, -0.3490658503988659, 0.08726646259971647), Ropara(0.3025984951407399, 0.10500000000000001, 0.8400000000000001), fitness)===
===当代平均功率为4595.831867893106===

===第155代进化完成
===当代最小功率为2358.9701469133215;对应实例参数为Rotor(Ropara(0.09797585897467759, 0.05, 0.1), Ropara(0.9827968483370185, 0.6, 1.0), Ropara(0.3095296551596469, 0.10500000000000001, 0.9450000000000001), Ropara(-0.0907884211183339, -0.3490658503988659, 0.08726646259971647), Ropara(0.02765634217221291, -0.3490658503988659, 0.08726646259971647), Ropara(0.3025984951407399, 0.10500000000000001, 0.8400000000000001), fitness)===
===当代平均功率为5048.174826709805===

===第156代进化完成
===当代最小功率为2358.9701469133215;对应实例参数为Rotor(Ropara(0.09797585897467759, 0.05, 0.1), Ropara(0.9827968483370185, 0.6, 1.0), Ropara(0.3095296551596469, 0.10500000000000001, 0.9450000000000001), Ropara(-0.0907884211183339, -0.3490658503988659, 0.08726646259971647), Ropara(0.02765634217221291, -0.3490658503988659, 0.08726646259971647), Ropara(0.3025984951407399, 0.10500000000000001, 0.8400000000000001), fitness)===
===当代平均功率为4334.909779668413===

===第157代进化完成
===当代最小功率为2358.9701469133215;对应实例参数为Rotor(Ropara(0.09797585897467759, 0.05, 0.1), Ropara(0.9827968483370185, 0.6, 1.0), Ropara(0.3095296551596469, 0.10500000000000001, 0.9450000000000001), Ropara(-0.0907884211183339, -0.3490658503988659, 0.08726646259971647), Ropara(0.02765634217221291, -0.3490658503988659, 0.08726646259971647), Ropara(0.3025984951407399, 0.10500000000000001, 0.8400000000000001), fitness)===
===当代平均功率为4336.8039644037635===

===第158代进化完成
===当代最小功率为2358.9701469133215;对应实例参数为Rotor(Ropara(0.09797585897467759, 0.05, 0.1), Ropara(0.9827968483370185, 0.6, 1.0), Ropara(0.3095296551596469, 0.10500000000000001, 0.9450000000000001), Ropara(-0.0907884211183339, -0.3490658503988659, 0.08726646259971647), Ropara(0.02765634217221291, -0.3490658503988659, 0.08726646259971647), Ropara(0.3025984951407399, 0.10500000000000001, 0.8400000000000001), fitness)===
===当代平均功率为4615.639459938611===

===第159代进化完成
===当代最小功率为2358.9701469133215;对应实例参数为Rotor(Ropara(0.09797585897467759, 0.05, 0.1), Ropara(0.9827968483370185, 0.6, 1.0), Ropara(0.3095296551596469, 0.10500000000000001, 0.9450000000000001), Ropara(-0.0907884211183339, -0.3490658503988659, 0.08726646259971647), Ropara(0.02765634217221291, -0.3490658503988659, 0.08726646259971647), Ropara(0.3025984951407399, 0.10500000000000001, 0.8400000000000001), fitness)===
===当代平均功率为4146.379361562142===

===第160代进化完成
===当代最小功率为2358.9701469133215;对应实例参数为Rotor(Ropara(0.09797585897467759, 0.05, 0.1), Ropara(0.9827968483370185, 0.6, 1.0), Ropara(0.3095296551596469, 0.10500000000000001, 0.9450000000000001), Ropara(-0.0907884211183339, -0.3490658503988659, 0.08726646259971647), Ropara(0.02765634217221291, -0.3490658503988659, 0.08726646259971647), Ropara(0.3025984951407399, 0.10500000000000001, 0.8400000000000001), fitness)===
===当代平均功率为5057.448032949625===

===第161代进化完成
===当代最小功率为2358.9701469133215;对应实例参数为Rotor(Ropara(0.09797585897467759, 0.05, 0.1), Ropara(0.9827968483370185, 0.6, 1.0), Ropara(0.3095296551596469, 0.10500000000000001, 0.9450000000000001), Ropara(-0.0907884211183339, -0.3490658503988659, 0.08726646259971647), Ropara(0.02765634217221291, -0.3490658503988659, 0.08726646259971647), Ropara(0.3025984951407399, 0.10500000000000001, 0.8400000000000001), fitness)===
===当代平均功率为4589.139610640312===

===第162代进化完成
===当代最小功率为2358.9701469133215;对应实例参数为Rotor(Ropara(0.09797585897467759, 0.05, 0.1), Ropara(0.9827968483370185, 0.6, 1.0), Ropara(0.3095296551596469, 0.10500000000000001, 0.9450000000000001), Ropara(-0.0907884211183339, -0.3490658503988659, 0.08726646259971647), Ropara(0.02765634217221291, -0.3490658503988659, 0.08726646259971647), Ropara(0.3025984951407399, 0.10500000000000001, 0.8400000000000001), fitness)===
===当代平均功率为4194.790847113516===

===第163代进化完成
===当代最小功率为2358.9701469133215;对应实例参数为Rotor(Ropara(0.09797585897467759, 0.05, 0.1), Ropara(0.9827968483370185, 0.6, 1.0), Ropara(0.3095296551596469, 0.10500000000000001, 0.9450000000000001), Ropara(-0.0907884211183339, -0.3490658503988659, 0.08726646259971647), Ropara(0.02765634217221291, -0.3490658503988659, 0.08726646259971647), Ropara(0.3025984951407399, 0.10500000000000001, 0.8400000000000001), fitness)===
===当代平均功率为4533.520545644373===

===第164代进化完成
===当代最小功率为2358.9701469133215;对应实例参数为Rotor(Ropara(0.09797585897467759, 0.05, 0.1), Ropara(0.9827968483370185, 0.6, 1.0), Ropara(0.3095296551596469, 0.10500000000000001, 0.9450000000000001), Ropara(-0.0907884211183339, -0.3490658503988659, 0.08726646259971647), Ropara(0.02765634217221291, -0.3490658503988659, 0.08726646259971647), Ropara(0.3025984951407399, 0.10500000000000001, 0.8400000000000001), fitness)===
===当代平均功率为3901.4168906088285===

===第165代进化完成
===当代最小功率为2358.9701469133215;对应实例参数为Rotor(Ropara(0.09797585897467759, 0.05, 0.1), Ropara(0.9827968483370185, 0.6, 1.0), Ropara(0.3095296551596469, 0.10500000000000001, 0.9450000000000001), Ropara(-0.0907884211183339, -0.3490658503988659, 0.08726646259971647), Ropara(0.02765634217221291, -0.3490658503988659, 0.08726646259971647), Ropara(0.3025984951407399, 0.10500000000000001, 0.8400000000000001), fitness)===
===当代平均功率为4767.506326512744===

===第166代进化完成
===当代最小功率为2358.9701469133215;对应实例参数为Rotor(Ropara(0.09797585897467759, 0.05, 0.1), Ropara(0.9827968483370185, 0.6, 1.0), Ropara(0.3095296551596469, 0.10500000000000001, 0.9450000000000001), Ropara(-0.0907884211183339, -0.3490658503988659, 0.08726646259971647), Ropara(0.02765634217221291, -0.3490658503988659, 0.08726646259971647), Ropara(0.3025984951407399, 0.10500000000000001, 0.8400000000000001), fitness)===
===当代平均功率为4764.493622753166===

===第167代进化完成
===当代最小功率为2358.9701469133215;对应实例参数为Rotor(Ropara(0.09797585897467759, 0.05, 0.1), Ropara(0.9827968483370185, 0.6, 1.0), Ropara(0.3095296551596469, 0.10500000000000001, 0.9450000000000001), Ropara(-0.0907884211183339, -0.3490658503988659, 0.08726646259971647), Ropara(0.02765634217221291, -0.3490658503988659, 0.08726646259971647), Ropara(0.3025984951407399, 0.10500000000000001, 0.8400000000000001), fitness)===
===当代平均功率为3387.05827328489===

===第168代进化完成
===当代最小功率为2358.9701469133215;对应实例参数为Rotor(Ropara(0.09797585897467759, 0.05, 0.1), Ropara(0.9827968483370185, 0.6, 1.0), Ropara(0.3095296551596469, 0.10500000000000001, 0.9450000000000001), Ropara(-0.0907884211183339, -0.3490658503988659, 0.08726646259971647), Ropara(0.02765634217221291, -0.3490658503988659, 0.08726646259971647), Ropara(0.3025984951407399, 0.10500000000000001, 0.8400000000000001), fitness)===
===当代平均功率为3926.7103353954217===

===第169代进化完成
===当代最小功率为2358.9701469133215;对应实例参数为Rotor(Ropara(0.09797585897467759, 0.05, 0.1), Ropara(0.9827968483370185, 0.6, 1.0), Ropara(0.3095296551596469, 0.10500000000000001, 0.9450000000000001), Ropara(-0.0907884211183339, -0.3490658503988659, 0.08726646259971647), Ropara(0.02765634217221291, -0.3490658503988659, 0.08726646259971647), Ropara(0.3025984951407399, 0.10500000000000001, 0.8400000000000001), fitness)===
===当代平均功率为4097.604902849001===

===第170代进化完成
===当代最小功率为2358.9701469133215;对应实例参数为Rotor(Ropara(0.09797585897467759, 0.05, 0.1), Ropara(0.9827968483370185, 0.6, 1.0), Ropara(0.3095296551596469, 0.10500000000000001, 0.9450000000000001), Ropara(-0.0907884211183339, -0.3490658503988659, 0.08726646259971647), Ropara(0.02765634217221291, -0.3490658503988659, 0.08726646259971647), Ropara(0.3025984951407399, 0.10500000000000001, 0.8400000000000001), fitness)===
===当代平均功率为3427.669657112389===

===第171代进化完成
===当代最小功率为2358.9701469133215;对应实例参数为Rotor(Ropara(0.09797585897467759, 0.05, 0.1), Ropara(0.9827968483370185, 0.6, 1.0), Ropara(0.3095296551596469, 0.10500000000000001, 0.9450000000000001), Ropara(-0.0907884211183339, -0.3490658503988659, 0.08726646259971647), Ropara(0.02765634217221291, -0.3490658503988659, 0.08726646259971647), Ropara(0.3025984951407399, 0.10500000000000001, 0.8400000000000001), fitness)===
===当代平均功率为4124.211662570489===

===第172代进化完成
===当代最小功率为2358.9701469133215;对应实例参数为Rotor(Ropara(0.09797585897467759, 0.05, 0.1), Ropara(0.9827968483370185, 0.6, 1.0), Ropara(0.3095296551596469, 0.10500000000000001, 0.9450000000000001), Ropara(-0.0907884211183339, -0.3490658503988659, 0.08726646259971647), Ropara(0.02765634217221291, -0.3490658503988659, 0.08726646259971647), Ropara(0.3025984951407399, 0.10500000000000001, 0.8400000000000001), fitness)===
===当代平均功率为3818.7895515895316===

===第173代进化完成
===当代最小功率为2358.9701469133215;对应实例参数为Rotor(Ropara(0.09797585897467759, 0.05, 0.1), Ropara(0.9827968483370185, 0.6, 1.0), Ropara(0.3095296551596469, 0.10500000000000001, 0.9450000000000001), Ropara(-0.0907884211183339, -0.3490658503988659, 0.08726646259971647), Ropara(0.02765634217221291, -0.3490658503988659, 0.08726646259971647), Ropara(0.3025984951407399, 0.10500000000000001, 0.8400000000000001), fitness)===
===当代平均功率为5130.792240506345===

===第174代进化完成
===当代最小功率为2358.9701469133215;对应实例参数为Rotor(Ropara(0.09797585897467759, 0.05, 0.1), Ropara(0.9827968483370185, 0.6, 1.0), Ropara(0.3095296551596469, 0.10500000000000001, 0.9450000000000001), Ropara(-0.0907884211183339, -0.3490658503988659, 0.08726646259971647), Ropara(0.02765634217221291, -0.3490658503988659, 0.08726646259971647), Ropara(0.3025984951407399, 0.10500000000000001, 0.8400000000000001), fitness)===
===当代平均功率为4883.693358495342===

===第175代进化完成
===当代最小功率为2358.9701469133215;对应实例参数为Rotor(Ropara(0.09797585897467759, 0.05, 0.1), Ropara(0.9827968483370185, 0.6, 1.0), Ropara(0.3095296551596469, 0.10500000000000001, 0.9450000000000001), Ropara(-0.0907884211183339, -0.3490658503988659, 0.08726646259971647), Ropara(0.02765634217221291, -0.3490658503988659, 0.08726646259971647), Ropara(0.3025984951407399, 0.10500000000000001, 0.8400000000000001), fitness)===
===当代平均功率为4482.68030000896===

===第176代进化完成
===当代最小功率为2358.9701469133215;对应实例参数为Rotor(Ropara(0.09797585897467759, 0.05, 0.1), Ropara(0.9827968483370185, 0.6, 1.0), Ropara(0.3095296551596469, 0.10500000000000001, 0.9450000000000001), Ropara(-0.0907884211183339, -0.3490658503988659, 0.08726646259971647), Ropara(0.02765634217221291, -0.3490658503988659, 0.08726646259971647), Ropara(0.3025984951407399, 0.10500000000000001, 0.8400000000000001), fitness)===
===当代平均功率为4157.564141397864===

===第177代进化完成
===当代最小功率为2358.9701469133215;对应实例参数为Rotor(Ropara(0.09797585897467759, 0.05, 0.1), Ropara(0.9827968483370185, 0.6, 1.0), Ropara(0.3095296551596469, 0.10500000000000001, 0.9450000000000001), Ropara(-0.0907884211183339, -0.3490658503988659, 0.08726646259971647), Ropara(0.02765634217221291, -0.3490658503988659, 0.08726646259971647), Ropara(0.3025984951407399, 0.10500000000000001, 0.8400000000000001), fitness)===
===当代平均功率为4206.159221727991===

===第178代进化完成
===当代最小功率为2358.9701469133215;对应实例参数为Rotor(Ropara(0.09797585897467759, 0.05, 0.1), Ropara(0.9827968483370185, 0.6, 1.0), Ropara(0.3095296551596469, 0.10500000000000001, 0.9450000000000001), Ropara(-0.0907884211183339, -0.3490658503988659, 0.08726646259971647), Ropara(0.02765634217221291, -0.3490658503988659, 0.08726646259971647), Ropara(0.3025984951407399, 0.10500000000000001, 0.8400000000000001), fitness)===
===当代平均功率为4488.690798713009===

===第179代进化完成
===当代最小功率为2358.9701469133215;对应实例参数为Rotor(Ropara(0.09797585897467759, 0.05, 0.1), Ropara(0.9827968483370185, 0.6, 1.0), Ropara(0.3095296551596469, 0.10500000000000001, 0.9450000000000001), Ropara(-0.0907884211183339, -0.3490658503988659, 0.08726646259971647), Ropara(0.02765634217221291, -0.3490658503988659, 0.08726646259971647), Ropara(0.3025984951407399, 0.10500000000000001, 0.8400000000000001), fitness)===
===当代平均功率为4032.5791420724845===

===第180代进化完成
===当代最小功率为2358.9701469133215;对应实例参数为Rotor(Ropara(0.09797585897467759, 0.05, 0.1), Ropara(0.9827968483370185, 0.6, 1.0), Ropara(0.3095296551596469, 0.10500000000000001, 0.9450000000000001), Ropara(-0.0907884211183339, -0.3490658503988659, 0.08726646259971647), Ropara(0.02765634217221291, -0.3490658503988659, 0.08726646259971647), Ropara(0.3025984951407399, 0.10500000000000001, 0.8400000000000001), fitness)===
===当代平均功率为3932.1657434267177===

===第181代进化完成
===当代最小功率为2358.9701469133215;对应实例参数为Rotor(Ropara(0.09797585897467759, 0.05, 0.1), Ropara(0.9827968483370185, 0.6, 1.0), Ropara(0.3095296551596469, 0.10500000000000001, 0.9450000000000001), Ropara(-0.0907884211183339, -0.3490658503988659, 0.08726646259971647), Ropara(0.02765634217221291, -0.3490658503988659, 0.08726646259971647), Ropara(0.3025984951407399, 0.10500000000000001, 0.8400000000000001), fitness)===
===当代平均功率为4009.5331030534367===

===第182代进化完成
===当代最小功率为2358.9701469133215;对应实例参数为Rotor(Ropara(0.09797585897467759, 0.05, 0.1), Ropara(0.9827968483370185, 0.6, 1.0), Ropara(0.3095296551596469, 0.10500000000000001, 0.9450000000000001), Ropara(-0.0907884211183339, -0.3490658503988659, 0.08726646259971647), Ropara(0.02765634217221291, -0.3490658503988659, 0.08726646259971647), Ropara(0.3025984951407399, 0.10500000000000001, 0.8400000000000001), fitness)===
===当代平均功率为4380.280683651295===

===第183代进化完成
===当代最小功率为2358.9701469133215;对应实例参数为Rotor(Ropara(0.09797585897467759, 0.05, 0.1), Ropara(0.9827968483370185, 0.6, 1.0), Ropara(0.3095296551596469, 0.10500000000000001, 0.9450000000000001), Ropara(-0.0907884211183339, -0.3490658503988659, 0.08726646259971647), Ropara(0.02765634217221291, -0.3490658503988659, 0.08726646259971647), Ropara(0.3025984951407399, 0.10500000000000001, 0.8400000000000001), fitness)===
===当代平均功率为4321.930052270767===

===第184代进化完成
===当代最小功率为2358.9701469133215;对应实例参数为Rotor(Ropara(0.09797585897467759, 0.05, 0.1), Ropara(0.9827968483370185, 0.6, 1.0), Ropara(0.3095296551596469, 0.10500000000000001, 0.9450000000000001), Ropara(-0.0907884211183339, -0.3490658503988659, 0.08726646259971647), Ropara(0.02765634217221291, -0.3490658503988659, 0.08726646259971647), Ropara(0.3025984951407399, 0.10500000000000001, 0.8400000000000001), fitness)===
===当代平均功率为3751.6494022769784===

===第185代进化完成
===当代最小功率为2358.9701469133215;对应实例参数为Rotor(Ropara(0.09797585897467759, 0.05, 0.1), Ropara(0.9827968483370185, 0.6, 1.0), Ropara(0.3095296551596469, 0.10500000000000001, 0.9450000000000001), Ropara(-0.0907884211183339, -0.3490658503988659, 0.08726646259971647), Ropara(0.02765634217221291, -0.3490658503988659, 0.08726646259971647), Ropara(0.3025984951407399, 0.10500000000000001, 0.8400000000000001), fitness)===
===当代平均功率为3596.5625372407235===

===第186代进化完成
===当代最小功率为2358.9701469133215;对应实例参数为Rotor(Ropara(0.09797585897467759, 0.05, 0.1), Ropara(0.9827968483370185, 0.6, 1.0), Ropara(0.3095296551596469, 0.10500000000000001, 0.9450000000000001), Ropara(-0.0907884211183339, -0.3490658503988659, 0.08726646259971647), Ropara(0.02765634217221291, -0.3490658503988659, 0.08726646259971647), Ropara(0.3025984951407399, 0.10500000000000001, 0.8400000000000001), fitness)===
===当代平均功率为3829.473236320202===

===第187代进化完成
===当代最小功率为2358.9701469133215;对应实例参数为Rotor(Ropara(0.09797585897467759, 0.05, 0.1), Ropara(0.9827968483370185, 0.6, 1.0), Ropara(0.3095296551596469, 0.10500000000000001, 0.9450000000000001), Ropara(-0.0907884211183339, -0.3490658503988659, 0.08726646259971647), Ropara(0.02765634217221291, -0.3490658503988659, 0.08726646259971647), Ropara(0.3025984951407399, 0.10500000000000001, 0.8400000000000001), fitness)===
===当代平均功率为3855.0578219824165===

===第188代进化完成
===当代最小功率为2358.9701469133215;对应实例参数为Rotor(Ropara(0.09797585897467759, 0.05, 0.1), Ropara(0.9827968483370185, 0.6, 1.0), Ropara(0.3095296551596469, 0.10500000000000001, 0.9450000000000001), Ropara(-0.0907884211183339, -0.3490658503988659, 0.08726646259971647), Ropara(0.02765634217221291, -0.3490658503988659, 0.08726646259971647), Ropara(0.3025984951407399, 0.10500000000000001, 0.8400000000000001), fitness)===
===当代平均功率为3853.127997745598===

===第189代进化完成
===当代最小功率为2358.9701469133215;对应实例参数为Rotor(Ropara(0.09797585897467759, 0.05, 0.1), Ropara(0.9827968483370185, 0.6, 1.0), Ropara(0.3095296551596469, 0.10500000000000001, 0.9450000000000001), Ropara(-0.0907884211183339, -0.3490658503988659, 0.08726646259971647), Ropara(0.02765634217221291, -0.3490658503988659, 0.08726646259971647), Ropara(0.3025984951407399, 0.10500000000000001, 0.8400000000000001), fitness)===
===当代平均功率为4072.809440737389===

===第190代进化完成
===当代最小功率为2358.9701469133215;对应实例参数为Rotor(Ropara(0.09797585897467759, 0.05, 0.1), Ropara(0.9827968483370185, 0.6, 1.0), Ropara(0.3095296551596469, 0.10500000000000001, 0.9450000000000001), Ropara(-0.0907884211183339, -0.3490658503988659, 0.08726646259971647), Ropara(0.02765634217221291, -0.3490658503988659, 0.08726646259971647), Ropara(0.3025984951407399, 0.10500000000000001, 0.8400000000000001), fitness)===
===当代平均功率为3214.1157837845617===

===本次进化的总时间为：16658.167000055313秒===