===初始化随机旋翼实例===
===第1代进化完成
===当代最小功率为8000.934223493187;对应实例参数为Rotor(Ropara(0.06521097209672226, 0.06, 0.07), Ropara(0.8982592391966442, 0.6, 1.0), Ropara(0.552073258754529, 0.10500000000000001, 0.9450000000000001), Ropara(-0.15107716906191057, -0.3490658503988659, 0.08726646259971647), Ropara(-0.055537209377261754, -0.3490658503988659, 0.08726646259971647), Ropara(0.2530687845874683, 0.10500000000000001, 0.8400000000000001), fitness)===
===当代平均功率为9721.400684206983===

===第2代进化完成
===当代最小功率为8188.748715288487;对应实例参数为Rotor(Ropara(0.0670064750452033, 0.06, 0.07), Ropara(0.9357696852054009, 0.6, 1.0), Ropara(0.48423212522615133, 0.10500000000000001, 0.9450000000000001), Ropara(-0.26846573230792325, -0.3490658503988659, 0.08726646259971647), Ropara(-0.058595060966548485, -0.3490658503988659, 0.08726646259971647), Ropara(0.3432020026514111, 0.10500000000000001, 0.8400000000000001), fitness)===
===当代平均功率为9957.552868601164===

===第3代进化完成
===当代最小功率为8007.717236095168;对应实例参数为Rotor(Ropara(0.0660724461596578, 0.06, 0.07), Ropara(0.9523551159471005, 0.6, 1.0), Ropara(0.4416243504929384, 0.10500000000000001, 0.9450000000000001), Ropara(-0.2773038067575434, -0.3490658503988659, -0.08726646259971647), Ropara(-0.23199943375450252, -0.3490658503988659, -0.08726646259971647), Ropara(0.5627139192948745, 0.10500000000000001, 0.8400000000000001), fitness)===
===当代平均功率为10218.410781569004===

===第4代进化完成
===当代最小功率为8004.117119518693;对应实例参数为Rotor(Ropara(0.06394931407009971, 0.06, 0.07), Ropara(0.7523088754151763, 0.6, 1.0), Ropara(0.6441902609666603, 0.10500000000000001, 0.9450000000000001), Ropara(-0.1462544265998313, -0.3490658503988659, -0.08726646259971647), Ropara(-0.3224073376652928, -0.3490658503988659, -0.08726646259971647), Ropara(0.6846045020005783, 0.10500000000000001, 0.8400000000000001), fitness)===
===当代平均功率为10073.22566995731===

===第5代进化完成
===当代最小功率为8003.637137796336;对应实例参数为Rotor(Ropara(0.06568961932036758, 0.06, 0.07), Ropara(0.753701230917489, 0.6, 1.0), Ropara(0.5983918576872296, 0.10500000000000001, 0.9450000000000001), Ropara(-0.1416396015665151, -0.3490658503988659, -0.08726646259971647), Ropara(-0.18015319691198983, -0.3490658503988659, -0.08726646259971647), Ropara(0.6223223445802064, 0.10500000000000001, 0.8400000000000001), fitness)===
===当代平均功率为10005.099125258559===

===第6代进化完成
===当代最小功率为8054.965761355106;对应实例参数为Rotor(Ropara(0.06440593567204386, 0.06, 0.07), Ropara(0.624620014133151, 0.6, 1.0), Ropara(0.2841812473868216, 0.10500000000000001, 0.9450000000000001), Ropara(-0.09331520485635997, -0.3490658503988659, -0.08726646259971647), Ropara(-0.1431146424431869, -0.3490658503988659, -0.08726646259971647), Ropara(0.6623950389818811, 0.10500000000000001, 0.8400000000000001), fitness)===
===当代平均功率为9894.835732920956===

===第7代进化完成
===当代最小功率为8050.460117863729;对应实例参数为Rotor(Ropara(0.06647824369800134, 0.06, 0.07), Ropara(0.7342274962379521, 0.6, 1.0), Ropara(0.35647974685499434, 0.10500000000000001, 0.9450000000000001), Ropara(-0.13538771064103763, -0.3490658503988659, -0.08726646259971647), Ropara(-0.07621747283486324, -0.3490658503988659, -0.08726646259971647), Ropara(0.47403330049621023, 0.10500000000000001, 0.8400000000000001), fitness)===
===当代平均功率为9981.242614486226===

===第8代进化完成
===当代最小功率为8036.701136509326;对应实例参数为Rotor(Ropara(0.06650162154621389, 0.06, 0.07), Ropara(0.8769866471395983, 0.6, 1.0), Ropara(0.9214255759356773, 0.10500000000000001, 0.9450000000000001), Ropara(-0.27654358431187787, -0.3490658503988659, 0.08726646259971647), Ropara(0.057341537104499574, -0.3490658503988659, 0.08726646259971647), Ropara(0.544475033119771, 0.10500000000000001, 0.8400000000000001), fitness)===
===当代平均功率为10114.842254622587===

===第9代进化完成
===当代最小功率为8052.996058166911;对应实例参数为Rotor(Ropara(0.06094958140297733, 0.06, 0.07), Ropara(0.7883859694260915, 0.6, 1.0), Ropara(0.390229810711597, 0.10500000000000001, 0.9450000000000001), Ropara(-0.1931115310754352, -0.3490658503988659, 0.08726646259971647), Ropara(-0.23303264876353702, -0.3490658503988659, 0.08726646259971647), Ropara(0.5137980818451346, 0.10500000000000001, 0.8400000000000001), fitness)===
===当代平均功率为9902.314636604024===

===第10代进化完成
===当代最小功率为8097.114680970634;对应实例参数为Rotor(Ropara(0.06166232001091827, 0.06, 0.07), Ropara(0.7973742282739924, 0.6, 1.0), Ropara(0.33815393978711755, 0.10500000000000001, 0.9450000000000001), Ropara(-0.16945188913233944, -0.3490658503988659, -0.08726646259971647), Ropara(-0.20869040253262996, -0.3490658503988659, -0.08726646259971647), Ropara(0.5780561892454711, 0.10500000000000001, 0.8400000000000001), fitness)===
===当代平均功率为10258.658918000609===

===第11代进化完成
===当代最小功率为8022.891678592621;对应实例参数为Rotor(Ropara(0.06525710590805282, 0.06, 0.07), Ropara(0.8907430435263575, 0.6, 1.0), Ropara(0.3743576801421816, 0.10500000000000001, 0.9450000000000001), Ropara(-0.3401015495288889, -0.3490658503988659, 0.08726646259971647), Ropara(-0.1394456815406815, -0.3490658503988659, 0.08726646259971647), Ropara(0.8107318932964124, 0.10500000000000001, 0.8400000000000001), fitness)===
===当代平均功率为9852.327153989365===

===第12代进化完成
===当代最小功率为8015.1379822835925;对应实例参数为Rotor(Ropara(0.06382637259545211, 0.06, 0.07), Ropara(0.8483726681411975, 0.6, 1.0), Ropara(0.8661836959452112, 0.10500000000000001, 0.9450000000000001), Ropara(-0.28315445370199, -0.3490658503988659, 0.08726646259971647), Ropara(-0.1716211680967178, -0.3490658503988659, 0.08726646259971647), Ropara(0.34166691205931243, 0.10500000000000001, 0.8400000000000001), fitness)===
===当代平均功率为9949.709572536185===

===第13代进化完成
===当代最小功率为8068.797173226635;对应实例参数为Rotor(Ropara(0.06350770406091676, 0.06, 0.07), Ropara(0.8147090043686078, 0.6, 1.0), Ropara(0.5450493742520837, 0.10500000000000001, 0.9450000000000001), Ropara(-0.20615204113547142, -0.3490658503988659, -0.08726646259971647), Ropara(-0.04405838177386782, -0.3490658503988659, -0.08726646259971647), Ropara(0.3200357650794122, 0.10500000000000001, 0.8400000000000001), fitness)===
===当代平均功率为10075.978340541538===

===第14代进化完成
===当代最小功率为8058.444533508732;对应实例参数为Rotor(Ropara(0.06272278986373868, 0.06, 0.07), Ropara(0.8575740178578917, 0.6, 1.0), Ropara(0.6263057477238143, 0.10500000000000001, 0.9450000000000001), Ropara(-0.24646825976588976, -0.3490658503988659, -0.08726646259971647), Ropara(-0.20501702331565186, -0.3490658503988659, -0.08726646259971647), Ropara(0.31113859070146277, 0.10500000000000001, 0.8400000000000001), fitness)===
===当代平均功率为10096.238839169864===

===第15代进化完成
===当代最小功率为8048.143553766833;对应实例参数为Rotor(Ropara(0.06479082467903614, 0.06, 0.07), Ropara(0.794310623166469, 0.6, 1.0), Ropara(0.5560889358392367, 0.10500000000000001, 0.9450000000000001), Ropara(-0.23114497481152627, -0.3490658503988659, -0.08726646259971647), Ropara(-0.25116338234539926, -0.3490658503988659, -0.08726646259971647), Ropara(0.35186357562418163, 0.10500000000000001, 0.8400000000000001), fitness)===
===当代平均功率为9816.393098771816===

===第16代进化完成
===当代最小功率为8134.29833012194;对应实例参数为Rotor(Ropara(0.06710782499575293, 0.06, 0.07), Ropara(0.760716413937496, 0.6, 1.0), Ropara(0.7845787482238225, 0.10500000000000001, 0.9450000000000001), Ropara(-0.188481804541235, -0.3490658503988659, -0.08726646259971647), Ropara(-0.15865279551952582, -0.3490658503988659, -0.08726646259971647), Ropara(0.4349755826427314, 0.10500000000000001, 0.8400000000000001), fitness)===
===当代平均功率为10121.229251137247===

===第17代进化完成
===当代最小功率为8020.73673751686;对应实例参数为Rotor(Ropara(0.06679517806074875, 0.06, 0.07), Ropara(0.7274351145024761, 0.6, 1.0), Ropara(0.7035595879556644, 0.10500000000000001, 0.9450000000000001), Ropara(-0.15518452034547675, -0.3490658503988659, -0.08726646259971647), Ropara(-0.19774604245297694, -0.3490658503988659, -0.08726646259971647), Ropara(0.5330793998109254, 0.10500000000000001, 0.8400000000000001), fitness)===
===当代平均功率为10021.814335222425===

===第18代进化完成
===当代最小功率为8097.355076695085;对应实例参数为Rotor(Ropara(0.0653977831852308, 0.06, 0.07), Ropara(0.8077171537785126, 0.6, 1.0), Ropara(0.48330060760604054, 0.10500000000000001, 0.9450000000000001), Ropara(-0.1964942600455441, -0.3490658503988659, -0.08726646259971647), Ropara(-0.060050715185364256, -0.3490658503988659, -0.08726646259971647), Ropara(0.5706266980948073, 0.10500000000000001, 0.8400000000000001), fitness)===
===当代平均功率为9963.099131154431===

===第19代进化完成
===当代最小功率为8106.564859098656;对应实例参数为Rotor(Ropara(0.06660213657008639, 0.06, 0.07), Ropara(0.7922096819046482, 0.6, 1.0), Ropara(0.6620353843754526, 0.10500000000000001, 0.9450000000000001), Ropara(-0.1779898145471034, -0.3490658503988659, -0.08726646259971647), Ropara(-0.14393261431121468, -0.3490658503988659, -0.08726646259971647), Ropara(0.5547451845242799, 0.10500000000000001, 0.8400000000000001), fitness)===
===当代平均功率为10022.54557127247===

===第20代进化完成
===当代最小功率为8086.068337727643;对应实例参数为Rotor(Ropara(0.06594795977209794, 0.06, 0.07), Ropara(0.6760072867149731, 0.6, 1.0), Ropara(0.34059112526708774, 0.10500000000000001, 0.9450000000000001), Ropara(-0.03869926228426982, -0.3490658503988659, -0.08726646259971647), Ropara(-0.15149008615507925, -0.3490658503988659, -0.08726646259971647), Ropara(0.48455816112756006, 0.10500000000000001, 0.8400000000000001), fitness)===
===当代平均功率为10129.888754228878===

===第21代进化完成
===当代最小功率为8002.600049540273;对应实例参数为Rotor(Ropara(0.061948200758362784, 0.06, 0.07), Ropara(0.9344644081838502, 0.6, 1.0), Ropara(0.7391950164955213, 0.10500000000000001, 0.9450000000000001), Ropara(-0.20677620708985728, -0.3490658503988659, 0.08726646259971647), Ropara(0.014930263097032992, -0.3490658503988659, 0.08726646259971647), Ropara(0.39751165136627353, 0.10500000000000001, 0.8400000000000001), fitness)===
===当代平均功率为9838.216365092167===

===第22代进化完成
===当代最小功率为8045.314319466309;对应实例参数为Rotor(Ropara(0.06267906741096013, 0.06, 0.07), Ropara(0.8901703105867815, 0.6, 1.0), Ropara(0.579845313079242, 0.10500000000000001, 0.9450000000000001), Ropara(-0.11995802946330057, -0.3490658503988659, -0.08726646259971647), Ropara(0.010488162173705639, -0.3490658503988659, -0.08726646259971647), Ropara(0.30152924485927, 0.10500000000000001, 0.8400000000000001), fitness)===
===当代平均功率为9890.995506565441===

===第23代进化完成
===当代最小功率为8055.9623004113055;对应实例参数为Rotor(Ropara(0.06388230983977192, 0.06, 0.07), Ropara(0.8623381500228119, 0.6, 1.0), Ropara(0.5160375031566845, 0.10500000000000001, 0.9450000000000001), Ropara(-0.10765822010084694, -0.3490658503988659, -0.08726646259971647), Ropara(-0.003162628228873643, -0.3490658503988659, -0.08726646259971647), Ropara(0.32963346233987256, 0.10500000000000001, 0.8400000000000001), fitness)===
===当代平均功率为10032.464169281171===

===第24代进化完成
===当代最小功率为8016.171267609192;对应实例参数为Rotor(Ropara(0.061857120930287016, 0.06, 0.07), Ropara(0.8511964742751954, 0.6, 1.0), Ropara(0.5479200610058991, 0.10500000000000001, 0.9450000000000001), Ropara(-0.06989281068074085, -0.3490658503988659, -0.08726646259971647), Ropara(-0.06822912852042762, -0.3490658503988659, -0.08726646259971647), Ropara(0.4767720198810611, 0.10500000000000001, 0.8400000000000001), fitness)===
===当代平均功率为10095.969224557199===

===第25代进化完成
===当代最小功率为8075.030714247027;对应实例参数为Rotor(Ropara(0.06486085403530645, 0.06, 0.07), Ropara(0.8150232297691367, 0.6, 1.0), Ropara(0.5055170626604288, 0.10500000000000001, 0.9450000000000001), Ropara(-0.16804405569568687, -0.3490658503988659, -0.08726646259971647), Ropara(-0.08052515308534569, -0.3490658503988659, -0.08726646259971647), Ropara(0.4070694010914695, 0.10500000000000001, 0.8400000000000001), fitness)===
===当代平均功率为9953.90127364677===

===第26代进化完成
===当代最小功率为8014.579506123331;对应实例参数为Rotor(Ropara(0.06013480003700916, 0.06, 0.07), Ropara(0.6001389220878778, 0.6, 1.0), Ropara(0.2589984143943686, 0.10500000000000001, 0.9450000000000001), Ropara(-0.19351787957760488, -0.3490658503988659, 0.08726646259971647), Ropara(-0.07151243369428834, -0.3490658503988659, 0.08726646259971647), Ropara(0.23692622226017543, 0.10500000000000001, 0.8400000000000001), fitness)===
===当代平均功率为10056.057660065191===

===第27代进化完成
===当代最小功率为8064.54728732754;对应实例参数为Rotor(Ropara(0.06454223766287144, 0.06, 0.07), Ropara(0.8149425479395739, 0.6, 1.0), Ropara(0.4911471330172309, 0.10500000000000001, 0.9450000000000001), Ropara(-0.154469761516084, -0.3490658503988659, -0.08726646259971647), Ropara(-0.06592263592425916, -0.3490658503988659, -0.08726646259971647), Ropara(0.43811335696562115, 0.10500000000000001, 0.8400000000000001), fitness)===
===当代平均功率为10205.084842836099===

===第28代进化完成
===当代最小功率为8005.956970070695;对应实例参数为Rotor(Ropara(0.06661903487077511, 0.06, 0.07), Ropara(0.778216444504745, 0.6, 1.0), Ropara(0.47768617694449467, 0.10500000000000001, 0.9450000000000001), Ropara(-0.1999290946212754, -0.3490658503988659, -0.08726646259971647), Ropara(-0.21234423344490966, -0.3490658503988659, -0.08726646259971647), Ropara(0.35292873625779086, 0.10500000000000001, 0.8400000000000001), fitness)===
===当代平均功率为9872.46200108238===

===第29代进化完成
===当代最小功率为8027.239012926058;对应实例参数为Rotor(Ropara(0.06430524608432076, 0.06, 0.07), Ropara(0.8029945083761805, 0.6, 1.0), Ropara(0.5013281119469349, 0.10500000000000001, 0.9450000000000001), Ropara(-0.15580890628436234, -0.3490658503988659, -0.08726646259971647), Ropara(-0.12844725658152553, -0.3490658503988659, -0.08726646259971647), Ropara(0.35845826655043417, 0.10500000000000001, 0.8400000000000001), fitness)===
===当代平均功率为9878.512579369328===

===第30代进化完成
===当代最小功率为4263.361835130541;对应实例参数为Rotor(Ropara(0.0669314519060799, 0.06, 0.07), Ropara(0.9696621145391917, 0.6, 1.0), Ropara(0.6481192462126839, 0.10500000000000001, 0.9450000000000001), Ropara(-0.01562720887776664, -0.3490658503988659, 0.08726646259971647), Ropara(0.04926162831976838, -0.3490658503988659, 0.08726646259971647), Ropara(0.36480774055118004, 0.10500000000000001, 0.8400000000000001), fitness)===
===当代平均功率为9559.722337508854===

===第31代进化完成
===当代最小功率为4263.361835130541;对应实例参数为Rotor(Ropara(0.0669314519060799, 0.06, 0.07), Ropara(0.9696621145391917, 0.6, 1.0), Ropara(0.6481192462126839, 0.10500000000000001, 0.9450000000000001), Ropara(-0.01562720887776664, -0.3490658503988659, 0.08726646259971647), Ropara(0.04926162831976838, -0.3490658503988659, 0.08726646259971647), Ropara(0.36480774055118004, 0.10500000000000001, 0.8400000000000001), fitness)===
===当代平均功率为9647.574358086247===

===第32代进化完成
===当代最小功率为4263.361835130541;对应实例参数为Rotor(Ropara(0.0669314519060799, 0.06, 0.07), Ropara(0.9696621145391917, 0.6, 1.0), Ropara(0.6481192462126839, 0.10500000000000001, 0.9450000000000001), Ropara(-0.01562720887776664, -0.3490658503988659, 0.08726646259971647), Ropara(0.04926162831976838, -0.3490658503988659, 0.08726646259971647), Ropara(0.36480774055118004, 0.10500000000000001, 0.8400000000000001), fitness)===
===当代平均功率为9729.087185906652===

===第33代进化完成
===当代最小功率为4263.361835130541;对应实例参数为Rotor(Ropara(0.0669314519060799, 0.06, 0.07), Ropara(0.9696621145391917, 0.6, 1.0), Ropara(0.6481192462126839, 0.10500000000000001, 0.9450000000000001), Ropara(-0.01562720887776664, -0.3490658503988659, 0.08726646259971647), Ropara(0.04926162831976838, -0.3490658503988659, 0.08726646259971647), Ropara(0.36480774055118004, 0.10500000000000001, 0.8400000000000001), fitness)===
===当代平均功率为9711.948962095179===

===第34代进化完成
===当代最小功率为4263.361835130541;对应实例参数为Rotor(Ropara(0.0669314519060799, 0.06, 0.07), Ropara(0.9696621145391917, 0.6, 1.0), Ropara(0.6481192462126839, 0.10500000000000001, 0.9450000000000001), Ropara(-0.01562720887776664, -0.3490658503988659, 0.08726646259971647), Ropara(0.04926162831976838, -0.3490658503988659, 0.08726646259971647), Ropara(0.36480774055118004, 0.10500000000000001, 0.8400000000000001), fitness)===
===当代平均功率为9815.520335715557===

===第35代进化完成
===当代最小功率为4263.361835130541;对应实例参数为Rotor(Ropara(0.0669314519060799, 0.06, 0.07), Ropara(0.9696621145391917, 0.6, 1.0), Ropara(0.6481192462126839, 0.10500000000000001, 0.9450000000000001), Ropara(-0.01562720887776664, -0.3490658503988659, 0.08726646259971647), Ropara(0.04926162831976838, -0.3490658503988659, 0.08726646259971647), Ropara(0.36480774055118004, 0.10500000000000001, 0.8400000000000001), fitness)===
===当代平均功率为9818.17730957299===

===第36代进化完成
===当代最小功率为4263.361835130541;对应实例参数为Rotor(Ropara(0.0669314519060799, 0.06, 0.07), Ropara(0.9696621145391917, 0.6, 1.0), Ropara(0.6481192462126839, 0.10500000000000001, 0.9450000000000001), Ropara(-0.01562720887776664, -0.3490658503988659, 0.08726646259971647), Ropara(0.04926162831976838, -0.3490658503988659, 0.08726646259971647), Ropara(0.36480774055118004, 0.10500000000000001, 0.8400000000000001), fitness)===
===当代平均功率为9922.498711592143===

===第37代进化完成
===当代最小功率为4263.361835130541;对应实例参数为Rotor(Ropara(0.0669314519060799, 0.06, 0.07), Ropara(0.9696621145391917, 0.6, 1.0), Ropara(0.6481192462126839, 0.10500000000000001, 0.9450000000000001), Ropara(-0.01562720887776664, -0.3490658503988659, 0.08726646259971647), Ropara(0.04926162831976838, -0.3490658503988659, 0.08726646259971647), Ropara(0.36480774055118004, 0.10500000000000001, 0.8400000000000001), fitness)===
===当代平均功率为10073.336543498468===

===第38代进化完成
===当代最小功率为4263.361835130541;对应实例参数为Rotor(Ropara(0.0669314519060799, 0.06, 0.07), Ropara(0.9696621145391917, 0.6, 1.0), Ropara(0.6481192462126839, 0.10500000000000001, 0.9450000000000001), Ropara(-0.01562720887776664, -0.3490658503988659, 0.08726646259971647), Ropara(0.04926162831976838, -0.3490658503988659, 0.08726646259971647), Ropara(0.36480774055118004, 0.10500000000000001, 0.8400000000000001), fitness)===
===当代平均功率为9703.097113051763===

===第39代进化完成
===当代最小功率为4263.361835130541;对应实例参数为Rotor(Ropara(0.0669314519060799, 0.06, 0.07), Ropara(0.9696621145391917, 0.6, 1.0), Ropara(0.6481192462126839, 0.10500000000000001, 0.9450000000000001), Ropara(-0.01562720887776664, -0.3490658503988659, 0.08726646259971647), Ropara(0.04926162831976838, -0.3490658503988659, 0.08726646259971647), Ropara(0.36480774055118004, 0.10500000000000001, 0.8400000000000001), fitness)===
===当代平均功率为9682.132550609158===

===第40代进化完成
===当代最小功率为4263.361835130541;对应实例参数为Rotor(Ropara(0.0669314519060799, 0.06, 0.07), Ropara(0.9696621145391917, 0.6, 1.0), Ropara(0.6481192462126839, 0.10500000000000001, 0.9450000000000001), Ropara(-0.01562720887776664, -0.3490658503988659, 0.08726646259971647), Ropara(0.04926162831976838, -0.3490658503988659, 0.08726646259971647), Ropara(0.36480774055118004, 0.10500000000000001, 0.8400000000000001), fitness)===
===当代平均功率为9953.039523710297===

===第41代进化完成
===当代最小功率为4263.361835130541;对应实例参数为Rotor(Ropara(0.0669314519060799, 0.06, 0.07), Ropara(0.9696621145391917, 0.6, 1.0), Ropara(0.6481192462126839, 0.10500000000000001, 0.9450000000000001), Ropara(-0.01562720887776664, -0.3490658503988659, 0.08726646259971647), Ropara(0.04926162831976838, -0.3490658503988659, 0.08726646259971647), Ropara(0.36480774055118004, 0.10500000000000001, 0.8400000000000001), fitness)===
===当代平均功率为9935.529989712542===

===第42代进化完成
===当代最小功率为4263.361835130541;对应实例参数为Rotor(Ropara(0.0669314519060799, 0.06, 0.07), Ropara(0.9696621145391917, 0.6, 1.0), Ropara(0.6481192462126839, 0.10500000000000001, 0.9450000000000001), Ropara(-0.01562720887776664, -0.3490658503988659, 0.08726646259971647), Ropara(0.04926162831976838, -0.3490658503988659, 0.08726646259971647), Ropara(0.36480774055118004, 0.10500000000000001, 0.8400000000000001), fitness)===
===当代平均功率为9867.793754331653===

===第43代进化完成
===当代最小功率为4263.361835130541;对应实例参数为Rotor(Ropara(0.0669314519060799, 0.06, 0.07), Ropara(0.9696621145391917, 0.6, 1.0), Ropara(0.6481192462126839, 0.10500000000000001, 0.9450000000000001), Ropara(-0.01562720887776664, -0.3490658503988659, 0.08726646259971647), Ropara(0.04926162831976838, -0.3490658503988659, 0.08726646259971647), Ropara(0.36480774055118004, 0.10500000000000001, 0.8400000000000001), fitness)===
===当代平均功率为9879.637714337663===

===第44代进化完成
===当代最小功率为4263.361835130541;对应实例参数为Rotor(Ropara(0.0669314519060799, 0.06, 0.07), Ropara(0.9696621145391917, 0.6, 1.0), Ropara(0.6481192462126839, 0.10500000000000001, 0.9450000000000001), Ropara(-0.01562720887776664, -0.3490658503988659, 0.08726646259971647), Ropara(0.04926162831976838, -0.3490658503988659, 0.08726646259971647), Ropara(0.36480774055118004, 0.10500000000000001, 0.8400000000000001), fitness)===
===当代平均功率为9798.220833785483===

===第45代进化完成
===当代最小功率为4263.361835130541;对应实例参数为Rotor(Ropara(0.0669314519060799, 0.06, 0.07), Ropara(0.9696621145391917, 0.6, 1.0), Ropara(0.6481192462126839, 0.10500000000000001, 0.9450000000000001), Ropara(-0.01562720887776664, -0.3490658503988659, 0.08726646259971647), Ropara(0.04926162831976838, -0.3490658503988659, 0.08726646259971647), Ropara(0.36480774055118004, 0.10500000000000001, 0.8400000000000001), fitness)===
===当代平均功率为9562.30715589409===

===第46代进化完成
===当代最小功率为4263.361835130541;对应实例参数为Rotor(Ropara(0.0669314519060799, 0.06, 0.07), Ropara(0.9696621145391917, 0.6, 1.0), Ropara(0.6481192462126839, 0.10500000000000001, 0.9450000000000001), Ropara(-0.01562720887776664, -0.3490658503988659, 0.08726646259971647), Ropara(0.04926162831976838, -0.3490658503988659, 0.08726646259971647), Ropara(0.36480774055118004, 0.10500000000000001, 0.8400000000000001), fitness)===
===当代平均功率为9661.658532343912===

===第47代进化完成
===当代最小功率为4263.361835130541;对应实例参数为Rotor(Ropara(0.0669314519060799, 0.06, 0.07), Ropara(0.9696621145391917, 0.6, 1.0), Ropara(0.6481192462126839, 0.10500000000000001, 0.9450000000000001), Ropara(-0.01562720887776664, -0.3490658503988659, 0.08726646259971647), Ropara(0.04926162831976838, -0.3490658503988659, 0.08726646259971647), Ropara(0.36480774055118004, 0.10500000000000001, 0.8400000000000001), fitness)===
===当代平均功率为9553.824704618943===

===第48代进化完成
===当代最小功率为4263.361835130541;对应实例参数为Rotor(Ropara(0.0669314519060799, 0.06, 0.07), Ropara(0.9696621145391917, 0.6, 1.0), Ropara(0.6481192462126839, 0.10500000000000001, 0.9450000000000001), Ropara(-0.01562720887776664, -0.3490658503988659, 0.08726646259971647), Ropara(0.04926162831976838, -0.3490658503988659, 0.08726646259971647), Ropara(0.36480774055118004, 0.10500000000000001, 0.8400000000000001), fitness)===
===当代平均功率为10044.156480066467===

===第49代进化完成
===当代最小功率为4263.361835130541;对应实例参数为Rotor(Ropara(0.0669314519060799, 0.06, 0.07), Ropara(0.9696621145391917, 0.6, 1.0), Ropara(0.6481192462126839, 0.10500000000000001, 0.9450000000000001), Ropara(-0.01562720887776664, -0.3490658503988659, 0.08726646259971647), Ropara(0.04926162831976838, -0.3490658503988659, 0.08726646259971647), Ropara(0.36480774055118004, 0.10500000000000001, 0.8400000000000001), fitness)===
===当代平均功率为10129.247134040712===

===第50代进化完成
===当代最小功率为4263.361835130541;对应实例参数为Rotor(Ropara(0.0669314519060799, 0.06, 0.07), Ropara(0.9696621145391917, 0.6, 1.0), Ropara(0.6481192462126839, 0.10500000000000001, 0.9450000000000001), Ropara(-0.01562720887776664, -0.3490658503988659, 0.08726646259971647), Ropara(0.04926162831976838, -0.3490658503988659, 0.08726646259971647), Ropara(0.36480774055118004, 0.10500000000000001, 0.8400000000000001), fitness)===
===当代平均功率为10244.451614266341===

===第51代进化完成
===当代最小功率为4263.361835130541;对应实例参数为Rotor(Ropara(0.0669314519060799, 0.06, 0.07), Ropara(0.9696621145391917, 0.6, 1.0), Ropara(0.6481192462126839, 0.10500000000000001, 0.9450000000000001), Ropara(-0.01562720887776664, -0.3490658503988659, 0.08726646259971647), Ropara(0.04926162831976838, -0.3490658503988659, 0.08726646259971647), Ropara(0.36480774055118004, 0.10500000000000001, 0.8400000000000001), fitness)===
===当代平均功率为9753.961966053746===

===第52代进化完成
===当代最小功率为4263.361835130541;对应实例参数为Rotor(Ropara(0.0669314519060799, 0.06, 0.07), Ropara(0.9696621145391917, 0.6, 1.0), Ropara(0.6481192462126839, 0.10500000000000001, 0.9450000000000001), Ropara(-0.01562720887776664, -0.3490658503988659, 0.08726646259971647), Ropara(0.04926162831976838, -0.3490658503988659, 0.08726646259971647), Ropara(0.36480774055118004, 0.10500000000000001, 0.8400000000000001), fitness)===
===当代平均功率为9855.450527782565===

===第53代进化完成
===当代最小功率为4263.361835130541;对应实例参数为Rotor(Ropara(0.0669314519060799, 0.06, 0.07), Ropara(0.9696621145391917, 0.6, 1.0), Ropara(0.6481192462126839, 0.10500000000000001, 0.9450000000000001), Ropara(-0.01562720887776664, -0.3490658503988659, 0.08726646259971647), Ropara(0.04926162831976838, -0.3490658503988659, 0.08726646259971647), Ropara(0.36480774055118004, 0.10500000000000001, 0.8400000000000001), fitness)===
===当代平均功率为10062.90020209834===

===第54代进化完成
===当代最小功率为4263.361835130541;对应实例参数为Rotor(Ropara(0.0669314519060799, 0.06, 0.07), Ropara(0.9696621145391917, 0.6, 1.0), Ropara(0.6481192462126839, 0.10500000000000001, 0.9450000000000001), Ropara(-0.01562720887776664, -0.3490658503988659, 0.08726646259971647), Ropara(0.04926162831976838, -0.3490658503988659, 0.08726646259971647), Ropara(0.36480774055118004, 0.10500000000000001, 0.8400000000000001), fitness)===
===当代平均功率为9850.520096849088===

===第55代进化完成
===当代最小功率为4263.361835130541;对应实例参数为Rotor(Ropara(0.0669314519060799, 0.06, 0.07), Ropara(0.9696621145391917, 0.6, 1.0), Ropara(0.6481192462126839, 0.10500000000000001, 0.9450000000000001), Ropara(-0.01562720887776664, -0.3490658503988659, 0.08726646259971647), Ropara(0.04926162831976838, -0.3490658503988659, 0.08726646259971647), Ropara(0.36480774055118004, 0.10500000000000001, 0.8400000000000001), fitness)===
===当代平均功率为9677.079727550154===

===第56代进化完成
===当代最小功率为4263.361835130541;对应实例参数为Rotor(Ropara(0.0669314519060799, 0.06, 0.07), Ropara(0.9696621145391917, 0.6, 1.0), Ropara(0.6481192462126839, 0.10500000000000001, 0.9450000000000001), Ropara(-0.01562720887776664, -0.3490658503988659, 0.08726646259971647), Ropara(0.04926162831976838, -0.3490658503988659, 0.08726646259971647), Ropara(0.36480774055118004, 0.10500000000000001, 0.8400000000000001), fitness)===
===当代平均功率为9767.307545336222===

===第57代进化完成
===当代最小功率为4263.361835130541;对应实例参数为Rotor(Ropara(0.0669314519060799, 0.06, 0.07), Ropara(0.9696621145391917, 0.6, 1.0), Ropara(0.6481192462126839, 0.10500000000000001, 0.9450000000000001), Ropara(-0.01562720887776664, -0.3490658503988659, 0.08726646259971647), Ropara(0.04926162831976838, -0.3490658503988659, 0.08726646259971647), Ropara(0.36480774055118004, 0.10500000000000001, 0.8400000000000001), fitness)===
===当代平均功率为10202.1348809558===

===第58代进化完成
===当代最小功率为4263.361835130541;对应实例参数为Rotor(Ropara(0.0669314519060799, 0.06, 0.07), Ropara(0.9696621145391917, 0.6, 1.0), Ropara(0.6481192462126839, 0.10500000000000001, 0.9450000000000001), Ropara(-0.01562720887776664, -0.3490658503988659, 0.08726646259971647), Ropara(0.04926162831976838, -0.3490658503988659, 0.08726646259971647), Ropara(0.36480774055118004, 0.10500000000000001, 0.8400000000000001), fitness)===
===当代平均功率为9747.554070651204===

===第59代进化完成
===当代最小功率为4263.361835130541;对应实例参数为Rotor(Ropara(0.0669314519060799, 0.06, 0.07), Ropara(0.9696621145391917, 0.6, 1.0), Ropara(0.6481192462126839, 0.10500000000000001, 0.9450000000000001), Ropara(-0.01562720887776664, -0.3490658503988659, 0.08726646259971647), Ropara(0.04926162831976838, -0.3490658503988659, 0.08726646259971647), Ropara(0.36480774055118004, 0.10500000000000001, 0.8400000000000001), fitness)===
===当代平均功率为10064.376626284078===

===第60代进化完成
===当代最小功率为4263.361835130541;对应实例参数为Rotor(Ropara(0.0669314519060799, 0.06, 0.07), Ropara(0.9696621145391917, 0.6, 1.0), Ropara(0.6481192462126839, 0.10500000000000001, 0.9450000000000001), Ropara(-0.01562720887776664, -0.3490658503988659, 0.08726646259971647), Ropara(0.04926162831976838, -0.3490658503988659, 0.08726646259971647), Ropara(0.36480774055118004, 0.10500000000000001, 0.8400000000000001), fitness)===
===当代平均功率为10123.897389386178===

===第61代进化完成
===当代最小功率为4263.361835130541;对应实例参数为Rotor(Ropara(0.0669314519060799, 0.06, 0.07), Ropara(0.9696621145391917, 0.6, 1.0), Ropara(0.6481192462126839, 0.10500000000000001, 0.9450000000000001), Ropara(-0.01562720887776664, -0.3490658503988659, 0.08726646259971647), Ropara(0.04926162831976838, -0.3490658503988659, 0.08726646259971647), Ropara(0.36480774055118004, 0.10500000000000001, 0.8400000000000001), fitness)===
===当代平均功率为9647.772224955548===

===第62代进化完成
===当代最小功率为4263.361835130541;对应实例参数为Rotor(Ropara(0.0669314519060799, 0.06, 0.07), Ropara(0.9696621145391917, 0.6, 1.0), Ropara(0.6481192462126839, 0.10500000000000001, 0.9450000000000001), Ropara(-0.01562720887776664, -0.3490658503988659, 0.08726646259971647), Ropara(0.04926162831976838, -0.3490658503988659, 0.08726646259971647), Ropara(0.36480774055118004, 0.10500000000000001, 0.8400000000000001), fitness)===
===当代平均功率为9658.214192670357===

===第63代进化完成
===当代最小功率为4263.361835130541;对应实例参数为Rotor(Ropara(0.0669314519060799, 0.06, 0.07), Ropara(0.9696621145391917, 0.6, 1.0), Ropara(0.6481192462126839, 0.10500000000000001, 0.9450000000000001), Ropara(-0.01562720887776664, -0.3490658503988659, 0.08726646259971647), Ropara(0.04926162831976838, -0.3490658503988659, 0.08726646259971647), Ropara(0.36480774055118004, 0.10500000000000001, 0.8400000000000001), fitness)===
===当代平均功率为9828.356701829855===

===第64代进化完成
===当代最小功率为4263.361835130541;对应实例参数为Rotor(Ropara(0.0669314519060799, 0.06, 0.07), Ropara(0.9696621145391917, 0.6, 1.0), Ropara(0.6481192462126839, 0.10500000000000001, 0.9450000000000001), Ropara(-0.01562720887776664, -0.3490658503988659, 0.08726646259971647), Ropara(0.04926162831976838, -0.3490658503988659, 0.08726646259971647), Ropara(0.36480774055118004, 0.10500000000000001, 0.8400000000000001), fitness)===
===当代平均功率为10099.023986422704===

===第65代进化完成
===当代最小功率为4263.361835130541;对应实例参数为Rotor(Ropara(0.0669314519060799, 0.06, 0.07), Ropara(0.9696621145391917, 0.6, 1.0), Ropara(0.6481192462126839, 0.10500000000000001, 0.9450000000000001), Ropara(-0.01562720887776664, -0.3490658503988659, 0.08726646259971647), Ropara(0.04926162831976838, -0.3490658503988659, 0.08726646259971647), Ropara(0.36480774055118004, 0.10500000000000001, 0.8400000000000001), fitness)===
===当代平均功率为9873.650799445302===

===第66代进化完成
===当代最小功率为4263.361835130541;对应实例参数为Rotor(Ropara(0.0669314519060799, 0.06, 0.07), Ropara(0.9696621145391917, 0.6, 1.0), Ropara(0.6481192462126839, 0.10500000000000001, 0.9450000000000001), Ropara(-0.01562720887776664, -0.3490658503988659, 0.08726646259971647), Ropara(0.04926162831976838, -0.3490658503988659, 0.08726646259971647), Ropara(0.36480774055118004, 0.10500000000000001, 0.8400000000000001), fitness)===
===当代平均功率为9911.771687377703===

===第67代进化完成
===当代最小功率为4263.361835130541;对应实例参数为Rotor(Ropara(0.0669314519060799, 0.06, 0.07), Ropara(0.9696621145391917, 0.6, 1.0), Ropara(0.6481192462126839, 0.10500000000000001, 0.9450000000000001), Ropara(-0.01562720887776664, -0.3490658503988659, 0.08726646259971647), Ropara(0.04926162831976838, -0.3490658503988659, 0.08726646259971647), Ropara(0.36480774055118004, 0.10500000000000001, 0.8400000000000001), fitness)===
===当代平均功率为9820.612153016193===

===第68代进化完成
===当代最小功率为4263.361835130541;对应实例参数为Rotor(Ropara(0.0669314519060799, 0.06, 0.07), Ropara(0.9696621145391917, 0.6, 1.0), Ropara(0.6481192462126839, 0.10500000000000001, 0.9450000000000001), Ropara(-0.01562720887776664, -0.3490658503988659, 0.08726646259971647), Ropara(0.04926162831976838, -0.3490658503988659, 0.08726646259971647), Ropara(0.36480774055118004, 0.10500000000000001, 0.8400000000000001), fitness)===
===当代平均功率为10258.266557435809===

===第69代进化完成
===当代最小功率为4263.361835130541;对应实例参数为Rotor(Ropara(0.0669314519060799, 0.06, 0.07), Ropara(0.9696621145391917, 0.6, 1.0), Ropara(0.6481192462126839, 0.10500000000000001, 0.9450000000000001), Ropara(-0.01562720887776664, -0.3490658503988659, 0.08726646259971647), Ropara(0.04926162831976838, -0.3490658503988659, 0.08726646259971647), Ropara(0.36480774055118004, 0.10500000000000001, 0.8400000000000001), fitness)===
===当代平均功率为10319.522124501324===

===第70代进化完成
===当代最小功率为4263.361835130541;对应实例参数为Rotor(Ropara(0.0669314519060799, 0.06, 0.07), Ropara(0.9696621145391917, 0.6, 1.0), Ropara(0.6481192462126839, 0.10500000000000001, 0.9450000000000001), Ropara(-0.01562720887776664, -0.3490658503988659, 0.08726646259971647), Ropara(0.04926162831976838, -0.3490658503988659, 0.08726646259971647), Ropara(0.36480774055118004, 0.10500000000000001, 0.8400000000000001), fitness)===
===当代平均功率为9761.716520546614===

===第71代进化完成
===当代最小功率为4263.361835130541;对应实例参数为Rotor(Ropara(0.0669314519060799, 0.06, 0.07), Ropara(0.9696621145391917, 0.6, 1.0), Ropara(0.6481192462126839, 0.10500000000000001, 0.9450000000000001), Ropara(-0.01562720887776664, -0.3490658503988659, 0.08726646259971647), Ropara(0.04926162831976838, -0.3490658503988659, 0.08726646259971647), Ropara(0.36480774055118004, 0.10500000000000001, 0.8400000000000001), fitness)===
===当代平均功率为9525.794377518954===

===第72代进化完成
===当代最小功率为4263.361835130541;对应实例参数为Rotor(Ropara(0.0669314519060799, 0.06, 0.07), Ropara(0.9696621145391917, 0.6, 1.0), Ropara(0.6481192462126839, 0.10500000000000001, 0.9450000000000001), Ropara(-0.01562720887776664, -0.3490658503988659, 0.08726646259971647), Ropara(0.04926162831976838, -0.3490658503988659, 0.08726646259971647), Ropara(0.36480774055118004, 0.10500000000000001, 0.8400000000000001), fitness)===
===当代平均功率为10018.527804039773===

===第73代进化完成
===当代最小功率为4263.361835130541;对应实例参数为Rotor(Ropara(0.0669314519060799, 0.06, 0.07), Ropara(0.9696621145391917, 0.6, 1.0), Ropara(0.6481192462126839, 0.10500000000000001, 0.9450000000000001), Ropara(-0.01562720887776664, -0.3490658503988659, 0.08726646259971647), Ropara(0.04926162831976838, -0.3490658503988659, 0.08726646259971647), Ropara(0.36480774055118004, 0.10500000000000001, 0.8400000000000001), fitness)===
===当代平均功率为9796.766863090701===

===第74代进化完成
===当代最小功率为4263.361835130541;对应实例参数为Rotor(Ropara(0.0669314519060799, 0.06, 0.07), Ropara(0.9696621145391917, 0.6, 1.0), Ropara(0.6481192462126839, 0.10500000000000001, 0.9450000000000001), Ropara(-0.01562720887776664, -0.3490658503988659, 0.08726646259971647), Ropara(0.04926162831976838, -0.3490658503988659, 0.08726646259971647), Ropara(0.36480774055118004, 0.10500000000000001, 0.8400000000000001), fitness)===
===当代平均功率为9930.000975410087===

===第75代进化完成
===当代最小功率为4263.361835130541;对应实例参数为Rotor(Ropara(0.0669314519060799, 0.06, 0.07), Ropara(0.9696621145391917, 0.6, 1.0), Ropara(0.6481192462126839, 0.10500000000000001, 0.9450000000000001), Ropara(-0.01562720887776664, -0.3490658503988659, 0.08726646259971647), Ropara(0.04926162831976838, -0.3490658503988659, 0.08726646259971647), Ropara(0.36480774055118004, 0.10500000000000001, 0.8400000000000001), fitness)===
===当代平均功率为9997.693611957704===

===第76代进化完成
===当代最小功率为4263.361835130541;对应实例参数为Rotor(Ropara(0.0669314519060799, 0.06, 0.07), Ropara(0.9696621145391917, 0.6, 1.0), Ropara(0.6481192462126839, 0.10500000000000001, 0.9450000000000001), Ropara(-0.01562720887776664, -0.3490658503988659, 0.08726646259971647), Ropara(0.04926162831976838, -0.3490658503988659, 0.08726646259971647), Ropara(0.36480774055118004, 0.10500000000000001, 0.8400000000000001), fitness)===
===当代平均功率为9952.650363699671===

===第77代进化完成
===当代最小功率为4263.361835130541;对应实例参数为Rotor(Ropara(0.0669314519060799, 0.06, 0.07), Ropara(0.9696621145391917, 0.6, 1.0), Ropara(0.6481192462126839, 0.10500000000000001, 0.9450000000000001), Ropara(-0.01562720887776664, -0.3490658503988659, 0.08726646259971647), Ropara(0.04926162831976838, -0.3490658503988659, 0.08726646259971647), Ropara(0.36480774055118004, 0.10500000000000001, 0.8400000000000001), fitness)===
===当代平均功率为10238.445702087205===

===第78代进化完成
===当代最小功率为4263.361835130541;对应实例参数为Rotor(Ropara(0.0669314519060799, 0.06, 0.07), Ropara(0.9696621145391917, 0.6, 1.0), Ropara(0.6481192462126839, 0.10500000000000001, 0.9450000000000001), Ropara(-0.01562720887776664, -0.3490658503988659, 0.08726646259971647), Ropara(0.04926162831976838, -0.3490658503988659, 0.08726646259971647), Ropara(0.36480774055118004, 0.10500000000000001, 0.8400000000000001), fitness)===
===当代平均功率为10001.216708814232===

===第79代进化完成
===当代最小功率为4263.361835130541;对应实例参数为Rotor(Ropara(0.0669314519060799, 0.06, 0.07), Ropara(0.9696621145391917, 0.6, 1.0), Ropara(0.6481192462126839, 0.10500000000000001, 0.9450000000000001), Ropara(-0.01562720887776664, -0.3490658503988659, 0.08726646259971647), Ropara(0.04926162831976838, -0.3490658503988659, 0.08726646259971647), Ropara(0.36480774055118004, 0.10500000000000001, 0.8400000000000001), fitness)===
===当代平均功率为9621.108552946682===

===第80代进化完成
===当代最小功率为4263.361835130541;对应实例参数为Rotor(Ropara(0.0669314519060799, 0.06, 0.07), Ropara(0.9696621145391917, 0.6, 1.0), Ropara(0.6481192462126839, 0.10500000000000001, 0.9450000000000001), Ropara(-0.01562720887776664, -0.3490658503988659, 0.08726646259971647), Ropara(0.04926162831976838, -0.3490658503988659, 0.08726646259971647), Ropara(0.36480774055118004, 0.10500000000000001, 0.8400000000000001), fitness)===
===当代平均功率为9947.740659846175===

===第81代进化完成
===当代最小功率为4263.361835130541;对应实例参数为Rotor(Ropara(0.0669314519060799, 0.06, 0.07), Ropara(0.9696621145391917, 0.6, 1.0), Ropara(0.6481192462126839, 0.10500000000000001, 0.9450000000000001), Ropara(-0.01562720887776664, -0.3490658503988659, 0.08726646259971647), Ropara(0.04926162831976838, -0.3490658503988659, 0.08726646259971647), Ropara(0.36480774055118004, 0.10500000000000001, 0.8400000000000001), fitness)===
===当代平均功率为9502.83127016413===

===第82代进化完成
===当代最小功率为4263.361835130541;对应实例参数为Rotor(Ropara(0.0669314519060799, 0.06, 0.07), Ropara(0.9696621145391917, 0.6, 1.0), Ropara(0.6481192462126839, 0.10500000000000001, 0.9450000000000001), Ropara(-0.01562720887776664, -0.3490658503988659, 0.08726646259971647), Ropara(0.04926162831976838, -0.3490658503988659, 0.08726646259971647), Ropara(0.36480774055118004, 0.10500000000000001, 0.8400000000000001), fitness)===
===当代平均功率为10065.53039663762===

===第83代进化完成
===当代最小功率为4263.361835130541;对应实例参数为Rotor(Ropara(0.0669314519060799, 0.06, 0.07), Ropara(0.9696621145391917, 0.6, 1.0), Ropara(0.6481192462126839, 0.10500000000000001, 0.9450000000000001), Ropara(-0.01562720887776664, -0.3490658503988659, 0.08726646259971647), Ropara(0.04926162831976838, -0.3490658503988659, 0.08726646259971647), Ropara(0.36480774055118004, 0.10500000000000001, 0.8400000000000001), fitness)===
===当代平均功率为9591.502166831366===

===第84代进化完成
===当代最小功率为4263.361835130541;对应实例参数为Rotor(Ropara(0.0669314519060799, 0.06, 0.07), Ropara(0.9696621145391917, 0.6, 1.0), Ropara(0.6481192462126839, 0.10500000000000001, 0.9450000000000001), Ropara(-0.01562720887776664, -0.3490658503988659, 0.08726646259971647), Ropara(0.04926162831976838, -0.3490658503988659, 0.08726646259971647), Ropara(0.36480774055118004, 0.10500000000000001, 0.8400000000000001), fitness)===
===当代平均功率为9743.396390528666===

===第85代进化完成
===当代最小功率为4263.361835130541;对应实例参数为Rotor(Ropara(0.0669314519060799, 0.06, 0.07), Ropara(0.9696621145391917, 0.6, 1.0), Ropara(0.6481192462126839, 0.10500000000000001, 0.9450000000000001), Ropara(-0.01562720887776664, -0.3490658503988659, 0.08726646259971647), Ropara(0.04926162831976838, -0.3490658503988659, 0.08726646259971647), Ropara(0.36480774055118004, 0.10500000000000001, 0.8400000000000001), fitness)===
===当代平均功率为9920.094502638274===

===第86代进化完成
===当代最小功率为4263.361835130541;对应实例参数为Rotor(Ropara(0.0669314519060799, 0.06, 0.07), Ropara(0.9696621145391917, 0.6, 1.0), Ropara(0.6481192462126839, 0.10500000000000001, 0.9450000000000001), Ropara(-0.01562720887776664, -0.3490658503988659, 0.08726646259971647), Ropara(0.04926162831976838, -0.3490658503988659, 0.08726646259971647), Ropara(0.36480774055118004, 0.10500000000000001, 0.8400000000000001), fitness)===
===当代平均功率为9710.546921478439===

===第87代进化完成
===当代最小功率为4263.361835130541;对应实例参数为Rotor(Ropara(0.0669314519060799, 0.06, 0.07), Ropara(0.9696621145391917, 0.6, 1.0), Ropara(0.6481192462126839, 0.10500000000000001, 0.9450000000000001), Ropara(-0.01562720887776664, -0.3490658503988659, 0.08726646259971647), Ropara(0.04926162831976838, -0.3490658503988659, 0.08726646259971647), Ropara(0.36480774055118004, 0.10500000000000001, 0.8400000000000001), fitness)===
===当代平均功率为10173.021552771588===

===第88代进化完成
===当代最小功率为4263.361835130541;对应实例参数为Rotor(Ropara(0.0669314519060799, 0.06, 0.07), Ropara(0.9696621145391917, 0.6, 1.0), Ropara(0.6481192462126839, 0.10500000000000001, 0.9450000000000001), Ropara(-0.01562720887776664, -0.3490658503988659, 0.08726646259971647), Ropara(0.04926162831976838, -0.3490658503988659, 0.08726646259971647), Ropara(0.36480774055118004, 0.10500000000000001, 0.8400000000000001), fitness)===
===当代平均功率为9764.469743706644===

===第89代进化完成
===当代最小功率为4263.361835130541;对应实例参数为Rotor(Ropara(0.0669314519060799, 0.06, 0.07), Ropara(0.9696621145391917, 0.6, 1.0), Ropara(0.6481192462126839, 0.10500000000000001, 0.9450000000000001), Ropara(-0.01562720887776664, -0.3490658503988659, 0.08726646259971647), Ropara(0.04926162831976838, -0.3490658503988659, 0.08726646259971647), Ropara(0.36480774055118004, 0.10500000000000001, 0.8400000000000001), fitness)===
===当代平均功率为9791.54689284538===

===第90代进化完成
===当代最小功率为4263.361835130541;对应实例参数为Rotor(Ropara(0.0669314519060799, 0.06, 0.07), Ropara(0.9696621145391917, 0.6, 1.0), Ropara(0.6481192462126839, 0.10500000000000001, 0.9450000000000001), Ropara(-0.01562720887776664, -0.3490658503988659, 0.08726646259971647), Ropara(0.04926162831976838, -0.3490658503988659, 0.08726646259971647), Ropara(0.36480774055118004, 0.10500000000000001, 0.8400000000000001), fitness)===
===当代平均功率为9907.58720685977===

===第91代进化完成
===当代最小功率为4263.361835130541;对应实例参数为Rotor(Ropara(0.0669314519060799, 0.06, 0.07), Ropara(0.9696621145391917, 0.6, 1.0), Ropara(0.6481192462126839, 0.10500000000000001, 0.9450000000000001), Ropara(-0.01562720887776664, -0.3490658503988659, 0.08726646259971647), Ropara(0.04926162831976838, -0.3490658503988659, 0.08726646259971647), Ropara(0.36480774055118004, 0.10500000000000001, 0.8400000000000001), fitness)===
===当代平均功率为9948.5252670405===

===第92代进化完成
===当代最小功率为4263.361835130541;对应实例参数为Rotor(Ropara(0.0669314519060799, 0.06, 0.07), Ropara(0.9696621145391917, 0.6, 1.0), Ropara(0.6481192462126839, 0.10500000000000001, 0.9450000000000001), Ropara(-0.01562720887776664, -0.3490658503988659, 0.08726646259971647), Ropara(0.04926162831976838, -0.3490658503988659, 0.08726646259971647), Ropara(0.36480774055118004, 0.10500000000000001, 0.8400000000000001), fitness)===
===当代平均功率为9927.724854923465===

===第93代进化完成
===当代最小功率为4263.361835130541;对应实例参数为Rotor(Ropara(0.0669314519060799, 0.06, 0.07), Ropara(0.9696621145391917, 0.6, 1.0), Ropara(0.6481192462126839, 0.10500000000000001, 0.9450000000000001), Ropara(-0.01562720887776664, -0.3490658503988659, 0.08726646259971647), Ropara(0.04926162831976838, -0.3490658503988659, 0.08726646259971647), Ropara(0.36480774055118004, 0.10500000000000001, 0.8400000000000001), fitness)===
===当代平均功率为9729.60886807092===

===第94代进化完成
===当代最小功率为4263.361835130541;对应实例参数为Rotor(Ropara(0.0669314519060799, 0.06, 0.07), Ropara(0.9696621145391917, 0.6, 1.0), Ropara(0.6481192462126839, 0.10500000000000001, 0.9450000000000001), Ropara(-0.01562720887776664, -0.3490658503988659, 0.08726646259971647), Ropara(0.04926162831976838, -0.3490658503988659, 0.08726646259971647), Ropara(0.36480774055118004, 0.10500000000000001, 0.8400000000000001), fitness)===
===当代平均功率为10137.711613227255===

===第95代进化完成
===当代最小功率为4263.361835130541;对应实例参数为Rotor(Ropara(0.0669314519060799, 0.06, 0.07), Ropara(0.9696621145391917, 0.6, 1.0), Ropara(0.6481192462126839, 0.10500000000000001, 0.9450000000000001), Ropara(-0.01562720887776664, -0.3490658503988659, 0.08726646259971647), Ropara(0.04926162831976838, -0.3490658503988659, 0.08726646259971647), Ropara(0.36480774055118004, 0.10500000000000001, 0.8400000000000001), fitness)===
===当代平均功率为9639.679930031829===

===第96代进化完成
===当代最小功率为4263.361835130541;对应实例参数为Rotor(Ropara(0.0669314519060799, 0.06, 0.07), Ropara(0.9696621145391917, 0.6, 1.0), Ropara(0.6481192462126839, 0.10500000000000001, 0.9450000000000001), Ropara(-0.01562720887776664, -0.3490658503988659, 0.08726646259971647), Ropara(0.04926162831976838, -0.3490658503988659, 0.08726646259971647), Ropara(0.36480774055118004, 0.10500000000000001, 0.8400000000000001), fitness)===
===当代平均功率为9777.903126310874===

===第97代进化完成
===当代最小功率为4263.361835130541;对应实例参数为Rotor(Ropara(0.0669314519060799, 0.06, 0.07), Ropara(0.9696621145391917, 0.6, 1.0), Ropara(0.6481192462126839, 0.10500000000000001, 0.9450000000000001), Ropara(-0.01562720887776664, -0.3490658503988659, 0.08726646259971647), Ropara(0.04926162831976838, -0.3490658503988659, 0.08726646259971647), Ropara(0.36480774055118004, 0.10500000000000001, 0.8400000000000001), fitness)===
===当代平均功率为10109.036643396612===

===第98代进化完成
===当代最小功率为4263.361835130541;对应实例参数为Rotor(Ropara(0.0669314519060799, 0.06, 0.07), Ropara(0.9696621145391917, 0.6, 1.0), Ropara(0.6481192462126839, 0.10500000000000001, 0.9450000000000001), Ropara(-0.01562720887776664, -0.3490658503988659, 0.08726646259971647), Ropara(0.04926162831976838, -0.3490658503988659, 0.08726646259971647), Ropara(0.36480774055118004, 0.10500000000000001, 0.8400000000000001), fitness)===
===当代平均功率为9472.298143997434===

===第99代进化完成
===当代最小功率为4263.361835130541;对应实例参数为Rotor(Ropara(0.0669314519060799, 0.06, 0.07), Ropara(0.9696621145391917, 0.6, 1.0), Ropara(0.6481192462126839, 0.10500000000000001, 0.9450000000000001), Ropara(-0.01562720887776664, -0.3490658503988659, 0.08726646259971647), Ropara(0.04926162831976838, -0.3490658503988659, 0.08726646259971647), Ropara(0.36480774055118004, 0.10500000000000001, 0.8400000000000001), fitness)===
===当代平均功率为9578.928134282078===

===第100代进化完成
===当代最小功率为4263.361835130541;对应实例参数为Rotor(Ropara(0.0669314519060799, 0.06, 0.07), Ropara(0.9696621145391917, 0.6, 1.0), Ropara(0.6481192462126839, 0.10500000000000001, 0.9450000000000001), Ropara(-0.01562720887776664, -0.3490658503988659, 0.08726646259971647), Ropara(0.04926162831976838, -0.3490658503988659, 0.08726646259971647), Ropara(0.36480774055118004, 0.10500000000000001, 0.8400000000000001), fitness)===
===当代平均功率为10023.887944590098===

===第101代进化完成
===当代最小功率为4263.361835130541;对应实例参数为Rotor(Ropara(0.0669314519060799, 0.06, 0.07), Ropara(0.9696621145391917, 0.6, 1.0), Ropara(0.6481192462126839, 0.10500000000000001, 0.9450000000000001), Ropara(-0.01562720887776664, -0.3490658503988659, 0.08726646259971647), Ropara(0.04926162831976838, -0.3490658503988659, 0.08726646259971647), Ropara(0.36480774055118004, 0.10500000000000001, 0.8400000000000001), fitness)===
===当代平均功率为9931.028556222374===

===第102代进化完成
===当代最小功率为4263.361835130541;对应实例参数为Rotor(Ropara(0.0669314519060799, 0.06, 0.07), Ropara(0.9696621145391917, 0.6, 1.0), Ropara(0.6481192462126839, 0.10500000000000001, 0.9450000000000001), Ropara(-0.01562720887776664, -0.3490658503988659, 0.08726646259971647), Ropara(0.04926162831976838, -0.3490658503988659, 0.08726646259971647), Ropara(0.36480774055118004, 0.10500000000000001, 0.8400000000000001), fitness)===
===当代平均功率为9644.56896097637===

===第103代进化完成
===当代最小功率为4263.361835130541;对应实例参数为Rotor(Ropara(0.0669314519060799, 0.06, 0.07), Ropara(0.9696621145391917, 0.6, 1.0), Ropara(0.6481192462126839, 0.10500000000000001, 0.9450000000000001), Ropara(-0.01562720887776664, -0.3490658503988659, 0.08726646259971647), Ropara(0.04926162831976838, -0.3490658503988659, 0.08726646259971647), Ropara(0.36480774055118004, 0.10500000000000001, 0.8400000000000001), fitness)===
===当代平均功率为10053.984899779967===

===第104代进化完成
===当代最小功率为4263.361835130541;对应实例参数为Rotor(Ropara(0.0669314519060799, 0.06, 0.07), Ropara(0.9696621145391917, 0.6, 1.0), Ropara(0.6481192462126839, 0.10500000000000001, 0.9450000000000001), Ropara(-0.01562720887776664, -0.3490658503988659, 0.08726646259971647), Ropara(0.04926162831976838, -0.3490658503988659, 0.08726646259971647), Ropara(0.36480774055118004, 0.10500000000000001, 0.8400000000000001), fitness)===
===当代平均功率为9979.852610716276===

===第105代进化完成
===当代最小功率为4263.361835130541;对应实例参数为Rotor(Ropara(0.0669314519060799, 0.06, 0.07), Ropara(0.9696621145391917, 0.6, 1.0), Ropara(0.6481192462126839, 0.10500000000000001, 0.9450000000000001), Ropara(-0.01562720887776664, -0.3490658503988659, 0.08726646259971647), Ropara(0.04926162831976838, -0.3490658503988659, 0.08726646259971647), Ropara(0.36480774055118004, 0.10500000000000001, 0.8400000000000001), fitness)===
===当代平均功率为9706.08932161586===

===第106代进化完成
===当代最小功率为4263.361835130541;对应实例参数为Rotor(Ropara(0.0669314519060799, 0.06, 0.07), Ropara(0.9696621145391917, 0.6, 1.0), Ropara(0.6481192462126839, 0.10500000000000001, 0.9450000000000001), Ropara(-0.01562720887776664, -0.3490658503988659, 0.08726646259971647), Ropara(0.04926162831976838, -0.3490658503988659, 0.08726646259971647), Ropara(0.36480774055118004, 0.10500000000000001, 0.8400000000000001), fitness)===
===当代平均功率为9935.571229490482===

===第107代进化完成
===当代最小功率为4263.361835130541;对应实例参数为Rotor(Ropara(0.0669314519060799, 0.06, 0.07), Ropara(0.9696621145391917, 0.6, 1.0), Ropara(0.6481192462126839, 0.10500000000000001, 0.9450000000000001), Ropara(-0.01562720887776664, -0.3490658503988659, 0.08726646259971647), Ropara(0.04926162831976838, -0.3490658503988659, 0.08726646259971647), Ropara(0.36480774055118004, 0.10500000000000001, 0.8400000000000001), fitness)===
===当代平均功率为10107.794211724788===

===第108代进化完成
===当代最小功率为4263.361835130541;对应实例参数为Rotor(Ropara(0.0669314519060799, 0.06, 0.07), Ropara(0.9696621145391917, 0.6, 1.0), Ropara(0.6481192462126839, 0.10500000000000001, 0.9450000000000001), Ropara(-0.01562720887776664, -0.3490658503988659, 0.08726646259971647), Ropara(0.04926162831976838, -0.3490658503988659, 0.08726646259971647), Ropara(0.36480774055118004, 0.10500000000000001, 0.8400000000000001), fitness)===
===当代平均功率为10042.840101282316===

===第109代进化完成
===当代最小功率为4263.361835130541;对应实例参数为Rotor(Ropara(0.0669314519060799, 0.06, 0.07), Ropara(0.9696621145391917, 0.6, 1.0), Ropara(0.6481192462126839, 0.10500000000000001, 0.9450000000000001), Ropara(-0.01562720887776664, -0.3490658503988659, 0.08726646259971647), Ropara(0.04926162831976838, -0.3490658503988659, 0.08726646259971647), Ropara(0.36480774055118004, 0.10500000000000001, 0.8400000000000001), fitness)===
===当代平均功率为9779.979153546146===

===第110代进化完成
===当代最小功率为4263.361835130541;对应实例参数为Rotor(Ropara(0.0669314519060799, 0.06, 0.07), Ropara(0.9696621145391917, 0.6, 1.0), Ropara(0.6481192462126839, 0.10500000000000001, 0.9450000000000001), Ropara(-0.01562720887776664, -0.3490658503988659, 0.08726646259971647), Ropara(0.04926162831976838, -0.3490658503988659, 0.08726646259971647), Ropara(0.36480774055118004, 0.10500000000000001, 0.8400000000000001), fitness)===
===当代平均功率为9997.45367265575===

===第111代进化完成
===当代最小功率为4263.361835130541;对应实例参数为Rotor(Ropara(0.0669314519060799, 0.06, 0.07), Ropara(0.9696621145391917, 0.6, 1.0), Ropara(0.6481192462126839, 0.10500000000000001, 0.9450000000000001), Ropara(-0.01562720887776664, -0.3490658503988659, 0.08726646259971647), Ropara(0.04926162831976838, -0.3490658503988659, 0.08726646259971647), Ropara(0.36480774055118004, 0.10500000000000001, 0.8400000000000001), fitness)===
===当代平均功率为10181.711075283829===

===第112代进化完成
===当代最小功率为4263.361835130541;对应实例参数为Rotor(Ropara(0.0669314519060799, 0.06, 0.07), Ropara(0.9696621145391917, 0.6, 1.0), Ropara(0.6481192462126839, 0.10500000000000001, 0.9450000000000001), Ropara(-0.01562720887776664, -0.3490658503988659, 0.08726646259971647), Ropara(0.04926162831976838, -0.3490658503988659, 0.08726646259971647), Ropara(0.36480774055118004, 0.10500000000000001, 0.8400000000000001), fitness)===
===当代平均功率为10001.365682207695===

===第113代进化完成
===当代最小功率为4263.361835130541;对应实例参数为Rotor(Ropara(0.0669314519060799, 0.06, 0.07), Ropara(0.9696621145391917, 0.6, 1.0), Ropara(0.6481192462126839, 0.10500000000000001, 0.9450000000000001), Ropara(-0.01562720887776664, -0.3490658503988659, 0.08726646259971647), Ropara(0.04926162831976838, -0.3490658503988659, 0.08726646259971647), Ropara(0.36480774055118004, 0.10500000000000001, 0.8400000000000001), fitness)===
===当代平均功率为10051.888620688307===

===第114代进化完成
===当代最小功率为4263.361835130541;对应实例参数为Rotor(Ropara(0.0669314519060799, 0.06, 0.07), Ropara(0.9696621145391917, 0.6, 1.0), Ropara(0.6481192462126839, 0.10500000000000001, 0.9450000000000001), Ropara(-0.01562720887776664, -0.3490658503988659, 0.08726646259971647), Ropara(0.04926162831976838, -0.3490658503988659, 0.08726646259971647), Ropara(0.36480774055118004, 0.10500000000000001, 0.8400000000000001), fitness)===
===当代平均功率为9941.082640134806===

===第115代进化完成
===当代最小功率为4263.361835130541;对应实例参数为Rotor(Ropara(0.0669314519060799, 0.06, 0.07), Ropara(0.9696621145391917, 0.6, 1.0), Ropara(0.6481192462126839, 0.10500000000000001, 0.9450000000000001), Ropara(-0.01562720887776664, -0.3490658503988659, 0.08726646259971647), Ropara(0.04926162831976838, -0.3490658503988659, 0.08726646259971647), Ropara(0.36480774055118004, 0.10500000000000001, 0.8400000000000001), fitness)===
===当代平均功率为9919.238522058089===

===第116代进化完成
===当代最小功率为4263.361835130541;对应实例参数为Rotor(Ropara(0.0669314519060799, 0.06, 0.07), Ropara(0.9696621145391917, 0.6, 1.0), Ropara(0.6481192462126839, 0.10500000000000001, 0.9450000000000001), Ropara(-0.01562720887776664, -0.3490658503988659, 0.08726646259971647), Ropara(0.04926162831976838, -0.3490658503988659, 0.08726646259971647), Ropara(0.36480774055118004, 0.10500000000000001, 0.8400000000000001), fitness)===
===当代平均功率为10053.218376394609===

===第117代进化完成
===当代最小功率为4263.361835130541;对应实例参数为Rotor(Ropara(0.0669314519060799, 0.06, 0.07), Ropara(0.9696621145391917, 0.6, 1.0), Ropara(0.6481192462126839, 0.10500000000000001, 0.9450000000000001), Ropara(-0.01562720887776664, -0.3490658503988659, 0.08726646259971647), Ropara(0.04926162831976838, -0.3490658503988659, 0.08726646259971647), Ropara(0.36480774055118004, 0.10500000000000001, 0.8400000000000001), fitness)===
===当代平均功率为9732.50058696532===

===第118代进化完成
===当代最小功率为4263.361835130541;对应实例参数为Rotor(Ropara(0.0669314519060799, 0.06, 0.07), Ropara(0.9696621145391917, 0.6, 1.0), Ropara(0.6481192462126839, 0.10500000000000001, 0.9450000000000001), Ropara(-0.01562720887776664, -0.3490658503988659, 0.08726646259971647), Ropara(0.04926162831976838, -0.3490658503988659, 0.08726646259971647), Ropara(0.36480774055118004, 0.10500000000000001, 0.8400000000000001), fitness)===
===当代平均功率为9807.588353654379===

===第119代进化完成
===当代最小功率为4263.361835130541;对应实例参数为Rotor(Ropara(0.0669314519060799, 0.06, 0.07), Ropara(0.9696621145391917, 0.6, 1.0), Ropara(0.6481192462126839, 0.10500000000000001, 0.9450000000000001), Ropara(-0.01562720887776664, -0.3490658503988659, 0.08726646259971647), Ropara(0.04926162831976838, -0.3490658503988659, 0.08726646259971647), Ropara(0.36480774055118004, 0.10500000000000001, 0.8400000000000001), fitness)===
===当代平均功率为9783.387741225617===

===第120代进化完成
===当代最小功率为4263.361835130541;对应实例参数为Rotor(Ropara(0.0669314519060799, 0.06, 0.07), Ropara(0.9696621145391917, 0.6, 1.0), Ropara(0.6481192462126839, 0.10500000000000001, 0.9450000000000001), Ropara(-0.01562720887776664, -0.3490658503988659, 0.08726646259971647), Ropara(0.04926162831976838, -0.3490658503988659, 0.08726646259971647), Ropara(0.36480774055118004, 0.10500000000000001, 0.8400000000000001), fitness)===
===当代平均功率为9732.236231583749===

===第121代进化完成
===当代最小功率为4263.361835130541;对应实例参数为Rotor(Ropara(0.0669314519060799, 0.06, 0.07), Ropara(0.9696621145391917, 0.6, 1.0), Ropara(0.6481192462126839, 0.10500000000000001, 0.9450000000000001), Ropara(-0.01562720887776664, -0.3490658503988659, 0.08726646259971647), Ropara(0.04926162831976838, -0.3490658503988659, 0.08726646259971647), Ropara(0.36480774055118004, 0.10500000000000001, 0.8400000000000001), fitness)===
===当代平均功率为9988.197492254383===

===第122代进化完成
===当代最小功率为4263.361835130541;对应实例参数为Rotor(Ropara(0.0669314519060799, 0.06, 0.07), Ropara(0.9696621145391917, 0.6, 1.0), Ropara(0.6481192462126839, 0.10500000000000001, 0.9450000000000001), Ropara(-0.01562720887776664, -0.3490658503988659, 0.08726646259971647), Ropara(0.04926162831976838, -0.3490658503988659, 0.08726646259971647), Ropara(0.36480774055118004, 0.10500000000000001, 0.8400000000000001), fitness)===
===当代平均功率为10092.683036521743===

===第123代进化完成
===当代最小功率为4263.361835130541;对应实例参数为Rotor(Ropara(0.0669314519060799, 0.06, 0.07), Ropara(0.9696621145391917, 0.6, 1.0), Ropara(0.6481192462126839, 0.10500000000000001, 0.9450000000000001), Ropara(-0.01562720887776664, -0.3490658503988659, 0.08726646259971647), Ropara(0.04926162831976838, -0.3490658503988659, 0.08726646259971647), Ropara(0.36480774055118004, 0.10500000000000001, 0.8400000000000001), fitness)===
===当代平均功率为10040.989146458169===

===第124代进化完成
===当代最小功率为4263.361835130541;对应实例参数为Rotor(Ropara(0.0669314519060799, 0.06, 0.07), Ropara(0.9696621145391917, 0.6, 1.0), Ropara(0.6481192462126839, 0.10500000000000001, 0.9450000000000001), Ropara(-0.01562720887776664, -0.3490658503988659, 0.08726646259971647), Ropara(0.04926162831976838, -0.3490658503988659, 0.08726646259971647), Ropara(0.36480774055118004, 0.10500000000000001, 0.8400000000000001), fitness)===
===当代平均功率为9854.344762353341===

===第125代进化完成
===当代最小功率为4263.361835130541;对应实例参数为Rotor(Ropara(0.0669314519060799, 0.06, 0.07), Ropara(0.9696621145391917, 0.6, 1.0), Ropara(0.6481192462126839, 0.10500000000000001, 0.9450000000000001), Ropara(-0.01562720887776664, -0.3490658503988659, 0.08726646259971647), Ropara(0.04926162831976838, -0.3490658503988659, 0.08726646259971647), Ropara(0.36480774055118004, 0.10500000000000001, 0.8400000000000001), fitness)===
===当代平均功率为10063.406717252146===

===第126代进化完成
===当代最小功率为4263.361835130541;对应实例参数为Rotor(Ropara(0.0669314519060799, 0.06, 0.07), Ropara(0.9696621145391917, 0.6, 1.0), Ropara(0.6481192462126839, 0.10500000000000001, 0.9450000000000001), Ropara(-0.01562720887776664, -0.3490658503988659, 0.08726646259971647), Ropara(0.04926162831976838, -0.3490658503988659, 0.08726646259971647), Ropara(0.36480774055118004, 0.10500000000000001, 0.8400000000000001), fitness)===
===当代平均功率为9830.82308139891===

===第127代进化完成
===当代最小功率为4263.361835130541;对应实例参数为Rotor(Ropara(0.0669314519060799, 0.06, 0.07), Ropara(0.9696621145391917, 0.6, 1.0), Ropara(0.6481192462126839, 0.10500000000000001, 0.9450000000000001), Ropara(-0.01562720887776664, -0.3490658503988659, 0.08726646259971647), Ropara(0.04926162831976838, -0.3490658503988659, 0.08726646259971647), Ropara(0.36480774055118004, 0.10500000000000001, 0.8400000000000001), fitness)===
===当代平均功率为10030.681086938373===

===第128代进化完成
===当代最小功率为4263.361835130541;对应实例参数为Rotor(Ropara(0.0669314519060799, 0.06, 0.07), Ropara(0.9696621145391917, 0.6, 1.0), Ropara(0.6481192462126839, 0.10500000000000001, 0.9450000000000001), Ropara(-0.01562720887776664, -0.3490658503988659, 0.08726646259971647), Ropara(0.04926162831976838, -0.3490658503988659, 0.08726646259971647), Ropara(0.36480774055118004, 0.10500000000000001, 0.8400000000000001), fitness)===
===当代平均功率为9520.278644053196===

===第129代进化完成
===当代最小功率为4263.361835130541;对应实例参数为Rotor(Ropara(0.0669314519060799, 0.06, 0.07), Ropara(0.9696621145391917, 0.6, 1.0), Ropara(0.6481192462126839, 0.10500000000000001, 0.9450000000000001), Ropara(-0.01562720887776664, -0.3490658503988659, 0.08726646259971647), Ropara(0.04926162831976838, -0.3490658503988659, 0.08726646259971647), Ropara(0.36480774055118004, 0.10500000000000001, 0.8400000000000001), fitness)===
===当代平均功率为9818.90040001436===

===第130代进化完成
===当代最小功率为4263.361835130541;对应实例参数为Rotor(Ropara(0.0669314519060799, 0.06, 0.07), Ropara(0.9696621145391917, 0.6, 1.0), Ropara(0.6481192462126839, 0.10500000000000001, 0.9450000000000001), Ropara(-0.01562720887776664, -0.3490658503988659, 0.08726646259971647), Ropara(0.04926162831976838, -0.3490658503988659, 0.08726646259971647), Ropara(0.36480774055118004, 0.10500000000000001, 0.8400000000000001), fitness)===
===当代平均功率为10046.55129602682===

===第131代进化完成
===当代最小功率为4263.361835130541;对应实例参数为Rotor(Ropara(0.0669314519060799, 0.06, 0.07), Ropara(0.9696621145391917, 0.6, 1.0), Ropara(0.6481192462126839, 0.10500000000000001, 0.9450000000000001), Ropara(-0.01562720887776664, -0.3490658503988659, 0.08726646259971647), Ropara(0.04926162831976838, -0.3490658503988659, 0.08726646259971647), Ropara(0.36480774055118004, 0.10500000000000001, 0.8400000000000001), fitness)===
===当代平均功率为9936.955170996613===

===第132代进化完成
===当代最小功率为4263.361835130541;对应实例参数为Rotor(Ropara(0.0669314519060799, 0.06, 0.07), Ropara(0.9696621145391917, 0.6, 1.0), Ropara(0.6481192462126839, 0.10500000000000001, 0.9450000000000001), Ropara(-0.01562720887776664, -0.3490658503988659, 0.08726646259971647), Ropara(0.04926162831976838, -0.3490658503988659, 0.08726646259971647), Ropara(0.36480774055118004, 0.10500000000000001, 0.8400000000000001), fitness)===
===当代平均功率为10070.83951113043===

===第133代进化完成
===当代最小功率为4263.361835130541;对应实例参数为Rotor(Ropara(0.0669314519060799, 0.06, 0.07), Ropara(0.9696621145391917, 0.6, 1.0), Ropara(0.6481192462126839, 0.10500000000000001, 0.9450000000000001), Ropara(-0.01562720887776664, -0.3490658503988659, 0.08726646259971647), Ropara(0.04926162831976838, -0.3490658503988659, 0.08726646259971647), Ropara(0.36480774055118004, 0.10500000000000001, 0.8400000000000001), fitness)===
===当代平均功率为9865.439085367827===

===第134代进化完成
===当代最小功率为4263.361835130541;对应实例参数为Rotor(Ropara(0.0669314519060799, 0.06, 0.07), Ropara(0.9696621145391917, 0.6, 1.0), Ropara(0.6481192462126839, 0.10500000000000001, 0.9450000000000001), Ropara(-0.01562720887776664, -0.3490658503988659, 0.08726646259971647), Ropara(0.04926162831976838, -0.3490658503988659, 0.08726646259971647), Ropara(0.36480774055118004, 0.10500000000000001, 0.8400000000000001), fitness)===
===当代平均功率为9665.701037063673===

===第135代进化完成
===当代最小功率为4263.361835130541;对应实例参数为Rotor(Ropara(0.0669314519060799, 0.06, 0.07), Ropara(0.9696621145391917, 0.6, 1.0), Ropara(0.6481192462126839, 0.10500000000000001, 0.9450000000000001), Ropara(-0.01562720887776664, -0.3490658503988659, 0.08726646259971647), Ropara(0.04926162831976838, -0.3490658503988659, 0.08726646259971647), Ropara(0.36480774055118004, 0.10500000000000001, 0.8400000000000001), fitness)===
===当代平均功率为9686.77988512814===

===第136代进化完成
===当代最小功率为4263.361835130541;对应实例参数为Rotor(Ropara(0.0669314519060799, 0.06, 0.07), Ropara(0.9696621145391917, 0.6, 1.0), Ropara(0.6481192462126839, 0.10500000000000001, 0.9450000000000001), Ropara(-0.01562720887776664, -0.3490658503988659, 0.08726646259971647), Ropara(0.04926162831976838, -0.3490658503988659, 0.08726646259971647), Ropara(0.36480774055118004, 0.10500000000000001, 0.8400000000000001), fitness)===
===当代平均功率为10143.7446168325===

===第137代进化完成
===当代最小功率为4263.361835130541;对应实例参数为Rotor(Ropara(0.0669314519060799, 0.06, 0.07), Ropara(0.9696621145391917, 0.6, 1.0), Ropara(0.6481192462126839, 0.10500000000000001, 0.9450000000000001), Ropara(-0.01562720887776664, -0.3490658503988659, 0.08726646259971647), Ropara(0.04926162831976838, -0.3490658503988659, 0.08726646259971647), Ropara(0.36480774055118004, 0.10500000000000001, 0.8400000000000001), fitness)===
===当代平均功率为9930.99831093886===

===第138代进化完成
===当代最小功率为4263.361835130541;对应实例参数为Rotor(Ropara(0.0669314519060799, 0.06, 0.07), Ropara(0.9696621145391917, 0.6, 1.0), Ropara(0.6481192462126839, 0.10500000000000001, 0.9450000000000001), Ropara(-0.01562720887776664, -0.3490658503988659, 0.08726646259971647), Ropara(0.04926162831976838, -0.3490658503988659, 0.08726646259971647), Ropara(0.36480774055118004, 0.10500000000000001, 0.8400000000000001), fitness)===
===当代平均功率为9892.51651694933===

===第139代进化完成
===当代最小功率为4263.361835130541;对应实例参数为Rotor(Ropara(0.0669314519060799, 0.06, 0.07), Ropara(0.9696621145391917, 0.6, 1.0), Ropara(0.6481192462126839, 0.10500000000000001, 0.9450000000000001), Ropara(-0.01562720887776664, -0.3490658503988659, 0.08726646259971647), Ropara(0.04926162831976838, -0.3490658503988659, 0.08726646259971647), Ropara(0.36480774055118004, 0.10500000000000001, 0.8400000000000001), fitness)===
===当代平均功率为9674.92181632181===

===第140代进化完成
===当代最小功率为4263.361835130541;对应实例参数为Rotor(Ropara(0.0669314519060799, 0.06, 0.07), Ropara(0.9696621145391917, 0.6, 1.0), Ropara(0.6481192462126839, 0.10500000000000001, 0.9450000000000001), Ropara(-0.01562720887776664, -0.3490658503988659, 0.08726646259971647), Ropara(0.04926162831976838, -0.3490658503988659, 0.08726646259971647), Ropara(0.36480774055118004, 0.10500000000000001, 0.8400000000000001), fitness)===
===当代平均功率为10048.697923582153===

===第141代进化完成
===当代最小功率为4263.361835130541;对应实例参数为Rotor(Ropara(0.0669314519060799, 0.06, 0.07), Ropara(0.9696621145391917, 0.6, 1.0), Ropara(0.6481192462126839, 0.10500000000000001, 0.9450000000000001), Ropara(-0.01562720887776664, -0.3490658503988659, 0.08726646259971647), Ropara(0.04926162831976838, -0.3490658503988659, 0.08726646259971647), Ropara(0.36480774055118004, 0.10500000000000001, 0.8400000000000001), fitness)===
===当代平均功率为9757.314390385247===

===第142代进化完成
===当代最小功率为4263.361835130541;对应实例参数为Rotor(Ropara(0.0669314519060799, 0.06, 0.07), Ropara(0.9696621145391917, 0.6, 1.0), Ropara(0.6481192462126839, 0.10500000000000001, 0.9450000000000001), Ropara(-0.01562720887776664, -0.3490658503988659, 0.08726646259971647), Ropara(0.04926162831976838, -0.3490658503988659, 0.08726646259971647), Ropara(0.36480774055118004, 0.10500000000000001, 0.8400000000000001), fitness)===
===当代平均功率为9796.482868438086===

===第143代进化完成
===当代最小功率为4263.361835130541;对应实例参数为Rotor(Ropara(0.0669314519060799, 0.06, 0.07), Ropara(0.9696621145391917, 0.6, 1.0), Ropara(0.6481192462126839, 0.10500000000000001, 0.9450000000000001), Ropara(-0.01562720887776664, -0.3490658503988659, 0.08726646259971647), Ropara(0.04926162831976838, -0.3490658503988659, 0.08726646259971647), Ropara(0.36480774055118004, 0.10500000000000001, 0.8400000000000001), fitness)===
===当代平均功率为10247.913717787798===

===第144代进化完成
===当代最小功率为4263.361835130541;对应实例参数为Rotor(Ropara(0.0669314519060799, 0.06, 0.07), Ropara(0.9696621145391917, 0.6, 1.0), Ropara(0.6481192462126839, 0.10500000000000001, 0.9450000000000001), Ropara(-0.01562720887776664, -0.3490658503988659, 0.08726646259971647), Ropara(0.04926162831976838, -0.3490658503988659, 0.08726646259971647), Ropara(0.36480774055118004, 0.10500000000000001, 0.8400000000000001), fitness)===
===当代平均功率为9970.397462116316===

===第145代进化完成
===当代最小功率为4263.361835130541;对应实例参数为Rotor(Ropara(0.0669314519060799, 0.06, 0.07), Ropara(0.9696621145391917, 0.6, 1.0), Ropara(0.6481192462126839, 0.10500000000000001, 0.9450000000000001), Ropara(-0.01562720887776664, -0.3490658503988659, 0.08726646259971647), Ropara(0.04926162831976838, -0.3490658503988659, 0.08726646259971647), Ropara(0.36480774055118004, 0.10500000000000001, 0.8400000000000001), fitness)===
===当代平均功率为9868.816635578554===

===第146代进化完成
===当代最小功率为4263.361835130541;对应实例参数为Rotor(Ropara(0.0669314519060799, 0.06, 0.07), Ropara(0.9696621145391917, 0.6, 1.0), Ropara(0.6481192462126839, 0.10500000000000001, 0.9450000000000001), Ropara(-0.01562720887776664, -0.3490658503988659, 0.08726646259971647), Ropara(0.04926162831976838, -0.3490658503988659, 0.08726646259971647), Ropara(0.36480774055118004, 0.10500000000000001, 0.8400000000000001), fitness)===
===当代平均功率为9857.234764503562===

===第147代进化完成
===当代最小功率为4263.361835130541;对应实例参数为Rotor(Ropara(0.0669314519060799, 0.06, 0.07), Ropara(0.9696621145391917, 0.6, 1.0), Ropara(0.6481192462126839, 0.10500000000000001, 0.9450000000000001), Ropara(-0.01562720887776664, -0.3490658503988659, 0.08726646259971647), Ropara(0.04926162831976838, -0.3490658503988659, 0.08726646259971647), Ropara(0.36480774055118004, 0.10500000000000001, 0.8400000000000001), fitness)===
===当代平均功率为9862.402533836825===

===第148代进化完成
===当代最小功率为4263.361835130541;对应实例参数为Rotor(Ropara(0.0669314519060799, 0.06, 0.07), Ropara(0.9696621145391917, 0.6, 1.0), Ropara(0.6481192462126839, 0.10500000000000001, 0.9450000000000001), Ropara(-0.01562720887776664, -0.3490658503988659, 0.08726646259971647), Ropara(0.04926162831976838, -0.3490658503988659, 0.08726646259971647), Ropara(0.36480774055118004, 0.10500000000000001, 0.8400000000000001), fitness)===
===当代平均功率为9759.99149418128===

===第149代进化完成
===当代最小功率为4263.361835130541;对应实例参数为Rotor(Ropara(0.0669314519060799, 0.06, 0.07), Ropara(0.9696621145391917, 0.6, 1.0), Ropara(0.6481192462126839, 0.10500000000000001, 0.9450000000000001), Ropara(-0.01562720887776664, -0.3490658503988659, 0.08726646259971647), Ropara(0.04926162831976838, -0.3490658503988659, 0.08726646259971647), Ropara(0.36480774055118004, 0.10500000000000001, 0.8400000000000001), fitness)===
===当代平均功率为9836.381752536747===

===第150代进化完成
===当代最小功率为4263.361835130541;对应实例参数为Rotor(Ropara(0.0669314519060799, 0.06, 0.07), Ropara(0.9696621145391917, 0.6, 1.0), Ropara(0.6481192462126839, 0.10500000000000001, 0.9450000000000001), Ropara(-0.01562720887776664, -0.3490658503988659, 0.08726646259971647), Ropara(0.04926162831976838, -0.3490658503988659, 0.08726646259971647), Ropara(0.36480774055118004, 0.10500000000000001, 0.8400000000000001), fitness)===
===当代平均功率为9730.06745945001===

===第151代进化完成
===当代最小功率为4263.361835130541;对应实例参数为Rotor(Ropara(0.0669314519060799, 0.06, 0.07), Ropara(0.9696621145391917, 0.6, 1.0), Ropara(0.6481192462126839, 0.10500000000000001, 0.9450000000000001), Ropara(-0.01562720887776664, -0.3490658503988659, 0.08726646259971647), Ropara(0.04926162831976838, -0.3490658503988659, 0.08726646259971647), Ropara(0.36480774055118004, 0.10500000000000001, 0.8400000000000001), fitness)===
===当代平均功率为9628.139248757421===

===第152代进化完成
===当代最小功率为4263.361835130541;对应实例参数为Rotor(Ropara(0.0669314519060799, 0.06, 0.07), Ropara(0.9696621145391917, 0.6, 1.0), Ropara(0.6481192462126839, 0.10500000000000001, 0.9450000000000001), Ropara(-0.01562720887776664, -0.3490658503988659, 0.08726646259971647), Ropara(0.04926162831976838, -0.3490658503988659, 0.08726646259971647), Ropara(0.36480774055118004, 0.10500000000000001, 0.8400000000000001), fitness)===
===当代平均功率为8557.202832027415===

===第153代进化完成
===当代最小功率为4263.361835130541;对应实例参数为Rotor(Ropara(0.0669314519060799, 0.06, 0.07), Ropara(0.9696621145391917, 0.6, 1.0), Ropara(0.6481192462126839, 0.10500000000000001, 0.9450000000000001), Ropara(-0.01562720887776664, -0.3490658503988659, 0.08726646259971647), Ropara(0.04926162831976838, -0.3490658503988659, 0.08726646259971647), Ropara(0.36480774055118004, 0.10500000000000001, 0.8400000000000001), fitness)===
===当代平均功率为7865.259240566623===

===第154代进化完成
===当代最小功率为4263.361835130541;对应实例参数为Rotor(Ropara(0.0669314519060799, 0.06, 0.07), Ropara(0.9696621145391917, 0.6, 1.0), Ropara(0.6481192462126839, 0.10500000000000001, 0.9450000000000001), Ropara(-0.01562720887776664, -0.3490658503988659, 0.08726646259971647), Ropara(0.04926162831976838, -0.3490658503988659, 0.08726646259971647), Ropara(0.36480774055118004, 0.10500000000000001, 0.8400000000000001), fitness)===
===当代平均功率为6127.197568125491===

===第155代进化完成
===当代最小功率为4263.361835130541;对应实例参数为Rotor(Ropara(0.0669314519060799, 0.06, 0.07), Ropara(0.9696621145391917, 0.6, 1.0), Ropara(0.6481192462126839, 0.10500000000000001, 0.9450000000000001), Ropara(-0.01562720887776664, -0.3490658503988659, 0.08726646259971647), Ropara(0.04926162831976838, -0.3490658503988659, 0.08726646259971647), Ropara(0.36480774055118004, 0.10500000000000001, 0.8400000000000001), fitness)===
===当代平均功率为6251.258114992839===

===第156代进化完成
===当代最小功率为4263.361835130541;对应实例参数为Rotor(Ropara(0.0669314519060799, 0.06, 0.07), Ropara(0.9696621145391917, 0.6, 1.0), Ropara(0.6481192462126839, 0.10500000000000001, 0.9450000000000001), Ropara(-0.01562720887776664, -0.3490658503988659, 0.08726646259971647), Ropara(0.04926162831976838, -0.3490658503988659, 0.08726646259971647), Ropara(0.36480774055118004, 0.10500000000000001, 0.8400000000000001), fitness)===
===当代平均功率为6095.526013432564===

===第157代进化完成
===当代最小功率为4263.361835130541;对应实例参数为Rotor(Ropara(0.0669314519060799, 0.06, 0.07), Ropara(0.9696621145391917, 0.6, 1.0), Ropara(0.6481192462126839, 0.10500000000000001, 0.9450000000000001), Ropara(-0.01562720887776664, -0.3490658503988659, 0.08726646259971647), Ropara(0.04926162831976838, -0.3490658503988659, 0.08726646259971647), Ropara(0.36480774055118004, 0.10500000000000001, 0.8400000000000001), fitness)===
===当代平均功率为5114.717461517282===

===本次进化的总时间为：33203.8029999733秒===