9497.6344000236280
10499.8663233366620
6870.19546269280
5506.1243841474220
4198.7083899519570
4813.901731149730
3454.2073673605710
5635.1518754120680
4755.29985248430150
4241.008599316570
3470.17501172555380
5806.5574743590250
4581.0626353561530
3867.41856193945750
4459.5076011246390
4727.3283289857540
5824.95799596663350
4664.7121808965990
4195.2647968186650
3849.58240445017050
3470.17501172555380
4839.65092668943450
4161.2561728182350
4017.5431648514720
4080.6577268258880
4748.4042639521490
4493.6108448926830
4107.7407625829940
4784.4217649649630
5373.48663244620550
3454.2073673605710
4836.6350004577970
5283.0444255635830
4369.9402499076040
3470.17501172555380
3754.6372806337040
3470.17501172555380
3949.08433610618160
6145.1826732801780
3928.03014216344130
4687.3595462578490
3857.2257108490050
4400.7338430703330
5305.45497418861850
3888.70005230445350
3754.41755919598750
3827.9007291106270
3945.52832589174160
3994.5084247785310
4460.3051387714170
4255.870168434670
4262.0548484539230
3874.5299526360280
3944.17965629643280
4062.3880025939190
4579.49734007862750
5369.75136540389850
10188.820397330420
3931.874507232610
10418.3364804496610
5606.729700684640
4554.6554995182880
3471.9436744976560
4806.07334032079050
3454.2073673605710
3470.17501172555380
3965.6688989726490
18407.733956476680
9712.623271465280
8880.4529781034960
4379.4078406041230
3426.8066589452140
3831.91600131636640
4108.3329296766660
4727.5250902026450
4959.12051307419550
3721.59769035346330
3851.373255908350
3962.02472942884740
3454.2073673605710
4513.7242696792310
4801.1602869259830
4717.01635908289150
4330.4515207090660
4752.6716322633510
3881.0533302095570
4197.4739600451190
3454.2073673605710
3823.70298718831460
4370.3274879631410
4223.0305252261340
4089.26231173095360
3470.17501172555380
4214.9029893726120
4082.5243652121940
5953.9371755809360
3840.53599899261830
4515.2008630850090
4292.0363052486990
4789.7668726102820
12733.3975823524830
10436.6510366297320
4740.1386092296660
5188.843001802160
6160.3510099542040
6533.8082593858840
5430.9086101201080
5880.8618208868480
6753.6332790869640
6073.608746129760
6715.75062431505650
6045.9626742661260
6757.202422076350
7095.9250405195050
20322.9683786570750
6561.8238667320510
7244.9173877971880
19465.8761761490170
9730.7470839074140
8486.7627670398820
4818.9265267790760
4427.0960589754870
4711.5834333050250
4381.3428321174710
4251.0408671475070
4670.8934036888510
5086.3114266117740
5442.4214081680520
4430.1720608722350
4395.0029896129330
4417.497697971660
3470.17501172555380
4801.1434193985040
3470.17501172555380
4324.6136420915570
4640.40933020218650
4551.3183139730640
4013.7257547963630
4056.3439965335910
4113.6064956817460
13431.986356111460
7106.2771520744080
7130.0542293525890
6505.70904954450450
5949.13840961485950
6130.147473232870
6644.1639655479680
7323.7342420236390
6122.52921459304250
6619.4580268488710
6953.1832176441880
6228.08081679752650
6665.2236178817610
6292.3891872287250
6681.9572279075710
7041.1000635501490
6610.6549585495790
6279.9551397592930
5611.62385947634450
6566.7681015577120
6099.6681046232330
6345.660603133110
5485.8394666226660
5617.2877871147730
5590.612951814780
6278.5477917207430
6025.9081621506250
6368.3352691124280
6173.4949730079070
6095.2759687146050
15715.94323315430
17045.20812102660
11383.5693858933880
6170.3003221116890
6205.001051904950
5604.2581306931050
4758.4426769590860
4742.4750325941020
5660.4832784232820
5228.4324808990990
5784.0317459401780
6169.8171980363560
5447.15712533284750
5098.9812599940620
5583.2893356930950
5430.72417915753250
4758.4426769590860
5208.3956696789320
5948.97693070110650
7298.1624641903620
6010.7020282022190
5209.6374326226740
4758.4426769590860
4742.4750325941020
6323.2182857174750
4742.4750325941020
5786.1140803656860
6399.2453904083730
20474.6898351589770
9887.4217829656720
11398.9879208768470
4704.3445045440070
5409.271599476920
4704.3445045440070
5101.4727502438590
5556.6531960640480
5332.9463576577890
4704.3445045440070
5881.7488433994240
18686.810457178290
17286.134502165050
6591.7492530538660
5847.4656177522970
4717.6973586441870
6097.033325740890
5630.4685170962740
5325.52335070396750
4774.4768228770470
5041.6196765627030
18106.500306476540
10616.4669913840230
14325.2603484308040
9532.7192171438580
5624.0051485225960
6285.6632485001420
6596.4241774466980
5166.6014953997440
5610.66767177451950
6497.7637897262590
6379.3655918076740
5564.5612704027710
15372.2238361734420
7085.4324194192980
7060.4404467671010
7501.6396180889220
6820.2061278400060
7210.52694052976950
7521.6556066267770
8354.3508943864540
6820.646392901470
8073.8238406116650
8011.0947755826220
7021.8181212817670
7253.23753156938350
7689.9955818980350
7969.5507133556480
7756.7394848716460
7299.9038199117230
7231.04482031579850
8216.1371899690980
7392.7698095976160
7233.5365971252620
7985.1234164236490
6906.2477225994940
7415.4911027607190
7188.4774362418430
6840.2466887292710
7930.1321250061310
7602.313199454150
7301.6680296277150
7327.490399365710
7744.9795455562580
7689.7154154140190
6906.2477225994940
7554.6260278942520
19913.6646218750940
11876.6119555133850
15715.2569752464750
11170.2135978732790
22916.354198133480
13458.5625848288620
13494.7351304609550
7210.7791645697170
7391.3215923883550
8464.9957252539020
8012.7480339000490
6901.4194025838020
7456.2698637917380
7467.461232956190
8479.1313938063870
8280.0900469794180
7523.662827055380
6464.34269816556750
8385.3516518320050
14948.5325110626760
13839.0492680545120
7957.8816988849050
6412.4688603616540
7646.1858692081190
7325.2298241033220
6770.0882538018410
7953.3063526669890
8650.4114183648340
7087.0045062627070
7238.4963785495210
8229.8651504652440
6862.1416762006580
7022.1265580401550
7098.0532582114820
6422.1781987762870
7350.7379384578420
7897.5440662307410
7515.7731523845750
6422.1781987762870
8222.8629835682620
6422.1781987762870
6862.1416762006580
7190.2517002652210
6862.1416762006580
7134.2506790172470
7853.1223835192830
6672.7655917696360
7347.5769011628450
7822.8749748391750
7208.2972930951930
6906.5343391307160
7199.2525076328570
6798.5763815409210
7151.5265871696080
7184.3101875067570
8885.5847142129370
7882.6739942146290
8248.6793652936610
7344.3909869945440
7376.9925744323960
7576.9945495521790
6862.1416762006580
6929.9737906137130
8337.1588517576020
21529.0349592462840
6806.2021147667470
6399.1893438784460
6567.150717515790
7908.5371545284340
7415.8240930941940
6439.3806158055640
6260.06917260971750
7474.3488158818420
5948.8785312627640
5745.5568855088210
7031.1257028840070
6460.4605651875950
15081.9778869152580
9810.8194331514260
7473.961807038640
7538.3076933860880
6614.4575885731250
8575.7327142560950
6677.7228664241560
6820.30619985846350
7759.1392595532850
6728.3841502633390
7108.1874686921860
6285.4896405882750
7286.4773089623370
6245.3536844357310
6625.8448110870460
7105.2296203060250
7308.9565473123940
5760.07115306273950
5756.6587439243750
6611.3761441420930
11139.8587816816450
6311.9970430696320
7421.0491048497460
8705.3068723476430
7742.6565571235330
6490.7212408920250
7381.7307701687510
6484.2292603794830
7354.1051873076280
6782.5435004793330
5949.0471298820450
6501.198928942090
6540.909609764020
6440.7524955131590
5949.0471298820450
7051.2065165574710
6879.0114569793090
25283.678331539090
13723.8790965906010
6332.3019731705110
5849.8045427468640
5849.8045427468640
6184.6373639318750
7566.6827379376170
7410.9147454807170
5849.8045427468640
5849.8045427468640
6946.8601133661110
6326.6542726735750
5526.3786640839660
6500.4336166755610
5910.9298971179450
7596.1160428955740
17581.1920033497880
6879.234405141210
8159.78593321951850
22522.2263675037870
17116.139069959930
22465.178361968740
11751.834067691540
5391.6039212850280
6208.6704437805860
5795.5759951628640
4844.74099612163350
6234.3582878789050
6618.5655764653880
5439.4816491572660
6135.2044608203670
6245.98980465207750
6861.571183658150
5479.3061336023230
7391.824347042250
5052.3327105216010
5500.6899202018230
5664.0273035005880
6250.2669517511930
5292.2081435671390
5826.3190447728920
5748.7780738855110
5820.7287015385950
5337.3399564158710
6485.9101254221370
7099.924638573730
8324.9760457334360
6733.2770939529110
6248.0339621762050
5500.6899202018230
5590.8369131630930
5500.6899202018230
5651.0590284932360
6950.5540899670340
6129.3375185795430
6768.8547857582330
6297.6163765909780
5932.4859257226370
5402.0934306428070
7444.90289773492350
6225.388144085890
5500.6899202018230
5709.5698632509030
6160.5159610000530
5345.2085153180180
6858.4116359938010
5052.3327105216010
6092.42666240378550
6178.1982086982760
5866.5020317291160
6239.8613837063710
6538.3873353438820
5052.3327105216010
5500.6899202018230
5508.06039529370
5500.6899202018230
6366.0610324918320
5500.6899202018230
6143.3964031842020
7185.1702502117540
6636.2758503314550
7191.7015600919640
5052.3327105216010
5946.0716398393570
5456.0571622666690
7629.1946243350350
5052.3327105216010
6755.3887448237270
5684.1197799264130
7070.0955422878950
5357.9055037252370
6154.1714164667150
5985.6549217229280
6832.7034637233010
10087.2013653329360
7773.2450390980190
6426.798700831790
7002.5621576478380
7730.9305362662210
8983.7064451003730
7737.4457083165550
6598.00250826955650
6694.8104571873350
6387.7300085088510
8284.2568851629660
6105.6008102370650
7101.6025097751010
6044.1632014593220
5318.4482934878490
7340.887676531890
5052.3327105216010
6561.6309739573910
6670.2844633892360
5500.6899202018230
6292.6932549613740
6742.3050948923220
6245.7310986589010
6023.699702220960
5803.9905395861060
7384.7295905487520
7898.789886231240
5949.0471298820450
5949.0471298820450
6736.8155145783990
7910.9092159029040
7358.7833528064990
7006.25819992447850
7175.2886818973940
6724.0967889058370
5439.914365790780
6741.4544233143190
5896.8340537125890
6716.300313207430
5349.7321985623270
7198.11485354241450
6458.6013315489850
6356.2025732907020
5640.3846800298690
6113.608945854420
5601.5444494343460
7738.1196559718070
5814.9187660137250
6220.3622435902180
6447.4528129260690
6732.4769693573840
6331.1817518325940
7423.0376159663250
5663.8211434472040
5500.6899202018230
5475.0801253778660
5500.6899202018230
5531.5306576165680
6751.6613889467710
5886.877618895290
5946.8105463541840
5735.7259128267090
5927.5832953054040
5052.3327105216010
5965.0815979660630
6686.4296023762980
6139.5043509714230
5340.9369676805170
6890.5794804101830
5455.0860415991670
6186.9737090946120
5396.526373733250
5857.2751072458970
5753.72890027581250
5500.6899202018230
5763.6019843255930
6445.4973082472070
5795.83366869944350
7094.3237335319610
5742.3143974616680
5500.6899202018230
5732.6573351764540
7174.4760046537780
6526.7205056172590
6246.6561322401590
5905.2122237857430
6217.5691370264710
6147.0327942790650
5660.9046347343040
7426.339802777340
5052.3327105216010
7175.2488580184290
5792.6099822349730
6372.4374883558230
5052.3327105216010
6957.8031314984780
6853.9074789482750
5872.0926046826990
5546.2653808442780
6147.0626196825170
5587.9749078063480
5500.6899202018230
6862.0472827178730
7096.7706125630620
5411.4547723956310
5949.6355706760340
6790.6801362353190
6850.9070347377030
5656.6133339342240
5788.41947398909450
5052.3327105216010
6342.8389099695640
6538.0132835795490
6268.794451957550
5052.3327105216010
6146.2964049840450
6148.7360803924440
5964.9333263113440
5052.3327105216010
5778.8500384189580
5832.68836514640
6391.7649180841660
6136.7349513040680
6286.4988247373520
6104.7556834922710
5818.5520858929120
6404.2334018228520
6740.059043026430
6329.3962042967780
5905.9931702358640
5924.0454084172410
7335.6361368895270
5996.7926795514930
6518.6670669199140
6015.4604808195940
7252.6668923345030
5437.5128934990960
5745.137219528130
5796.8765960494810
6541.79504015065050
5979.7305573588080
6466.5106172115170
5052.3327105216010
5812.9312364510850
5618.6351146907920
6944.335237892490
5596.7897114902760
6991.4956010009990
5323.0040768264780
5895.9071824584940
6548.150169543560
6420.3172114357370
5052.3327105216010
6092.4639156242740
6096.4707769308140
6327.24310776470
5604.5484525930660
5761.9616988893510
5817.3136352868450
5842.0499578487180
5052.3327105216010
6659.131430577910
5905.73709507077550
6863.8434003034330
6445.42255451906750
5500.6899202018230
5052.3327105216010
5922.3757685114220
5440.8633374997370
5500.6899202018230
5052.3327105216010
7550.1441872119110
8207.5150206828080
6737.8611044902520
6898.3272717794180
6902.0284283714750
6668.1961652480320
6414.7626662540920
5326.4095963231340
5812.5284371810590
7341.9706462399010
6397.4043395622660
6397.4043395622660
7177.3307577429130
6397.4043395622660
7427.681480396880
6885.3102808822620
8147.5772337612040
7343.7440386631520
7347.9245339464490
7130.8175519663160
6682.3521400452260
6397.4043395622660
6762.2783202585380
7167.6189140905720
7308.442718639940
5985.14580703892350
5052.3327105216010
6908.9441704222210
7001.8078162545940
7217.7265860245820
7155.3646617945340
7080.292544104210
5949.0471298820450
7100.3930257854840
5949.0471298820450
6403.7195596767570
6703.5920583424270
6786.1925626640370
6341.4928761836870
7589.1711871305860
6626.82795358772550
7385.4309329185850
7022.5009302383790
5949.0471298820450
6586.6849839491360
6684.4966890141630
6437.9340642499990
7036.8290941960910
8671.3768732802750
6566.4539729169340
5052.3327105216010
7069.6608026337040
6124.7489286625060
5052.3327105216010
6636.16913106558150
7113.781244645310
5867.8711895020210
5197.0871872964850
3828.98594309667120
4587.6302253260150
3258.9038718007160
3733.9666859889030
4178.2567019991520
5496.9225691200830
5490.3690008030920
3258.9038718007160
3697.20372866676140
3258.9038718007160
3591.06221032990470
5080.5193604871070
3258.9038718007160
3700.0403730908870
4385.7271738641680
3258.9038718007160
3552.53225921211240
3739.1555574325820
4885.8929654916120
3629.8260347276680
4935.2642549117840
3995.34676692376070
4496.3928510415140
4233.0324304189740
4416.4399745420060
3688.559235247690
3658.9088627973570
4477.9289878642760
4632.2235857377450
4834.1626580012430
6056.1485383084440
3625.90864882061260
4425.1654356478610
3620.02022345706840
3862.2528274399250
3758.4867236472260
3258.9038718007160
4421.2656176433640
3694.3336426947640
4004.0720339788360
4725.2458513744540
3819.0080721586510
3258.9038718007160
3995.4201797495060
5389.923484717920
3258.9038718007160
3721.83571235874570
3258.9038718007160
3258.9038718007160
4250.4953080805270
4217.9879857675150
3747.21178043339930
4915.8471367081810
3258.9038718007160
4534.4735150747840
3765.01224582592480
3792.5305212571240
3702.3982025638320
6281.1352863464880
3258.9038718007160
4179.9192717032620
4591.0356089608460
4571.5055277121350
4205.2087570165270
3638.89157580751450
3258.9038718007160
3804.3343655749690
4569.2727355516190
4080.43244600071240
3258.9038718007160
3258.9038718007160
3803.21898359069560
4828.3776358183750
3897.0999709236950
4306.9893208202090
3856.75794698353640
3702.9239322389460
3777.86796003153130
3909.564714018370
4820.4754117296630
4913.4448024585730
4320.3991970025040
5410.35331363951350
4259.8468028888160
3666.2409327358580
4540.0589288963670
4225.3248549817530
4074.30980836383650
4564.8333030184210
3258.9038718007160
4843.1161949502620
4296.0147484074320
5797.0693636996570
4155.9852028596510
3615.8442441190640
3644.57155893848450
3258.9038718007160
4373.1403642691660
3525.94878438766230
3631.52152473397430
3606.2655661448450
3258.9038718007160
4484.6319445272510
3258.9038718007160
3613.1741477224820
5754.9766060354670
3679.6399964814840
5616.15986695325050
3562.4340402046220
3258.9038718007160
4618.9892748293710
4026.3705905876910
3258.9038718007160
5064.2067361122430
5817.1391517578250
3258.9038718007160
4178.0022370627460
5677.4720553897530
3760.3628095060230
3669.1252037283280
3738.62343880618940
5289.8471729345860
4882.0759109395040
3930.319510607340
4333.4081867085150
3753.8743145614150
4290.188730304540
4422.9325408617920
3699.28845062484420
3701.76653434604850
4320.7068355407990
3859.3648220858370
5079.63907644030950
5808.2708860954710
3684.41999936582530
3612.37255412904640
4890.8723021841110
4502.2262278103660
3975.06400388594970
3643.62262842725480
3817.7568298066160
4470.4426612581950
3750.30989550428240
4911.1827358132110
4049.3222561206840
3854.95387766800240
3791.46283965368870
4150.7419023872320
3868.03678582139540
3695.21738324204940
4094.0586458502320
4293.4642264211390
5452.2447902926060
4836.0951961516670
3771.3645833825410
3751.41208663666840
3908.55774641278370
4288.9426974458130
3258.9038718007160
3798.40956591713260
4008.50115982890750
4492.4234487895130
5200.5979208734520
3258.9038718007160
4263.2207795100880
3765.97722633309330
4326.1201549558790
4706.4699619031150
4431.7326006672910
3586.30741302296660
5405.8217558544120
3636.72187878613840
4233.8963775902850
3819.96403820873870
4362.16369995597050
3862.538330517780
3567.64946895910540
4629.8151583306330
4968.6269097931950
5257.993334077390
3688.43506954345230
4035.11886432725350
5374.8370091323320
3814.80066025401860
5640.3200703954630
4828.10502526693650
5741.5485549072280
4524.6755934354930
3872.80269489944340
3258.9038718007160
3657.45934605584670
3659.43377423951050
3664.21510510212970
6077.7786611561440
4209.073600216880
3632.6886793145850
3258.9038718007160
4060.9372830410160
3670.39818310584270
4704.7528436836670
4135.3295809469720
3749.14518998493580
4298.9055306280340
3798.8236080643790
3622.43615128156940
4328.88444672854350
5574.0253038271070
5744.9221140822290
3258.9038718007160
6540.6252402794850
4552.1728729948050
3774.14304459343070
3258.9038718007160
4858.4477833947240
4385.9989245890380
3258.9038718007160
3812.932773408680
3765.9506862190170
3258.9038718007160
3258.9038718007160
3885.546003052350
4783.7479362338110
3933.67835127100120
3585.7441383446860
4970.7045504349010
4498.1658738376290
5412.0275038436030
3258.9038718007160
4544.7621092976650
3690.11312065203630
3258.9038718007160
3775.2538879465050
3994.1354175037310
3723.4401714929120
3628.80592751365980
4010.75106183380
3258.9038718007160
3675.02699961777440
4502.2908411048640
3530.59728726866750
3727.19544794559940
4969.312554925790
5040.14783551819350
3844.11147111753370
4143.7565544929520
3258.9038718007160
3258.9038718007160
3725.8692251579440
3258.9038718007160
5037.5796638120950
3949.96799231921430
3918.49004457767930
3258.9038718007160
3958.07071558121470
4751.8843342560680
4817.77282746193850
3611.204829304250
4683.0783103071870
3637.2642395320220
4665.3330066135660
3759.78438825664940
4074.44316863941960
3620.67174639918450
3860.33957745273070
4242.2895876904630
4018.12657158741830
4082.3516452993860
4164.19480433665650
5896.7264219998980
4007.2315498444990
5175.9038790907880
4187.9577905261580
3258.9038718007160
3771.31439219948240
5750.9446878763290
3870.5987253156950
3258.9038718007160
4410.4678273655680
3776.54230232568030
4558.42895171737750
4683.3653329229530
4363.4007487137510
3766.44016954334260
5235.95940359748150
4596.8228942689410
4114.5470338639420
3921.7939641763640
3258.9038718007160
4852.81497851053250
4894.2969638940870
4867.8065374225650
3258.9038718007160
3915.26767388352440
4205.0179175716030
3258.9038718007160
5088.7228504836410
5187.3081368377360
3823.6256222398250
4854.23546843790
3258.9038718007160
3818.4890406236110
3765.97520448602750
4024.7323637217340
4751.806963389160
4858.9081641335290
4375.4405623188030
4157.217892113560
3721.48082250743070
3258.9038718007160
4235.0197314226560
4194.594564864710
4470.4098969104050
3791.92485429306040
4710.9512219550450
4449.7540501518640
4448.9816087252310
3258.9038718007160
6011.4434853090
3594.2474019096990
4806.1606180507650
3654.01686900684130
3734.2466760553640
3880.4941102010360
3258.9038718007160
4213.6385536401980
3637.0669312497440
4497.0998601616410
4336.1671106742920
5290.9845748185260
4420.23240916241050
3258.9038718007160
4215.2563822053330
5231.8198725284950
4160.4660213376150
5670.660509319860
3825.98737960340350
4271.4269298441690
4625.720819581340
4309.0750749091740
3798.546651816760
3938.979989928750
5414.9083841182170
4163.0028814135130
4327.49086155653550
3890.6772998660870
4098.267544610250
4232.6247686093290
3884.05695375729370
3258.9038718007160
3720.99673277646840
4966.01769231779050
3662.34086612406370
3556.67846000220330
3258.9038718007160
3833.78754792406740
4665.2705303597820
3641.7013835178450
5520.2110823916760
4536.6209991603460
4582.13167946770
3258.9038718007160
3258.9038718007160
3258.9038718007160
4731.2580546728220
4000.83100854553640
3949.1507255332560
3770.5940674407010
5041.370524080750
3668.08581154589550
3726.9238328193780
3856.54286701200540
3845.7023833152860
4148.9748552922660
4397.28302056070
4244.2022175580820
3258.9038718007160
4574.5864514692330
3258.9038718007160
4908.776814551110
3258.9038718007160
3258.9038718007160
4077.61921747415540
4092.1488941101790
4857.6420167018060
4323.3524814444960
4346.688613935040
4330.3686162216010
3258.9038718007160
4669.6360654696240
3727.3346981536570
4700.634925068950
4162.2154268810080
3566.14874036280250
4141.3755084066360
3706.58103161357580
4526.0318386654070
3258.9038718007160
4115.2358791058050
4403.7590913163370
4672.65343929074150
4068.4723846612690
4580.666248767840
3915.5316447886670
4457.9039026541780
4298.2898490573140
3501.31060362493050
4293.0157005073130
4899.2020635977530
4524.736751599340
3592.4043906417010
4072.2706766091140
3548.58323619588960
3810.98987534184060
3705.6078183135530
3258.9038718007160
3970.10169715669240
3703.03812385560470
3258.9038718007160
4259.5250346934890
4652.4920580369370
3651.2120414445990
4407.5831675845720
4411.554154534760
3727.2363835628720
3846.8909245257550
4094.04469950201340
4804.0412928846490
3258.9038718007160
5103.8149782759980
5438.9745014247440
3881.17312049109020
6035.7791625943780
3258.9038718007160
4744.1972220501360
5559.4689162926940
4330.3094348198310
5286.2577699746020
4669.4196611702190
4572.7856555481240
4255.3277362633280
3609.68621892401320
4481.50941912155850
3846.09220394743120
3258.9038718007160
3703.72976012059960
4070.9296902725950
4187.63710423870
3258.9038718007160
3258.9038718007160
4161.9175406863480
3258.9038718007160
3258.9038718007160
4684.75283457255050
4636.2689298753590
5009.94215184546650
4515.5921448422710
3258.9038718007160
3825.8359131070280
4127.4530482515430
4367.6381272134060
3758.0106524814370
4070.6244239231920
4650.4020425945650
4389.0970521544930
4473.2836117241880
4953.1526917733670
5125.5111402191630
3807.60500877151160
6033.44059331711650
3258.9038718007160
5237.3192509794130
4567.3925514627810
3731.04434520431370
4337.5661866167420
3258.9038718007160
3740.1586246697490
3258.9038718007160
3920.70912132954940
3758.45533272371860
3800.3287072577280
3258.9038718007160
3720.7889682567250
3893.19905373989150
3258.9038718007160
3819.5972188240720
3649.429162814690
4552.2980576287830
3258.9038718007160
3930.81525429732760
3258.9038718007160
3258.9038718007160
3778.11990142074460
3258.9038718007160
3258.9038718007160
3901.36753369219150
3703.30795281723570
5133.54131077165950
3823.76387135504640
3258.9038718007160
3925.7093382408020
3661.2317235207650
3258.9038718007160
3656.9130310448920
3940.11873241545570
5014.57826493530050
4456.0709596351290
3748.80720246090050
4594.5987953994720
3950.7529237745420
3258.9038718007160
3788.24501518519360
3258.9038718007160
3731.97013409800460
3258.9038718007160
4160.4178245720070
3258.9038718007160
4341.9238874499030
3854.2130687140310
4725.2631822304110
3258.9038718007160
4884.1423233092170
3884.78624181064560
4099.7249233972280
4698.17368593981250
3975.4488260472080
3584.8111195073310
4548.2156061291580
4379.8908862452980
3579.2960480443310
5771.3052527286610
3685.08812428893040
3677.8168970600620
6128.550890729970
4732.9594363927950
4300.1415127823560
4287.5238631362740
3598.4497459377490
4553.6543802515770
5513.5138093363310
3644.89857813196840
3710.75579130375130
3764.47009020412040
3741.77881475479850
3258.9038718007160
5246.5528879143560
4892.5983248784360
3258.9038718007160
4075.42474298670780
4197.03781172699750
4181.0406313334940
4683.3129525998340
3892.67148049396470
4174.4974546942030
3258.9038718007160
5156.9558900903840
4402.3889431580120
4355.0886846600420
3258.9038718007160
4134.52808071237450
3834.79489391601650
4229.9833029053650
3854.79676899297740
4479.48273354367850
4462.9935356257070
3774.5127688549670
5701.0510230741590
5866.0201021914830
3571.32772800324530
4408.9661032593310
4778.8154337626730
3995.7086798562510
4406.47029869657850
4052.3057689058990
3258.9038718007160
3630.8851009077360
3258.9038718007160
4033.2725661667430
3636.72590849763950
3258.9038718007160
5616.1616170802620
3895.5490994974180
3802.41019182438050
5189.6736540568460
3787.1781534492410
3258.9038718007160
3258.9038718007160
5620.665799954440
3607.8379021496130
3977.9185515767110
3760.71371533175120
3596.99059359690050
5810.3380885327770
5630.40220624213450
4049.1242845876350
4221.3694796369610
3258.9038718007160
3572.85993503171270
3919.93508387030350
5225.0180503929770
5024.9552704411370
3982.219146375690
3774.763297184140
4555.7026777429240
3804.5210095722310
3258.9038718007160
3258.9038718007160
3258.9038718007160
3731.1860580769140
3258.9038718007160
4309.3535506864740
3772.03633193824450
5777.8486182770580
4404.559126044080
3722.84932480326140
4244.4325698464380
4192.48640798182350
4101.4434815876230
5000.7514151366670
3902.41243943780550
4226.6519609523860
3258.9038718007160
3878.04636424596670
4107.9652825104350
4856.5708788752380
3258.9038718007160
3755.83217404806740
3940.0863264017320
3761.31681752520260
3258.9038718007160
3989.13099371920
4547.9132489330360
3686.011912468630
4800.8149755455710
3659.63321973478470
4900.8824395385510
3258.9038718007160
3620.24552970835340
4776.3863373187060
3964.02296969980130
3766.50125697706060
5199.7337826339960
4356.7440527590260
4706.6049466707190
4397.0401225078210
3530.22918242596550
3709.0201734247610
4334.6831378278060
4419.7107006976220
4972.2006189870080
3919.74562748869130
3258.9038718007160
4093.65177210273530
5569.3321284414050
6039.1014453434110
4429.3749284317820
3910.92904022068840
5253.0575504766550
4452.2391236242680
3728.25421386362860
5518.6737555878510
3677.7802542234290
5825.3600599906570
4110.2339126497950
5674.4742979431060
4503.2592424837330
3258.9038718007160
3258.9038718007160
5024.381823881790
4123.4640034899530
3686.00321565272770
4173.57961773375250
4919.636006274680
3602.49600926068250
4238.979965731330
3767.1503152632010
3775.45635465708260
4843.3418381350550
4149.9577371368190
3683.299375312280
3258.9038718007160
4373.7128055745040
4132.0420678109190
3630.0521019672810
5102.9376709172740
3880.94336547218650
4279.0453776195750
3871.12252958805630
5190.0321699830080
5363.6656246418740
3528.2613386104560
4226.6683529247810
4471.7060351898790
3258.9038718007160
4759.1958561438620
4964.2482307826290
3640.5261638998390
4902.0159398684290
5548.3248837209380
3258.9038718007160
5009.5592630625960
4076.8899358411740
4539.1216024828680
4303.9633916250230
4716.4644453774260
4478.4577751038520
4892.1061596604570
3258.9038718007160
4656.12056458005550
3682.82422600100060
3494.5291361998040
5750.8116511296410
4113.4833655877970
4120.2067990003770
3701.62668300115870
4321.0568319443090
4178.7349625600190
4836.1029142104260
3779.1134223647220
3609.36434414388940
3758.78610782369470
4369.08445899513750
3258.9038718007160
5036.0743005702320
3910.29429320755340
4689.7307417240590
5098.9231133422540
5247.1684642776380
4105.8966610393220
4129.9690347161430
3874.60152526077450
3857.32273868933770
4134.17220364189050
3258.9038718007160
4262.5597343321880
4678.9793106758330
3782.26585845555750
3662.2489374535440
3617.92981387465850
3258.9038718007160
4888.017282280140
4007.0661851437750
6220.1459575743570
4518.4476212688630
3610.8733475373010
4856.8958859242240
4700.6873090254610
4185.6043679189170
4040.115004563630
3755.30862448896050
4118.01065817746350
3665.5928075871880
4345.2273512613850
3258.9038718007160
4552.1544555854790
4468.0990979328680
4515.92496228264550
3773.0587801374850
3770.87852673647470
4024.9722571346350
4095.90683087465140
4072.12791314331250
3798.4414195829060
3969.00768911678730
3258.9038718007160
3824.092315043530
3258.9038718007160
3620.6424504860560
3258.9038718007160
4470.6977534927140
4187.78151530370450
4850.7473289858660
5959.8662916320640
3565.8934496950150
4964.3422011056510
3258.9038718007160
3672.38197363460130
5155.3538555468210
4836.891196038120
3573.59369174253970
4042.43211107967640
3804.7954455225240
4159.19930746603950
3258.9038718007160
4825.0926639186790
3258.9038718007160
3510.7801933603690
5204.1783581687430
5480.4842325078360
4438.84361950650
4122.8371863105240
3900.571369717910
4337.7310598153250
3723.9958390299640
4060.89335336468960
4604.8500058510740
3770.5285073383290
4247.5916599039450
3614.29481269446070
4586.2655826147160
5787.9851351479330
3675.4374582695540
3678.9476773905880
3748.82900269731640
3258.9038718007160
3258.9038718007160
4824.9806175746870
4486.5511497433710
3692.59434053045830
4984.0117833276760
3684.4667915620130
3646.79357828992530
3258.9038718007160
3258.9038718007160
4167.1498062134240
3784.6394984223710
3697.83188444626650
4538.1184697691620
3258.9038718007160
3599.36031378715460
4461.7471019065810
4368.6064404904470
5002.6966818736310
3761.88324408143760
4518.2878387557610
5923.5953259077010
4558.6714818744440
3912.28498445582040
4708.010788685560
4795.7415180279970
5072.2617527712750
3813.5656254442860
3531.2062637066120
3814.10346555061050
4871.5824665978760
4720.7781581801940
3258.9038718007160
4675.2194895413970
3794.52210263000550
4455.364736510540
4871.2422636867090
3258.9038718007160
4073.90615557762340
3839.19528761879430
3258.9038718007160
5066.6073377264520
3740.63917720588230
3938.23187892500440
3789.8422706846150
3958.92430384925640
3546.99824115799170
3704.9637187326760
4142.6011325067740
4538.8554397348670
4736.3579835899890
5065.0096182589130
3591.5615122725590
4267.6694761265090
3643.571678175040
3258.9038718007160
3258.9038718007160
3756.23690344127360
4184.5937360684450
3258.9038718007160
4706.6898153583870
4305.4281182728770
4890.4618329446210
3596.5770286913340
4707.3125651787240
4007.40247224097450
4835.9317675507590
3258.9038718007160
3676.93303648599660
3720.32942074962150
3718.2818646791650
5726.2878251454540
4715.4818925764190
4806.6925720945380
4368.6611316049180
3258.9038718007160
4355.434711633530
4615.9341471561080
4070.17855984553350
3258.9038718007160
4357.7245448853150
4583.1702268110270
5500.1733802464650
4456.2448386601230
4661.9945495097160
3258.9038718007160
5484.83823047453550
4382.4941314475820
4894.9930508617420
4261.6334801768230
4313.4735487293760
3922.71860504895450
3697.7574987177750
5435.2089886191290
4789.5401132025030
4304.040108077770
3793.10659885196040
3258.9038718007160
4041.17205191880930
4886.2630469529950
3724.13437326201940
3848.8692552445870
4314.4426348158280
3827.9066774441510
4450.0485543828940
3853.02827733601630
4081.92425927705930
3608.15417592016730
3647.00457114800970
3960.3895480381310
5030.0501549206440
3978.38309550877560
3258.9038718007160
3258.9038718007160
3258.9038718007160
3548.1471327075910
4920.045190072780
3492.8420975291750
5168.5862026964180
4189.2659003529730
3610.63960943844860
3809.90697958607870
6242.8454272823620
4288.7469756214360
3258.9038718007160
4411.5090732465740
4105.2309780998050
5137.51621933674050
3258.9038718007160
4794.0968399437750
3964.5441447654160
3258.9038718007160
4260.0845300930140
3701.607823242490
3637.49110134651660
4637.9184527259260
3885.7715510848350
3697.3022376070210
4722.87509428863450
4047.52675424310
3258.9038718007160
3731.80542773779460
3258.9038718007160
3725.90287092021440
3571.85099243305470
5078.4567475109460
3845.05937469813850
3258.9038718007160
4389.1470087989620
3258.9038718007160
3877.36564037562180
4163.4451889254930
3977.3151178709730
3789.9125592493080
4380.19038053618350
3921.64855684788840
5633.5986986790180
3258.9038718007160
3787.5209479636910
4020.74747758603870
4047.22747287544330
4691.118717718940
3258.9038718007160
3748.9912737313110
4383.272922249340
4628.4676467250740
3594.22530304086060
3712.3385510617850
4415.2838006781560
4357.7336127808810
3820.88569512968070
3258.9038718007160
4356.2333233585140
4225.7090017742270
4314.48834397476550
4739.5578318961260
3635.98847865655440
3961.00658259811460
3692.24111112644640
4138.7905994123940
4370.2492837723740
4599.2124933395710
4361.2458944996610
5203.29643383760
5459.5743388510460
3605.7266562371310
3672.94980682681530
4180.9011557164580
4791.7523162459060
3890.1623942833630
5042.8127464416990
5069.2434454815870
4066.79785271477430
4794.7750868674620
3258.9038718007160
3868.17109201641640
5248.7013700959840
3986.16472847886550
3586.5987861503440
3258.9038718007160
5411.0224237256470
3598.01152831394170
4500.7589649429790
3779.4272345059830
3258.9038718007160
5013.64170103163450
4510.93094527589350
3258.9038718007160
3973.0967608407410
4760.3427865103170
3654.67943133315430
3258.9038718007160
3627.22692830580630
4267.8572429198570
4472.6420904633920
4238.2654465306370
3761.7209197117480
3258.9038718007160
4444.57428060963050
3999.00049290092560
3942.72214557604230
4371.7117679631750
3909.3085215569010
3793.09273349688970
3602.559268059780
4284.5050324948790
3616.36346655338780
3573.3451447823630
3792.4684827384830
4370.0457076654250
3790.01774326133270
4852.6601539182380
3258.9038718007160
3713.8288762044180
4255.9866703574120
4046.00156327486270
3889.50029122785550
4425.6629913106390
6185.1761843379320
4112.3542347427310
3724.71799220824140
4100.1421905942390
4333.68361266730150
3963.4138870133070
3952.60208671899270
4319.7063769970470
5046.2300686071660
4452.474656997470
3534.72578383077230
4429.3513083091560
3846.89525461012040
4023.09072218065150
5100.2945784810210
4174.9763865518420
5284.6320856266720
4171.3754390256580
3718.85598217214460
3258.9038718007160
3644.17845311883370
3613.3393971981590
3578.59804701200440
3536.24577720759040
3633.3204405033680
3654.50338995062750
3970.0703294692250
3740.89977395933650
3258.9038718007160
3526.6860364440470
4378.963904196710
3818.74208936298150
6615.7369024223120
4386.561882243530
4052.20872368253870
3258.9038718007160
4465.37624726400550
5621.8167262321710
3661.03608436983680
3672.6704500726520
4385.9103331079770
4929.20788416066350
4683.806716360230
3258.9038718007160
5727.54957113253750
4999.6755185109930
4084.0401684288120
5147.7161393881290
3723.37870779276730
4876.1683980373870
3593.50555390344560
4679.2443852357160
4175.220917065910
4173.5151114776150
4554.6778509862210
4672.4983097183150
4756.9948981286840
3258.9038718007160
3857.63490012959160
4994.8194673065830
3914.83846832173050
3710.8828628052040
4253.5444992553490
3842.90330852855370
4148.1202553519110
4306.1375439565320
4631.5358813959870
4354.64541737296350
3258.9038718007160
4045.2847486829940
3639.76628543704150
3698.91678237989940
4898.11084011617550
3865.70671951141550
4188.6507169109140
4878.6489341980190
3258.9038718007160
4665.1793661025320
4428.99265859621850
3636.26683796652240
3258.9038718007160
4778.9156109965310
5238.8190641277130
4123.3698243306750
3633.58397902782830
5006.0819488922770
3879.9623102326820
5291.3376395414370
3968.5041785806280
3876.4763960164820
3258.9038718007160
3628.57003199240530
3732.26065342091760
3258.9038718007160
3712.0812965915620
3945.7248783091610
3731.60541595415540
4264.059971210290
3798.0359384999760
4283.107576153440
3258.9038718007160
3258.9038718007160
4551.58562420309950
3769.6451028055850
5350.9967876313030
4055.02023111899870
5297.8471544836070
6776.3339692879330
4056.44774890148530
4442.5116925611260
3258.9038718007160
4745.7667362008050
4126.7794051696170
3258.9038718007160
3998.96486432175560
4473.6119384937250
3258.9038718007160
4130.8982337154990
3674.71886620982830
3745.1375891639450
3258.9038718007160
4397.9076165898370
3258.9038718007160
3258.9038718007160
4017.7698955584270
4036.53750258189530
4139.3450630079970
